<?xml version="1.0"?><coverage lines-covered="4212" lines-valid="5652" line-rate="0.7452229299363057" branches-covered="0" branches-valid="0" branch-rate="0" complexity="0" version="1.9" timestamp="1778173446"><sources><source>/home/marielle/projects/proxide</source></sources><packages><package name="crates/proxide_rs/target/debug/build/typenum-e5fac465d7cdd662/out" line-rate="0" branch-rate="0" complexity="0"><classes></classes></package><package name="crates/proxide_py/src/bindings" line-rate="0" branch-rate="0" complexity="0"><classes><class name="conversion" filename="crates/proxide_py/src/bindings/conversion.rs" line-rate="0" branch-rate="0" complexity="0"><methods/><lines><line number="16" hits="0"/><line number="17" hits="0"/><line number="19" hits="0"/><line number="20" hits="0"/><line number="21" hits="0"/><line number="22" hits="0"/><line number="23" hits="0"/><line number="27" hits="0"/><line number="28" hits="0"/><line number="29" hits="0"/><line number="31" hits="0"/><line number="32" hits="0"/><line number="33" hits="0"/><line number="34" hits="0"/><line number="35" hits="0"/><line number="36" hits="0"/><line number="37" hits="0"/><line number="38" hits="0"/><line number="39" hits="0"/><line number="40" hits="0"/><line number="41" hits="0"/><line number="43" hits="0"/><line number="44" hits="0"/><line number="46" hits="0"/><line number="47" hits="0"/><line number="50" hits="0"/><line number="55" hits="0"/><line number="56" hits="0"/><line number="57" hits="0"/><line number="59" hits="0"/><line number="61" hits="0"/><line number="62" hits="0"/><line number="63" hits="0"/><line number="65" hits="0"/><line number="67" hits="0"/><line number="69" hits="0"/><line number="72" hits="0"/><line number="73" hits="0"/><line number="75" hits="0"/><line number="76" hits="0"/><line number="79" hits="0"/><line number="84" hits="0"/><line number="85" hits="0"/><line number="86" hits="0"/><line number="88" hits="0"/><line number="90" hits="0"/><line number="91" hits="0"/><line number="92" hits="0"/><line number="94" hits="0"/><line number="96" hits="0"/><line number="98" hits="0"/><line number="100" hits="0"/><line number="105" hits="0"/><line number="106" hits="0"/><line number="107" hits="0"/><line number="109" hits="0"/><line number="111" hits="0"/><line number="112" hits="0"/><line number="113" hits="0"/><line number="115" hits="0"/><line number="117" hits="0"/><line number="119" hits="0"/><line number="121" hits="0"/><line number="126" hits="0"/><line number="127" hits="0"/><line number="128" hits="0"/><line number="130" hits="0"/><line number="132" hits="0"/><line number="133" hits="0"/><line number="134" hits="0"/><line number="136" hits="0"/><line number="138" hits="0"/><line number="140" hits="0"/><line number="142" hits="0"/><line number="147" hits="0"/><line number="148" hits="0"/><line number="149" hits="0"/><line number="151" hits="0"/><line number="153" hits="0"/><line number="154" hits="0"/><line number="155" hits="0"/><line number="157" hits="0"/><line number="159" hits="0"/><line number="161" hits="0"/><line number="163" hits="0"/><line number="164" hits="0"/><line number="165" hits="0"/><line number="166" hits="0"/></lines></class></classes></package><package name="crates/proxide-units/src" line-rate="1" branch-rate="0" complexity="0"><classes><class name="registry" filename="crates/proxide-units/src/registry.rs" line-rate="1" branch-rate="0" complexity="0"><methods/><lines><line number="24" hits="2"/><line number="35" hits="1"/><line number="41" hits="1"/><line number="42" hits="1"/><line number="60" hits="3"/><line number="61" hits="3"/><line number="62" hits="1"/><line number="63" hits="1"/><line number="64" hits="1"/></lines></class></classes></package><package name="crates/proxide_rs/target/debug/build/hdf5-metno-sys-7bcbc9c6f7f37e03/out" line-rate="0" branch-rate="0" complexity="0"><classes></classes></package><package name="crates/proxide-core/src/forcefield" line-rate="0.8052256532066508" branch-rate="0" complexity="0"><classes><class name="topology" filename="crates/proxide-core/src/forcefield/topology.rs" line-rate="0.7093023255813954" branch-rate="0" complexity="0"><methods/><lines><line number="18" hits="6"/><line number="20" hits="7"/><line number="37" hits="4"/><line number="39" hits="5"/><line number="58" hits="3"/><line number="60" hits="3"/><line number="79" hits="1"/><line number="81" hits="1"/><line number="82" hits="1"/><line number="84" hits="1"/><line number="86" hits="1"/><line number="87" hits="1"/><line number="106" hits="4"/><line number="108" hits="4"/><line number="109" hits="9"/><line number="110" hits="10"/><line number="111" hits="5"/><line number="115" hits="4"/><line number="118" hits="4"/><line number="121" hits="3"/><line number="133" hits="1"/><line number="134" hits="1"/><line number="136" hits="2"/><line number="137" hits="4"/><line number="140" hits="2"/><line number="141" hits="2"/><line number="142" hits="2"/><line number="143" hits="1"/><line number="146" hits="1"/><line number="147" hits="0"/><line number="150" hits="1"/><line number="154" hits="0"/><line number="155" hits="0"/><line number="156" hits="0"/><line number="158" hits="0"/><line number="159" hits="0"/><line number="160" hits="0"/><line number="162" hits="0"/><line number="163" hits="0"/><line number="165" hits="0"/><line number="168" hits="0"/><line number="172" hits="4"/><line number="173" hits="4"/><line number="176" hits="9"/><line number="177" hits="10"/><line number="182" hits="5"/><line number="183" hits="5"/><line number="184" hits="5"/><line number="189" hits="4"/><line number="193" hits="4"/><line number="194" hits="4"/><line number="197" hits="8"/><line number="198" hits="10"/><line number="199" hits="5"/><line number="203" hits="5"/><line number="206" hits="10"/><line number="207" hits="5"/><line number="212" hits="5"/><line number="213" hits="5"/><line number="217" hits="3"/><line number="223" hits="3"/><line number="227" hits="3"/><line number="231" hits="4"/><line number="234" hits="8"/><line number="235" hits="8"/><line number="240" hits="3"/><line number="241" hits="1"/><line number="242" hits="1"/><line number="244" hits="2"/><line number="245" hits="1"/><line number="246" hits="1"/><line number="251" hits="3"/><line number="254" hits="0"/><line number="263" hits="0"/><line number="264" hits="0"/><line number="267" hits="0"/><line number="268" hits="0"/><line number="269" hits="0"/><line number="272" hits="0"/><line number="273" hits="0"/><line number="276" hits="0"/><line number="277" hits="0"/><line number="278" hits="0"/><line number="279" hits="0"/><line number="281" hits="0"/><line number="285" hits="0"/></lines></class><class name="types" filename="crates/proxide-core/src/forcefield/types.rs" line-rate="1" branch-rate="0" complexity="0"><methods/><lines><line number="242" hits="10"/><line number="245" hits="5"/><line number="246" hits="11"/><line number="247" hits="11"/><line number="248" hits="12"/><line number="249" hits="16"/><line number="250" hits="10"/><line number="251" hits="17"/><line number="252" hits="18"/><line number="253" hits="18"/><line number="257" hits="19"/><line number="258" hits="20"/><line number="263" hits="6"/><line number="264" hits="18"/><line number="266" hits="6"/><line number="267" hits="6"/><line number="268" hits="10"/><line number="269" hits="6"/><line number="271" hits="18"/><line number="273" hits="6"/><line number="274" hits="6"/><line number="275" hits="16"/><line number="276" hits="6"/><line number="280" hits="2"/><line number="281" hits="1"/><line number="282" hits="2"/><line number="283" hits="5"/><line number="287" hits="3"/><line number="288" hits="1"/></lines></class><class name="xml_parser" filename="crates/proxide-core/src/forcefield/xml_parser.rs" line-rate="0.8137254901960784" branch-rate="0" complexity="0"><methods/><lines><line number="39" hits="2"/><line number="40" hits="2"/><line number="41" hits="4"/><line number="42" hits="4"/><line number="46" hits="6"/><line number="50" hits="2"/><line number="54" hits="4"/><line number="58" hits="5"/><line number="59" hits="5"/><line number="61" hits="6"/><line number="62" hits="25"/><line number="65" hits="39"/><line number="66" hits="53"/><line number="67" hits="8"/><line number="68" hits="14"/><line number="69" hits="8"/><line number="70" hits="15"/><line number="71" hits="8"/><line number="72" hits="15"/><line number="73" hits="5"/><line number="74" hits="14"/><line number="76" hits="0"/><line number="77" hits="0"/><line number="81" hits="0"/><line number="82" hits="0"/><line number="85" hits="0"/><line number="87" hits="0"/><line number="88" hits="0"/><line number="89" hits="0"/><line number="91" hits="17"/><line number="94" hits="4"/><line number="95" hits="5"/><line number="99" hits="3"/><line number="100" hits="6"/><line number="101" hits="6"/><line number="102" hits="3"/><line number="105" hits="1"/><line number="106" hits="1"/><line number="111" hits="2"/><line number="112" hits="4"/><line number="113" hits="5"/><line number="114" hits="2"/><line number="117" hits="2"/><line number="121" hits="7"/><line number="122" hits="7"/><line number="123" hits="9"/><line number="124" hits="8"/><line number="125" hits="0"/><line number="127" hits="2"/><line number="128" hits="2"/><line number="134" hits="3"/><line number="135" hits="3"/><line number="136" hits="6"/><line number="137" hits="3"/><line number="141" hits="2"/><line number="142" hits="6"/><line number="146" hits="1"/><line number="147" hits="1"/><line number="148" hits="2"/><line number="149" hits="1"/><line number="153" hits="4"/><line number="157" hits="4"/><line number="160" hits="12"/><line number="161" hits="8"/><line number="163" hits="4"/><line number="164" hits="4"/><line number="166" hits="6"/><line number="167" hits="6"/><line number="168" hits="3"/><line number="170" hits="3"/><line number="172" hits="6"/><line number="173" hits="0"/><line number="174" hits="0"/><line number="175" hits="0"/><line number="177" hits="6"/><line number="180" hits="3"/><line number="184" hits="1"/><line number="188" hits="1"/><line number="191" hits="3"/><line number="192" hits="2"/><line number="193" hits="1"/><line number="194" hits="1"/><line number="196" hits="2"/><line number="197" hits="0"/><line number="198" hits="0"/><line number="199" hits="0"/><line number="201" hits="2"/><line number="204" hits="1"/><line number="208" hits="1"/><line number="212" hits="1"/><line number="213" hits="2"/><line number="215" hits="1"/><line number="216" hits="1"/><line number="217" hits="1"/><line number="219" hits="2"/><line number="222" hits="3"/><line number="223" hits="6"/><line number="225" hits="1"/><line number="226" hits="1"/><line number="227" hits="2"/><line number="228" hits="1"/><line number="233" hits="1"/><line number="234" hits="1"/><line number="236" hits="3"/><line number="237" hits="2"/><line number="240" hits="2"/><line number="241" hits="2"/><line number="244" hits="2"/><line number="245" hits="3"/><line number="246" hits="0"/><line number="247" hits="0"/><line number="248" hits="0"/><line number="252" hits="0"/><line number="255" hits="2"/><line number="256" hits="3"/><line number="257" hits="0"/><line number="258" hits="0"/><line number="259" hits="0"/><line number="263" hits="0"/><line number="266" hits="1"/><line number="271" hits="2"/><line number="272" hits="2"/><line number="275" hits="2"/><line number="278" hits="2"/><line number="279" hits="3"/><line number="280" hits="0"/><line number="281" hits="0"/><line number="282" hits="0"/><line number="286" hits="0"/><line number="289" hits="1"/><line number="292" hits="0"/><line number="294" hits="2"/><line number="295" hits="0"/><line number="296" hits="0"/><line number="297" hits="0"/><line number="299" hits="2"/><line number="302" hits="1"/><line number="303" hits="1"/><line number="304" hits="1"/><line number="305" hits="1"/><line number="306" hits="1"/><line number="307" hits="0"/><line number="312" hits="4"/><line number="316" hits="4"/><line number="319" hits="12"/><line number="320" hits="8"/><line number="321" hits="7"/><line number="322" hits="4"/><line number="323" hits="7"/><line number="324" hits="6"/><line number="325" hits="6"/><line number="328" hits="4"/><line number="329" hits="0"/><line number="330" hits="0"/><line number="331" hits="0"/><line number="333" hits="6"/><line number="336" hits="2"/><line number="340" hits="2"/><line number="344" hits="3"/><line number="347" hits="8"/><line number="348" hits="4"/><line number="349" hits="4"/><line number="350" hits="2"/><line number="351" hits="4"/><line number="352" hits="4"/><line number="353" hits="4"/><line number="354" hits="4"/><line number="357" hits="6"/><line number="358" hits="0"/><line number="359" hits="0"/><line number="360" hits="0"/><line number="362" hits="5"/><line number="365" hits="3"/><line number="369" hits="4"/><line number="373" hits="4"/><line number="376" hits="12"/><line number="377" hits="18"/><line number="379" hits="4"/><line number="380" hits="8"/><line number="381" hits="4"/><line number="382" hits="4"/><line number="383" hits="4"/><line number="384" hits="4"/><line number="385" hits="4"/><line number="389" hits="2"/><line number="390" hits="5"/><line number="391" hits="3"/><line number="392" hits="3"/><line number="393" hits="3"/><line number="394" hits="3"/><line number="395" hits="3"/><line number="398" hits="0"/><line number="400" hits="6"/><line number="401" hits="0"/><line number="402" hits="0"/><line number="403" hits="0"/><line number="405" hits="8"/><line number="408" hits="3"/><line number="412" hits="2"/><line number="415" hits="4"/><line number="416" hits="4"/><line number="418" hits="6"/><line number="419" hits="4"/><line number="421" hits="6"/><line number="422" hits="4"/><line number="424" hits="6"/><line number="425" hits="4"/><line number="428" hits="2"/><line number="431" hits="2"/><line number="432" hits="2"/><line number="433" hits="2"/><line number="434" hits="2"/><line number="436" hits="0"/><line number="437" hits="0"/><line number="444" hits="4"/><line number="445" hits="4"/><line number="446" hits="4"/><line number="447" hits="4"/><line number="449" hits="4"/><line number="450" hits="4"/><line number="451" hits="2"/><line number="452" hits="2"/><line number="454" hits="2"/><line number="455" hits="2"/><line number="462" hits="2"/><line number="469" hits="2"/><line number="474" hits="2"/><line number="475" hits="2"/><line number="477" hits="2"/><line number="480" hits="6"/><line number="481" hits="4"/><line number="483" hits="4"/><line number="484" hits="4"/><line number="485" hits="2"/><line number="488" hits="4"/><line number="490" hits="4"/><line number="491" hits="2"/><line number="492" hits="0"/><line number="493" hits="4"/><line number="494" hits="4"/><line number="497" hits="4"/><line number="498" hits="2"/><line number="499" hits="1"/><line number="500" hits="2"/><line number="501" hits="2"/><line number="502" hits="2"/><line number="503" hits="2"/><line number="506" hits="4"/><line number="507" hits="0"/><line number="508" hits="0"/><line number="509" hits="0"/><line number="511" hits="4"/><line number="514" hits="2"/><line number="518" hits="1"/><line number="522" hits="1"/><line number="525" hits="3"/><line number="526" hits="2"/><line number="527" hits="2"/><line number="528" hits="1"/><line number="529" hits="2"/><line number="530" hits="2"/><line number="533" hits="2"/><line number="534" hits="0"/><line number="535" hits="0"/><line number="536" hits="0"/><line number="538" hits="2"/><line number="541" hits="1"/><line number="545" hits="1"/><line number="549" hits="1"/><line number="550" hits="1"/><line number="551" hits="1"/><line number="554" hits="3"/><line number="555" hits="2"/><line number="557" hits="1"/><line number="558" hits="1"/><line number="560" hits="2"/><line number="561" hits="1"/><line number="562" hits="1"/><line number="563" hits="2"/><line number="564" hits="2"/><line number="565" hits="2"/><line number="566" hits="2"/><line number="567" hits="2"/><line number="570" hits="2"/><line number="571" hits="0"/><line number="572" hits="0"/><line number="573" hits="0"/><line number="575" hits="2"/><line number="578" hits="3"/><line number="579" hits="1"/><line number="582" hits="1"/><line number="586" hits="1"/><line number="587" hits="1"/><line number="588" hits="2"/><line number="591" hits="3"/><line number="592" hits="1"/><line number="593" hits="2"/><line number="595" hits="2"/><line number="596" hits="0"/><line number="597" hits="0"/><line number="598" hits="0"/><line number="600" hits="2"/><line number="604" hits="1"/><line number="606" hits="3"/><line number="610" hits="2"/><line number="612" hits="1"/></lines></class></classes></package><package name="crates/proxide-gaff/src" line-rate="0.7668097281831188" branch-rate="0" complexity="0"><classes><class name="exclusions" filename="crates/proxide-gaff/src/exclusions.rs" line-rate="0.5517241379310345" branch-rate="0" complexity="0"><methods/><lines><line number="24" hits="1"/><line number="25" hits="1"/><line number="26" hits="1"/><line number="27" hits="1"/><line number="30" hits="2"/><line number="31" hits="1"/><line number="32" hits="1"/><line number="34" hits="0"/><line number="36" hits="1"/><line number="40" hits="1"/><line number="41" hits="1"/><line number="42" hits="1"/><line number="44" hits="0"/><line number="46" hits="1"/><line number="50" hits="1"/><line number="51" hits="0"/><line number="52" hits="0"/><line number="54" hits="0"/><line number="56" hits="0"/><line number="67" hits="1"/><line number="68" hits="1"/><line number="69" hits="1"/><line number="73" hits="0"/><line number="74" hits="0"/><line number="75" hits="0"/><line number="79" hits="0"/><line number="80" hits="0"/><line number="81" hits="0"/><line number="82" hits="0"/></lines></class><class name="gaff" filename="crates/proxide-gaff/src/gaff.rs" line-rate="0.7461928934010152" branch-rate="0" complexity="0"><methods/><lines><line number="38" hits="0"/><line number="39" hits="0"/><line number="45" hits="2"/><line number="46" hits="2"/><line number="49" hits="2"/><line number="50" hits="4"/><line number="51" hits="2"/><line number="52" hits="2"/><line number="53" hits="2"/><line number="54" hits="2"/><line number="60" hits="2"/><line number="61" hits="2"/><line number="62" hits="2"/><line number="63" hits="2"/><line number="64" hits="2"/><line number="65" hits="2"/><line number="71" hits="2"/><line number="72" hits="2"/><line number="73" hits="2"/><line number="74" hits="2"/><line number="75" hits="2"/><line number="76" hits="2"/><line number="82" hits="2"/><line number="83" hits="2"/><line number="84" hits="2"/><line number="85" hits="2"/><line number="86" hits="2"/><line number="87" hits="2"/><line number="93" hits="2"/><line number="94" hits="2"/><line number="95" hits="2"/><line number="96" hits="2"/><line number="97" hits="2"/><line number="98" hits="2"/><line number="106" hits="2"/><line number="107" hits="2"/><line number="108" hits="2"/><line number="109" hits="2"/><line number="110" hits="2"/><line number="111" hits="2"/><line number="117" hits="2"/><line number="118" hits="2"/><line number="119" hits="2"/><line number="120" hits="2"/><line number="121" hits="2"/><line number="122" hits="2"/><line number="128" hits="2"/><line number="129" hits="2"/><line number="130" hits="2"/><line number="131" hits="2"/><line number="132" hits="2"/><line number="133" hits="2"/><line number="141" hits="2"/><line number="142" hits="2"/><line number="143" hits="2"/><line number="144" hits="2"/><line number="145" hits="2"/><line number="146" hits="2"/><line number="152" hits="2"/><line number="153" hits="2"/><line number="154" hits="2"/><line number="155" hits="2"/><line number="156" hits="2"/><line number="157" hits="2"/><line number="163" hits="2"/><line number="164" hits="2"/><line number="165" hits="2"/><line number="166" hits="2"/><line number="167" hits="2"/><line number="168" hits="2"/><line number="176" hits="2"/><line number="177" hits="2"/><line number="178" hits="2"/><line number="179" hits="2"/><line number="180" hits="2"/><line number="181" hits="2"/><line number="187" hits="2"/><line number="188" hits="2"/><line number="189" hits="2"/><line number="190" hits="2"/><line number="191" hits="2"/><line number="192" hits="2"/><line number="198" hits="2"/><line number="199" hits="2"/><line number="200" hits="2"/><line number="201" hits="2"/><line number="202" hits="2"/><line number="203" hits="2"/><line number="209" hits="2"/><line number="210" hits="2"/><line number="211" hits="2"/><line number="212" hits="2"/><line number="213" hits="2"/><line number="214" hits="2"/><line number="220" hits="2"/><line number="221" hits="2"/><line number="222" hits="2"/><line number="223" hits="2"/><line number="224" hits="2"/><line number="225" hits="2"/><line number="233" hits="2"/><line number="234" hits="2"/><line number="235" hits="2"/><line number="236" hits="2"/><line number="237" hits="2"/><line number="238" hits="2"/><line number="244" hits="2"/><line number="245" hits="2"/><line number="246" hits="2"/><line number="247" hits="2"/><line number="248" hits="2"/><line number="249" hits="2"/><line number="257" hits="1"/><line number="258" hits="2"/><line number="259" hits="1"/><line number="260" hits="2"/><line number="261" hits="2"/><line number="262" hits="2"/><line number="268" hits="1"/><line number="269" hits="1"/><line number="270" hits="1"/><line number="271" hits="1"/><line number="272" hits="1"/><line number="273" hits="1"/><line number="279" hits="1"/><line number="280" hits="1"/><line number="281" hits="1"/><line number="282" hits="1"/><line number="283" hits="1"/><line number="284" hits="1"/><line number="292" hits="1"/><line number="293" hits="1"/><line number="294" hits="1"/><line number="295" hits="1"/><line number="296" hits="1"/><line number="297" hits="1"/><line number="306" hits="2"/><line number="307" hits="2"/><line number="312" hits="1"/><line number="318" hits="1"/><line number="320" hits="2"/><line number="321" hits="1"/><line number="322" hits="2"/><line number="323" hits="2"/><line number="325" hits="1"/><line number="326" hits="0"/><line number="327" hits="0"/><line number="328" hits="2"/><line number="329" hits="0"/><line number="333" hits="2"/><line number="334" hits="1"/><line number="335" hits="0"/><line number="336" hits="2"/><line number="337" hits="0"/><line number="340" hits="0"/><line number="341" hits="0"/><line number="342" hits="0"/><line number="343" hits="0"/><line number="344" hits="0"/><line number="347" hits="0"/><line number="348" hits="0"/><line number="349" hits="0"/><line number="350" hits="0"/><line number="351" hits="0"/><line number="352" hits="0"/><line number="353" hits="0"/><line number="359" hits="0"/><line number="364" hits="0"/><line number="367" hits="0"/><line number="370" hits="0"/><line number="371" hits="0"/><line number="372" hits="0"/><line number="374" hits="0"/><line number="379" hits="0"/><line number="381" hits="0"/><line number="382" hits="0"/><line number="384" hits="0"/><line number="385" hits="0"/><line number="386" hits="0"/><line number="387" hits="0"/><line number="388" hits="0"/><line number="389" hits="0"/><line number="390" hits="0"/><line number="391" hits="0"/><line number="393" hits="0"/><line number="394" hits="0"/><line number="396" hits="0"/><line number="397" hits="0"/><line number="402" hits="0"/><line number="406" hits="0"/><line number="407" hits="0"/><line number="408" hits="0"/><line number="409" hits="0"/><line number="410" hits="0"/><line number="411" hits="0"/><line number="413" hits="0"/><line number="424" hits="0"/></lines></class><class name="gaff_generator" filename="crates/proxide-gaff/src/gaff_generator.rs" line-rate="0.7885835095137421" branch-rate="0" complexity="0"><methods/><lines><line number="45" hits="0"/><line number="46" hits="0"/><line number="47" hits="0"/><line number="48" hits="0"/><line number="49" hits="0"/><line number="50" hits="0"/><line number="86" hits="2"/><line number="87" hits="2"/><line number="90" hits="3"/><line number="91" hits="4"/><line number="92" hits="7"/><line number="93" hits="2"/><line number="94" hits="2"/><line number="98" hits="2"/><line number="99" hits="2"/><line number="101" hits="3"/><line number="102" hits="2"/><line number="106" hits="6"/><line number="107" hits="3"/><line number="109" hits="3"/><line number="110" hits="3"/><line number="114" hits="3"/><line number="115" hits="3"/><line number="117" hits="3"/><line number="118" hits="3"/><line number="122" hits="3"/><line number="123" hits="3"/><line number="125" hits="3"/><line number="126" hits="3"/><line number="130" hits="3"/><line number="131" hits="3"/><line number="133" hits="3"/><line number="134" hits="3"/><line number="138" hits="3"/><line number="139" hits="3"/><line number="141" hits="3"/><line number="142" hits="3"/><line number="146" hits="3"/><line number="147" hits="3"/><line number="149" hits="3"/><line number="150" hits="3"/><line number="154" hits="3"/><line number="155" hits="3"/><line number="161" hits="3"/><line number="162" hits="3"/><line number="163" hits="9"/><line number="164" hits="3"/><line number="165" hits="3"/><line number="169" hits="3"/><line number="170" hits="3"/><line number="172" hits="3"/><line number="173" hits="3"/><line number="177" hits="3"/><line number="178" hits="3"/><line number="180" hits="3"/><line number="181" hits="3"/><line number="185" hits="3"/><line number="186" hits="3"/><line number="188" hits="3"/><line number="189" hits="3"/><line number="193" hits="6"/><line number="194" hits="3"/><line number="196" hits="3"/><line number="197" hits="3"/><line number="201" hits="3"/><line number="202" hits="3"/><line number="204" hits="3"/><line number="205" hits="3"/><line number="209" hits="3"/><line number="210" hits="3"/><line number="212" hits="3"/><line number="213" hits="3"/><line number="217" hits="3"/><line number="218" hits="3"/><line number="220" hits="3"/><line number="221" hits="3"/><line number="225" hits="3"/><line number="226" hits="3"/><line number="228" hits="3"/><line number="229" hits="3"/><line number="233" hits="6"/><line number="234" hits="3"/><line number="236" hits="3"/><line number="237" hits="3"/><line number="241" hits="6"/><line number="242" hits="3"/><line number="248" hits="1"/><line number="249" hits="3"/><line number="250" hits="9"/><line number="251" hits="3"/><line number="252" hits="3"/><line number="256" hits="3"/><line number="257" hits="3"/><line number="259" hits="3"/><line number="260" hits="3"/><line number="264" hits="6"/><line number="265" hits="3"/><line number="267" hits="3"/><line number="268" hits="3"/><line number="272" hits="3"/><line number="273" hits="3"/><line number="275" hits="3"/><line number="276" hits="3"/><line number="280" hits="6"/><line number="281" hits="3"/><line number="287" hits="1"/><line number="288" hits="2"/><line number="289" hits="5"/><line number="290" hits="1"/><line number="291" hits="1"/><line number="295" hits="1"/><line number="296" hits="2"/><line number="298" hits="2"/><line number="299" hits="2"/><line number="303" hits="3"/><line number="304" hits="1"/><line number="306" hits="1"/><line number="307" hits="1"/><line number="311" hits="3"/><line number="312" hits="2"/><line number="314" hits="2"/><line number="315" hits="2"/><line number="319" hits="2"/><line number="320" hits="2"/><line number="322" hits="2"/><line number="323" hits="2"/><line number="327" hits="3"/><line number="328" hits="2"/><line number="330" hits="2"/><line number="331" hits="2"/><line number="335" hits="4"/><line number="336" hits="2"/><line number="338" hits="2"/><line number="339" hits="2"/><line number="343" hits="4"/><line number="344" hits="2"/><line number="346" hits="2"/><line number="347" hits="2"/><line number="351" hits="4"/><line number="352" hits="2"/><line number="358" hits="3"/><line number="359" hits="3"/><line number="360" hits="5"/><line number="361" hits="3"/><line number="362" hits="1"/><line number="366" hits="3"/><line number="367" hits="1"/><line number="369" hits="3"/><line number="370" hits="1"/><line number="374" hits="3"/><line number="375" hits="1"/><line number="377" hits="3"/><line number="378" hits="1"/><line number="382" hits="3"/><line number="383" hits="1"/><line number="385" hits="3"/><line number="386" hits="1"/><line number="390" hits="3"/><line number="391" hits="1"/><line number="393" hits="1"/><line number="394" hits="1"/><line number="398" hits="4"/><line number="399" hits="3"/><line number="401" hits="3"/><line number="402" hits="3"/><line number="406" hits="4"/><line number="407" hits="1"/><line number="413" hits="4"/><line number="414" hits="1"/><line number="415" hits="5"/><line number="416" hits="1"/><line number="417" hits="3"/><line number="421" hits="1"/><line number="422" hits="3"/><line number="424" hits="1"/><line number="425" hits="3"/><line number="429" hits="1"/><line number="430" hits="3"/><line number="432" hits="3"/><line number="433" hits="3"/><line number="437" hits="4"/><line number="438" hits="1"/><line number="440" hits="3"/><line number="441" hits="1"/><line number="445" hits="3"/><line number="446" hits="1"/><line number="452" hits="3"/><line number="453" hits="3"/><line number="454" hits="5"/><line number="455" hits="3"/><line number="459" hits="1"/><line number="460" hits="3"/><line number="464" hits="3"/><line number="465" hits="1"/><line number="466" hits="5"/><line number="467" hits="3"/><line number="471" hits="1"/><line number="472" hits="3"/><line number="476" hits="3"/><line number="477" hits="1"/><line number="478" hits="5"/><line number="479" hits="3"/><line number="483" hits="1"/><line number="484" hits="3"/><line number="488" hits="2"/><line number="489" hits="1"/><line number="490" hits="7"/><line number="491" hits="2"/><line number="495" hits="2"/><line number="496" hits="2"/><line number="504" hits="1"/><line number="506" hits="1"/><line number="508" hits="1"/><line number="510" hits="2"/><line number="513" hits="2"/><line number="514" hits="4"/><line number="515" hits="1"/><line number="516" hits="1"/><line number="519" hits="1"/><line number="521" hits="1"/><line number="522" hits="2"/><line number="523" hits="1"/><line number="524" hits="1"/><line number="525" hits="3"/><line number="526" hits="1"/><line number="530" hits="1"/><line number="531" hits="1"/><line number="535" hits="1"/><line number="538" hits="1"/><line number="542" hits="1"/><line number="543" hits="2"/><line number="544" hits="2"/><line number="545" hits="0"/><line number="546" hits="0"/><line number="547" hits="0"/><line number="548" hits="0"/><line number="550" hits="0"/><line number="551" hits="0"/><line number="559" hits="1"/><line number="563" hits="1"/><line number="571" hits="1"/><line number="572" hits="2"/><line number="573" hits="1"/><line number="574" hits="2"/><line number="577" hits="1"/><line number="578" hits="2"/><line number="579" hits="2"/><line number="581" hits="1"/><line number="585" hits="2"/><line number="587" hits="2"/><line number="588" hits="1"/><line number="590" hits="2"/><line number="591" hits="2"/><line number="592" hits="1"/><line number="596" hits="2"/><line number="597" hits="2"/><line number="598" hits="1"/><line number="602" hits="2"/><line number="603" hits="2"/><line number="604" hits="1"/><line number="609" hits="2"/><line number="610" hits="3"/><line number="611" hits="1"/><line number="612" hits="1"/><line number="613" hits="3"/><line number="615" hits="2"/><line number="616" hits="1"/><line number="620" hits="1"/><line number="621" hits="1"/><line number="626" hits="1"/><line number="627" hits="1"/><line number="632" hits="0"/><line number="633" hits="0"/><line number="634" hits="0"/><line number="635" hits="0"/><line number="636" hits="0"/><line number="637" hits="0"/><line number="638" hits="0"/><line number="639" hits="0"/><line number="640" hits="0"/><line number="641" hits="0"/><line number="642" hits="0"/><line number="643" hits="0"/><line number="648" hits="1"/><line number="653" hits="3"/><line number="656" hits="3"/><line number="657" hits="2"/><line number="658" hits="2"/><line number="660" hits="2"/><line number="661" hits="2"/><line number="662" hits="2"/><line number="665" hits="1"/><line number="666" hits="3"/><line number="667" hits="4"/><line number="668" hits="4"/><line number="669" hits="4"/><line number="670" hits="1"/><line number="678" hits="0"/><line number="679" hits="0"/><line number="711" hits="2"/><line number="713" hits="2"/><line number="714" hits="0"/><line number="721" hits="2"/><line number="724" hits="2"/><line number="725" hits="0"/><line number="728" hits="4"/><line number="729" hits="5"/><line number="730" hits="1"/><line number="733" hits="1"/><line number="734" hits="1"/><line number="736" hits="1"/><line number="737" hits="1"/><line number="738" hits="1"/><line number="745" hits="2"/><line number="747" hits="2"/><line number="748" hits="10"/><line number="749" hits="1"/><line number="750" hits="1"/><line number="754" hits="3"/><line number="755" hits="6"/><line number="756" hits="0"/><line number="757" hits="0"/><line number="761" hits="11"/><line number="763" hits="3"/><line number="765" hits="3"/><line number="766" hits="6"/><line number="768" hits="0"/><line number="771" hits="3"/><line number="775" hits="0"/><line number="776" hits="0"/><line number="780" hits="0"/><line number="781" hits="0"/><line number="785" hits="0"/><line number="786" hits="0"/><line number="790" hits="1"/><line number="791" hits="1"/><line number="804" hits="1"/><line number="811" hits="1"/><line number="812" hits="1"/><line number="815" hits="2"/><line number="816" hits="3"/><line number="817" hits="2"/><line number="818" hits="1"/><line number="819" hits="1"/><line number="822" hits="1"/><line number="823" hits="1"/><line number="824" hits="2"/><line number="830" hits="1"/><line number="831" hits="2"/><line number="832" hits="2"/><line number="833" hits="2"/><line number="834" hits="1"/><line number="835" hits="2"/><line number="836" hits="1"/><line number="841" hits="1"/><line number="842" hits="1"/><line number="843" hits="1"/><line number="844" hits="1"/><line number="845" hits="1"/><line number="851" hits="1"/><line number="853" hits="1"/><line number="854" hits="0"/><line number="859" hits="1"/><line number="865" hits="1"/><line number="866" hits="0"/><line number="867" hits="0"/><line number="872" hits="1"/><line number="880" hits="2"/><line number="881" hits="2"/><line number="882" hits="2"/><line number="883" hits="1"/><line number="884" hits="0"/><line number="885" hits="0"/><line number="887" hits="1"/><line number="891" hits="2"/><line number="892" hits="2"/><line number="893" hits="2"/><line number="894" hits="1"/><line number="895" hits="1"/><line number="896" hits="2"/><line number="897" hits="2"/><line number="898" hits="1"/><line number="899" hits="1"/><line number="900" hits="2"/><line number="905" hits="0"/><line number="912" hits="0"/><line number="913" hits="0"/><line number="918" hits="0"/><line number="919" hits="0"/><line number="922" hits="0"/><line number="929" hits="0"/><line number="934" hits="0"/><line number="937" hits="0"/><line number="938" hits="0"/><line number="939" hits="0"/><line number="940" hits="0"/><line number="941" hits="0"/><line number="942" hits="0"/><line number="943" hits="0"/><line number="944" hits="0"/><line number="945" hits="0"/><line number="948" hits="0"/><line number="949" hits="0"/><line number="957" hits="0"/><line number="960" hits="0"/><line number="963" hits="0"/><line number="966" hits="0"/><line number="967" hits="0"/><line number="968" hits="0"/><line number="969" hits="0"/><line number="970" hits="0"/><line number="971" hits="0"/><line number="986" hits="0"/><line number="987" hits="0"/><line number="988" hits="0"/><line number="991" hits="0"/><line number="992" hits="0"/><line number="993" hits="0"/><line number="994" hits="0"/><line number="995" hits="0"/><line number="996" hits="0"/><line number="999" hits="0"/><line number="1000" hits="0"/><line number="1002" hits="0"/><line number="1004" hits="0"/><line number="1005" hits="0"/><line number="1007" hits="0"/><line number="1008" hits="0"/><line number="1009" hits="0"/><line number="1011" hits="0"/><line number="1012" hits="0"/><line number="1013" hits="0"/><line number="1014" hits="0"/><line number="1015" hits="0"/><line number="1016" hits="0"/><line number="1017" hits="0"/><line number="1025" hits="0"/><line number="1029" hits="1"/><line number="1034" hits="1"/><line number="1035" hits="1"/><line number="1038" hits="2"/><line number="1039" hits="2"/><line number="1040" hits="1"/><line number="1044" hits="1"/><line number="1045" hits="1"/><line number="1046" hits="1"/><line number="1050" hits="1"/><line number="1051" hits="1"/><line number="1052" hits="1"/><line number="1057" hits="2"/><line number="1058" hits="1"/><line number="1059" hits="0"/><line number="1060" hits="0"/><line number="1061" hits="0"/><line number="1062" hits="0"/><line number="1064" hits="0"/><line number="1067" hits="1"/><line number="1070" hits="1"/><line number="1072" hits="1"/><line number="1073" hits="2"/><line number="1074" hits="2"/><line number="1075" hits="2"/><line number="1077" hits="2"/><line number="1080" hits="1"/><line number="1081" hits="1"/><line number="1082" hits="1"/><line number="1083" hits="1"/><line number="1084" hits="1"/><line number="1085" hits="1"/><line number="1086" hits="1"/><line number="1087" hits="1"/><line number="1088" hits="1"/><line number="1099" hits="1"/></lines></class></classes></package><package name="crates/proxide-io/src/formats/foldcomp" line-rate="0.9692307692307692" branch-rate="0" complexity="0"><classes><class name="db" filename="crates/proxide-io/src/formats/foldcomp/db.rs" line-rate="0.9692307692307692" branch-rate="0" complexity="0"><methods/><lines><line number="23" hits="1"/><line number="24" hits="2"/><line number="25" hits="2"/><line number="27" hits="1"/><line number="28" hits="2"/><line number="30" hits="2"/><line number="31" hits="2"/><line number="33" hits="1"/><line number="34" hits="1"/><line number="35" hits="1"/><line number="36" hits="1"/><line number="37" hits="0"/><line number="38" hits="1"/><line number="42" hits="1"/><line number="43" hits="1"/><line number="44" hits="2"/><line number="46" hits="1"/><line number="47" hits="1"/><line number="48" hits="1"/><line number="50" hits="3"/><line number="51" hits="2"/><line number="52" hits="2"/><line number="53" hits="2"/><line number="57" hits="4"/><line number="59" hits="1"/><line number="60" hits="2"/><line number="62" hits="1"/><line number="63" hits="2"/><line number="65" hits="1"/><line number="67" hits="1"/><line number="68" hits="1"/><line number="69" hits="1"/><line number="72" hits="1"/><line number="75" hits="1"/><line number="76" hits="1"/><line number="77" hits="2"/><line number="78" hits="0"/><line number="81" hits="2"/><line number="82" hits="1"/><line number="84" hits="2"/><line number="85" hits="2"/><line number="87" hits="2"/><line number="88" hits="2"/><line number="92" hits="4"/><line number="94" hits="1"/><line number="95" hits="1"/><line number="97" hits="1"/><line number="100" hits="1"/><line number="103" hits="1"/><line number="108" hits="1"/><line number="109" hits="1"/><line number="111" hits="1"/><line number="118" hits="1"/><line number="119" hits="1"/><line number="122" hits="1"/><line number="123" hits="2"/><line number="149" hits="1"/><line number="150" hits="2"/><line number="152" hits="1"/><line number="153" hits="1"/><line number="156" hits="1"/><line number="157" hits="1"/><line number="158" hits="1"/><line number="160" hits="1"/><line number="162" hits="1"/></lines></class></classes></package><package name="crates/proxide-physics/src" line-rate="0.686624203821656" branch-rate="0" complexity="0"><classes></classes></package><package name="crates/proxide_rs/target/release/build/target-lexicon-60018fd9026127ff/out" line-rate="0" branch-rate="0" complexity="0"><classes></classes></package><package name="crates/proxide_rs/src/geometry" line-rate="0.8917525773195877" branch-rate="0" complexity="0"><classes><class name="hydrogens" filename="crates/proxide_rs/src/geometry/hydrogens.rs" line-rate="0.7928994082840237" branch-rate="0" complexity="0"><methods/><lines><line number="25" hits="2"/><line number="26" hits="4"/><line number="27" hits="4"/><line number="28" hits="4"/><line number="30" hits="0"/><line number="32" hits="2"/><line number="33" hits="2"/><line number="34" hits="6"/><line number="35" hits="2"/><line number="37" hits="0"/><line number="38" hits="0"/><line number="39" hits="0"/><line number="43" hits="4"/><line number="49" hits="2"/><line number="51" hits="2"/><line number="53" hits="0"/><line number="56" hits="0"/><line number="64" hits="2"/><line number="71" hits="6"/><line number="76" hits="4"/><line number="80" hits="4"/><line number="82" hits="2"/><line number="86" hits="2"/><line number="92" hits="2"/><line number="93" hits="0"/><line number="96" hits="2"/><line number="99" hits="4"/><line number="100" hits="2"/><line number="101" hits="4"/><line number="102" hits="2"/><line number="103" hits="1"/><line number="104" hits="1"/><line number="107" hits="4"/><line number="110" hits="2"/><line number="111" hits="4"/><line number="112" hits="4"/><line number="113" hits="2"/><line number="114" hits="2"/><line number="115" hits="2"/><line number="116" hits="4"/><line number="117" hits="2"/><line number="119" hits="4"/><line number="120" hits="2"/><line number="126" hits="2"/><line number="127" hits="2"/><line number="128" hits="4"/><line number="129" hits="2"/><line number="130" hits="4"/><line number="131" hits="4"/><line number="132" hits="2"/><line number="133" hits="2"/><line number="134" hits="2"/><line number="135" hits="2"/><line number="138" hits="6"/><line number="143" hits="6"/><line number="147" hits="2"/><line number="148" hits="4"/><line number="149" hits="2"/><line number="150" hits="4"/><line number="151" hits="0"/><line number="154" hits="4"/><line number="155" hits="2"/><line number="156" hits="2"/><line number="157" hits="2"/><line number="158" hits="2"/><line number="161" hits="2"/><line number="162" hits="2"/><line number="163" hits="5"/><line number="164" hits="1"/><line number="168" hits="2"/><line number="171" hits="2"/><line number="172" hits="2"/><line number="173" hits="4"/><line number="174" hits="2"/><line number="175" hits="2"/><line number="178" hits="4"/><line number="179" hits="4"/><line number="180" hits="2"/><line number="181" hits="1"/><line number="182" hits="1"/><line number="185" hits="6"/><line number="187" hits="4"/><line number="188" hits="6"/><line number="191" hits="4"/><line number="192" hits="4"/><line number="194" hits="2"/><line number="195" hits="2"/><line number="198" hits="2"/><line number="199" hits="1"/><line number="200" hits="1"/><line number="201" hits="1"/><line number="202" hits="2"/><line number="203" hits="1"/><line number="207" hits="2"/><line number="208" hits="1"/><line number="209" hits="1"/><line number="211" hits="0"/><line number="212" hits="0"/><line number="213" hits="0"/><line number="214" hits="0"/><line number="217" hits="3"/><line number="218" hits="2"/><line number="223" hits="2"/><line number="226" hits="4"/><line number="227" hits="2"/><line number="228" hits="2"/><line number="231" hits="2"/><line number="235" hits="4"/><line number="236" hits="2"/><line number="240" hits="1"/><line number="244" hits="6"/><line number="251" hits="2"/><line number="254" hits="2"/><line number="255" hits="2"/><line number="256" hits="2"/><line number="258" hits="6"/><line number="259" hits="8"/><line number="260" hits="4"/><line number="261" hits="2"/><line number="262" hits="4"/><line number="265" hits="4"/><line number="267" hits="4"/><line number="268" hits="2"/><line number="269" hits="4"/><line number="271" hits="4"/><line number="272" hits="2"/><line number="273" hits="2"/><line number="274" hits="2"/><line number="276" hits="2"/><line number="277" hits="2"/><line number="280" hits="4"/><line number="283" hits="2"/><line number="284" hits="2"/><line number="287" hits="2"/><line number="291" hits="2"/><line number="294" hits="4"/><line number="295" hits="2"/><line number="297" hits="2"/><line number="298" hits="4"/><line number="299" hits="4"/><line number="303" hits="2"/><line number="304" hits="6"/><line number="305" hits="2"/><line number="310" hits="2"/><line number="312" hits="4"/><line number="314" hits="2"/><line number="328" hits="0"/><line number="335" hits="0"/><line number="337" hits="0"/><line number="338" hits="0"/><line number="342" hits="0"/><line number="346" hits="0"/><line number="348" hits="0"/><line number="349" hits="0"/><line number="350" hits="0"/><line number="356" hits="0"/><line number="359" hits="0"/><line number="362" hits="0"/><line number="367" hits="0"/><line number="373" hits="0"/><line number="374" hits="0"/><line number="375" hits="0"/><line number="376" hits="0"/><line number="381" hits="0"/><line number="382" hits="0"/><line number="383" hits="0"/><line number="384" hits="0"/><line number="387" hits="0"/><line number="393" hits="0"/></lines></class><class name="relax" filename="crates/proxide_rs/src/geometry/relax.rs" line-rate="0.9680365296803652" branch-rate="0" complexity="0"><methods/><lines><line number="33" hits="1"/><line number="34" hits="1"/><line number="35" hits="2"/><line number="36" hits="2"/><line number="37" hits="2"/><line number="38" hits="2"/><line number="39" hits="2"/><line number="40" hits="2"/><line number="41" hits="3"/><line number="42" hits="3"/><line number="43" hits="3"/><line number="44" hits="2"/><line number="45" hits="2"/><line number="46" hits="2"/><line number="47" hits="2"/><line number="48" hits="2"/><line number="49" hits="2"/><line number="50" hits="2"/><line number="51" hits="2"/><line number="52" hits="2"/><line number="53" hits="2"/><line number="54" hits="2"/><line number="55" hits="2"/><line number="56" hits="2"/><line number="57" hits="2"/><line number="58" hits="2"/><line number="59" hits="2"/><line number="60" hits="1"/><line number="95" hits="1"/><line number="98" hits="1"/><line number="126" hits="1"/><line number="128" hits="2"/><line number="129" hits="1"/><line number="131" hits="1"/><line number="135" hits="1"/><line number="137" hits="1"/><line number="167" hits="1"/><line number="175" hits="1"/><line number="176" hits="1"/><line number="177" hits="1"/><line number="178" hits="3"/><line number="179" hits="1"/><line number="180" hits="3"/><line number="181" hits="1"/><line number="184" hits="1"/><line number="185" hits="2"/><line number="186" hits="2"/><line number="187" hits="1"/><line number="188" hits="1"/><line number="193" hits="1"/><line number="194" hits="2"/><line number="197" hits="3"/><line number="203" hits="3"/><line number="207" hits="1"/><line number="208" hits="1"/><line number="210" hits="2"/><line number="211" hits="2"/><line number="215" hits="1"/><line number="219" hits="1"/><line number="220" hits="1"/><line number="223" hits="2"/><line number="228" hits="2"/><line number="233" hits="1"/><line number="234" hits="1"/><line number="235" hits="1"/><line number="236" hits="1"/><line number="238" hits="1"/><line number="242" hits="1"/><line number="247" hits="1"/><line number="250" hits="4"/><line number="251" hits="1"/><line number="252" hits="2"/><line number="253" hits="0"/><line number="255" hits="1"/><line number="259" hits="1"/><line number="260" hits="1"/><line number="262" hits="2"/><line number="265" hits="1"/><line number="274" hits="1"/><line number="276" hits="3"/><line number="282" hits="1"/><line number="284" hits="1"/><line number="290" hits="1"/><line number="291" hits="1"/><line number="293" hits="2"/><line number="294" hits="1"/><line number="295" hits="2"/><line number="296" hits="2"/><line number="297" hits="1"/><line number="298" hits="1"/><line number="304" hits="1"/><line number="305" hits="1"/><line number="306" hits="2"/><line number="307" hits="2"/><line number="308" hits="1"/><line number="311" hits="1"/><line number="315" hits="1"/><line number="316" hits="1"/><line number="317" hits="1"/><line number="319" hits="1"/><line number="320" hits="3"/><line number="321" hits="3"/><line number="328" hits="1"/><line number="330" hits="1"/><line number="331" hits="1"/><line number="332" hits="2"/><line number="336" hits="1"/><line number="337" hits="2"/><line number="340" hits="2"/><line number="341" hits="1"/><line number="342" hits="3"/><line number="347" hits="2"/><line number="348" hits="2"/><line number="349" hits="2"/><line number="350" hits="1"/><line number="355" hits="1"/><line number="356" hits="2"/><line number="358" hits="2"/><line number="360" hits="1"/><line number="361" hits="3"/><line number="362" hits="3"/><line number="365" hits="1"/><line number="373" hits="1"/><line number="374" hits="1"/><line number="377" hits="1"/><line number="378" hits="2"/><line number="379" hits="2"/><line number="380" hits="1"/><line number="381" hits="1"/><line number="385" hits="3"/><line number="386" hits="4"/><line number="388" hits="1"/><line number="390" hits="3"/><line number="391" hits="2"/><line number="395" hits="1"/><line number="396" hits="1"/><line number="397" hits="1"/><line number="399" hits="2"/><line number="400" hits="3"/><line number="401" hits="2"/><line number="402" hits="2"/><line number="403" hits="1"/><line number="406" hits="0"/><line number="412" hits="2"/><line number="413" hits="0"/><line number="417" hits="2"/><line number="421" hits="1"/><line number="426" hits="1"/><line number="428" hits="1"/><line number="431" hits="1"/><line number="436" hits="1"/><line number="440" hits="1"/><line number="447" hits="1"/><line number="448" hits="1"/><line number="449" hits="1"/><line number="450" hits="1"/><line number="454" hits="1"/><line number="455" hits="1"/><line number="456" hits="0"/><line number="458" hits="1"/><line number="460" hits="1"/><line number="461" hits="1"/><line number="464" hits="1"/><line number="465" hits="1"/><line number="466" hits="1"/><line number="467" hits="1"/><line number="471" hits="1"/><line number="474" hits="1"/><line number="475" hits="1"/><line number="476" hits="1"/><line number="477" hits="1"/><line number="482" hits="1"/><line number="483" hits="1"/><line number="484" hits="1"/><line number="500" hits="1"/><line number="508" hits="1"/><line number="509" hits="0"/><line number="513" hits="2"/><line number="514" hits="0"/><line number="518" hits="1"/><line number="519" hits="2"/><line number="520" hits="3"/><line number="521" hits="1"/><line number="531" hits="1"/><line number="532" hits="1"/><line number="536" hits="1"/><line number="538" hits="2"/><line number="539" hits="1"/><line number="540" hits="1"/><line number="542" hits="0"/><line number="547" hits="1"/><line number="548" hits="1"/><line number="549" hits="1"/><line number="553" hits="1"/><line number="554" hits="1"/><line number="560" hits="1"/><line number="561" hits="2"/><line number="562" hits="2"/><line number="563" hits="2"/><line number="564" hits="1"/><line number="565" hits="2"/><line number="566" hits="1"/><line number="567" hits="1"/><line number="570" hits="2"/><line number="571" hits="1"/><line number="572" hits="1"/><line number="577" hits="1"/><line number="580" hits="2"/><line number="581" hits="2"/><line number="582" hits="1"/><line number="586" hits="3"/><line number="589" hits="1"/><line number="592" hits="2"/><line number="597" hits="3"/><line number="598" hits="2"/><line number="601" hits="1"/><line number="602" hits="1"/><line number="603" hits="1"/><line number="606" hits="1"/></lines></class></classes></package><package name="crates/proxide_rs/target/debug/build/serde_core-5d180ef88bb24f97/out" line-rate="0" branch-rate="0" complexity="0"><classes></classes></package><package name="crates/proxide_rs/target/release/build/typenum-bc498dca2a6de8dc/out" line-rate="0" branch-rate="0" complexity="0"><classes></classes></package><package name="crates/proxide-io/src/formatters" line-rate="0.8695652173913043" branch-rate="0" complexity="0"><classes><class name="atom14" filename="crates/proxide-io/src/formatters/atom14.rs" line-rate="1" branch-rate="0" complexity="0"><methods/><lines><line number="26" hits="1"/><line number="30" hits="1"/><line number="31" hits="1"/><line number="33" hits="3"/><line number="36" hits="2"/><line number="37" hits="1"/><line number="38" hits="1"/><line number="39" hits="1"/><line number="40" hits="1"/><line number="43" hits="2"/><line number="45" hits="2"/><line number="46" hits="1"/><line number="49" hits="2"/><line number="51" hits="1"/><line number="52" hits="1"/><line number="55" hits="1"/><line number="56" hits="1"/><line number="57" hits="1"/><line number="58" hits="1"/><line number="62" hits="1"/><line number="63" hits="1"/><line number="64" hits="1"/><line number="66" hits="2"/><line number="67" hits="2"/><line number="68" hits="2"/><line number="69" hits="1"/><line number="73" hits="1"/><line number="74" hits="2"/><line number="78" hits="1"/><line number="79" hits="2"/><line number="81" hits="3"/><line number="83" hits="1"/><line number="84" hits="1"/><line number="85" hits="1"/><line number="86" hits="1"/><line number="92" hits="1"/><line number="93" hits="1"/><line number="94" hits="1"/><line number="95" hits="1"/><line number="96" hits="1"/><line number="97" hits="1"/></lines></class><class name="atom37" filename="crates/proxide-io/src/formatters/atom37.rs" line-rate="0.9761904761904762" branch-rate="0" complexity="0"><methods/><lines><line number="26" hits="2"/><line number="30" hits="2"/><line number="31" hits="2"/><line number="32" hits="1"/><line number="34" hits="7"/><line number="37" hits="4"/><line number="38" hits="1"/><line number="39" hits="3"/><line number="40" hits="1"/><line number="41" hits="3"/><line number="44" hits="4"/><line number="46" hits="4"/><line number="47" hits="1"/><line number="50" hits="4"/><line number="52" hits="1"/><line number="53" hits="3"/><line number="56" hits="3"/><line number="57" hits="1"/><line number="58" hits="3"/><line number="60" hits="4"/><line number="61" hits="4"/><line number="62" hits="4"/><line number="63" hits="1"/><line number="67" hits="3"/><line number="68" hits="4"/><line number="69" hits="4"/><line number="72" hits="5"/><line number="73" hits="4"/><line number="75" hits="0"/><line number="78" hits="7"/><line number="80" hits="3"/><line number="81" hits="1"/><line number="82" hits="3"/><line number="83" hits="1"/><line number="84" hits="3"/><line number="86" hits="1"/><line number="101" hits="3"/><line number="102" hits="1"/><line number="103" hits="3"/><line number="104" hits="1"/><line number="105" hits="3"/><line number="106" hits="1"/></lines></class><class name="backbone" filename="crates/proxide-io/src/formatters/backbone.rs" line-rate="0.9722222222222222" branch-rate="0" complexity="0"><methods/><lines><line number="28" hits="1"/><line number="32" hits="1"/><line number="34" hits="2"/><line number="37" hits="2"/><line number="38" hits="2"/><line number="39" hits="1"/><line number="40" hits="1"/><line number="41" hits="1"/><line number="44" hits="2"/><line number="46" hits="2"/><line number="47" hits="1"/><line number="50" hits="2"/><line number="52" hits="1"/><line number="53" hits="1"/><line number="56" hits="1"/><line number="57" hits="1"/><line number="58" hits="1"/><line number="60" hits="2"/><line number="61" hits="2"/><line number="62" hits="2"/><line number="63" hits="1"/><line number="67" hits="1"/><line number="68" hits="2"/><line number="69" hits="2"/><line number="71" hits="3"/><line number="73" hits="2"/><line number="74" hits="1"/><line number="75" hits="1"/><line number="76" hits="1"/><line number="78" hits="0"/><line number="89" hits="1"/><line number="90" hits="1"/><line number="91" hits="1"/><line number="92" hits="1"/><line number="93" hits="1"/><line number="94" hits="1"/></lines></class><class name="cache" filename="crates/proxide-io/src/formatters/cache.rs" line-rate="0.5178571428571429" branch-rate="0" complexity="0"><methods/><lines><line number="22" hits="1"/><line number="23" hits="1"/><line number="24" hits="1"/><line number="25" hits="1"/><line number="26" hits="1"/><line number="31" hits="1"/><line number="38" hits="1"/><line number="39" hits="2"/><line number="40" hits="2"/><line number="78" hits="0"/><line number="80" hits="0"/><line number="81" hits="0"/><line number="82" hits="0"/><line number="83" hits="0"/><line number="84" hits="0"/><line number="85" hits="0"/><line number="86" hits="0"/><line number="87" hits="0"/><line number="100" hits="1"/><line number="102" hits="1"/><line number="103" hits="1"/><line number="108" hits="1"/><line number="109" hits="2"/><line number="111" hits="4"/><line number="112" hits="1"/><line number="113" hits="1"/><line number="115" hits="1"/><line number="117" hits="1"/><line number="121" hits="1"/><line number="122" hits="3"/><line number="124" hits="1"/><line number="125" hits="1"/><line number="126" hits="1"/><line number="130" hits="2"/><line number="131" hits="2"/><line number="133" hits="2"/><line number="136" hits="1"/><line number="137" hits="1"/><line number="140" hits="0"/><line number="141" hits="0"/><line number="144" hits="0"/><line number="145" hits="0"/><line number="146" hits="0"/><line number="152" hits="0"/><line number="156" hits="0"/><line number="157" hits="0"/><line number="158" hits="0"/><line number="162" hits="0"/><line number="163" hits="0"/><line number="164" hits="0"/><line number="168" hits="0"/><line number="169" hits="0"/><line number="170" hits="0"/><line number="174" hits="0"/><line number="175" hits="0"/><line number="176" hits="0"/></lines></class><class name="custom" filename="crates/proxide-io/src/formatters/custom.rs" line-rate="0.9696969696969697" branch-rate="0" complexity="0"><methods/><lines><line number="41" hits="2"/><line number="46" hits="2"/><line number="47" hits="0"/><line number="50" hits="1"/><line number="51" hits="1"/><line number="57" hits="3"/><line number="61" hits="3"/><line number="62" hits="2"/><line number="63" hits="2"/><line number="64" hits="2"/><line number="65" hits="2"/><line number="68" hits="2"/><line number="69" hits="1"/><line number="70" hits="1"/><line number="73" hits="2"/><line number="75" hits="1"/><line number="76" hits="1"/><line number="77" hits="1"/><line number="80" hits="1"/><line number="81" hits="1"/><line number="83" hits="2"/><line number="85" hits="1"/><line number="88" hits="2"/><line number="89" hits="1"/><line number="90" hits="1"/><line number="93" hits="1"/><line number="98" hits="1"/><line number="99" hits="1"/><line number="100" hits="1"/><line number="101" hits="1"/><line number="102" hits="1"/><line number="103" hits="1"/><line number="104" hits="1"/></lines></class><class name="full" filename="crates/proxide-io/src/formatters/full.rs" line-rate="1" branch-rate="0" complexity="0"><methods/><lines><line number="51" hits="2"/><line number="55" hits="2"/><line number="56" hits="2"/><line number="58" hits="4"/><line number="65" hits="2"/><line number="66" hits="2"/><line number="67" hits="2"/><line number="70" hits="2"/><line number="71" hits="6"/><line number="72" hits="4"/><line number="78" hits="6"/><line number="84" hits="2"/><line number="87" hits="6"/><line number="97" hits="2"/><line number="99" hits="2"/><line number="100" hits="2"/><line number="101" hits="2"/><line number="102" hits="2"/><line number="103" hits="2"/><line number="104" hits="2"/><line number="106" hits="2"/><line number="107" hits="2"/></lines></class></classes></package><package name="crates/proxide-core/src/structure" line-rate="0.8024691358024691" branch-rate="0" complexity="0"><classes><class name="mod" filename="crates/proxide-core/src/structure/mod.rs" line-rate="0.9122807017543859" branch-rate="0" complexity="0"><methods/><lines><line number="72" hits="7"/><line number="74" hits="7"/><line number="75" hits="7"/><line number="76" hits="8"/><line number="77" hits="8"/><line number="78" hits="8"/><line number="79" hits="8"/><line number="80" hits="8"/><line number="81" hits="8"/><line number="82" hits="8"/><line number="83" hits="8"/><line number="84" hits="8"/><line number="90" hits="8"/><line number="95" hits="15"/><line number="97" hits="15"/><line number="98" hits="15"/><line number="99" hits="16"/><line number="100" hits="14"/><line number="101" hits="16"/><line number="102" hits="14"/><line number="103" hits="16"/><line number="104" hits="14"/><line number="105" hits="16"/><line number="106" hits="14"/><line number="107" hits="16"/><line number="113" hits="14"/><line number="118" hits="17"/><line number="119" hits="16"/><line number="120" hits="17"/><line number="121" hits="18"/><line number="122" hits="21"/><line number="123" hits="18"/><line number="124" hits="21"/><line number="125" hits="20"/><line number="126" hits="21"/><line number="127" hits="21"/><line number="128" hits="22"/><line number="129" hits="21"/><line number="130" hits="22"/><line number="131" hits="21"/><line number="132" hits="22"/><line number="135" hits="22"/><line number="136" hits="8"/><line number="137" hits="12"/><line number="138" hits="4"/><line number="141" hits="19"/><line number="142" hits="0"/><line number="143" hits="0"/><line number="144" hits="0"/><line number="147" hits="39"/><line number="152" hits="0"/><line number="153" hits="0"/><line number="179" hits="1"/><line number="182" hits="1"/><line number="184" hits="1"/><line number="185" hits="1"/><line number="193" hits="1"/></lines></class><class name="systems" filename="crates/proxide-core/src/structure/systems.rs" line-rate="0.5416666666666666" branch-rate="0" complexity="0"><methods/><lines><line number="54" hits="2"/><line number="55" hits="4"/><line number="57" hits="2"/><line number="58" hits="2"/><line number="59" hits="2"/><line number="60" hits="2"/><line number="61" hits="2"/><line number="65" hits="2"/><line number="66" hits="2"/><line number="67" hits="2"/><line number="68" hits="2"/><line number="69" hits="2"/><line number="70" hits="2"/><line number="82" hits="0"/><line number="83" hits="0"/><line number="84" hits="0"/><line number="86" hits="0"/><line number="87" hits="0"/><line number="89" hits="0"/><line number="93" hits="0"/><line number="94" hits="0"/><line number="95" hits="0"/><line number="97" hits="0"/><line number="98" hits="0"/></lines></class></classes></package><package name="crates/proxide-geometry/src" line-rate="0.6996336996336996" branch-rate="0" complexity="0"><classes></classes></package><package name="crates/proxide-io/src/formats" line-rate="0.7161654135338346" branch-rate="0" complexity="0"><classes><class name="dcd" filename="crates/proxide-io/src/formats/dcd.rs" line-rate="0.49586776859504134" branch-rate="0" complexity="0"><methods/><lines><line number="55" hits="0"/><line number="56" hits="0"/><line number="61" hits="0"/><line number="64" hits="0"/><line number="66" hits="0"/><line number="69" hits="0"/><line number="70" hits="0"/><line number="71" hits="0"/><line number="81" hits="1"/><line number="82" hits="1"/><line number="83" hits="1"/><line number="85" hits="1"/><line number="86" hits="0"/><line number="87" hits="0"/><line number="88" hits="0"/><line number="89" hits="0"/><line number="90" hits="0"/><line number="91" hits="0"/><line number="92" hits="0"/><line number="94" hits="0"/><line number="95" hits="0"/><line number="96" hits="0"/><line number="97" hits="0"/><line number="99" hits="0"/><line number="102" hits="2"/><line number="103" hits="2"/><line number="104" hits="1"/><line number="105" hits="2"/><line number="106" hits="2"/><line number="107" hits="2"/><line number="109" hits="2"/><line number="110" hits="2"/><line number="111" hits="1"/><line number="113" hits="2"/><line number="114" hits="2"/><line number="115" hits="1"/><line number="119" hits="1"/><line number="122" hits="3"/><line number="123" hits="2"/><line number="124" hits="5"/><line number="125" hits="3"/><line number="126" hits="3"/><line number="128" hits="5"/><line number="129" hits="2"/><line number="130" hits="1"/><line number="131" hits="0"/><line number="133" hits="2"/><line number="134" hits="0"/><line number="135" hits="0"/><line number="139" hits="2"/><line number="140" hits="2"/><line number="141" hits="0"/><line number="142" hits="0"/><line number="146" hits="2"/><line number="147" hits="4"/><line number="149" hits="4"/><line number="150" hits="2"/><line number="151" hits="2"/><line number="152" hits="2"/><line number="153" hits="2"/><line number="155" hits="0"/><line number="159" hits="4"/><line number="160" hits="2"/><line number="161" hits="2"/><line number="162" hits="2"/><line number="163" hits="2"/><line number="165" hits="0"/><line number="169" hits="2"/><line number="170" hits="2"/><line number="171" hits="2"/><line number="172" hits="2"/><line number="173" hits="2"/><line number="174" hits="2"/><line number="176" hits="2"/><line number="178" hits="2"/><line number="179" hits="2"/><line number="180" hits="4"/><line number="182" hits="0"/><line number="184" hits="4"/><line number="186" hits="2"/><line number="187" hits="2"/><line number="188" hits="4"/><line number="189" hits="4"/><line number="191" hits="0"/><line number="192" hits="0"/><line number="193" hits="4"/><line number="195" hits="2"/><line number="196" hits="2"/><line number="197" hits="2"/><line number="198" hits="0"/><line number="199" hits="0"/><line number="200" hits="0"/><line number="201" hits="0"/><line number="202" hits="0"/><line number="203" hits="0"/><line number="204" hits="0"/><line number="205" hits="2"/><line number="212" hits="0"/><line number="213" hits="0"/><line number="214" hits="0"/><line number="218" hits="0"/><line number="219" hits="0"/><line number="220" hits="0"/><line number="221" hits="0"/><line number="223" hits="0"/><line number="224" hits="0"/><line number="225" hits="0"/><line number="226" hits="0"/><line number="228" hits="0"/><line number="229" hits="0"/><line number="230" hits="0"/><line number="231" hits="0"/><line number="232" hits="0"/><line number="233" hits="0"/><line number="234" hits="0"/><line number="237" hits="0"/><line number="241" hits="0"/><line number="244" hits="0"/><line number="245" hits="0"/><line number="246" hits="0"/><line number="247" hits="0"/></lines></class><class name="fasta" filename="crates/proxide-io/src/formats/fasta.rs" line-rate="0.8979591836734694" branch-rate="0" complexity="0"><methods/><lines><line number="24" hits="3"/><line number="25" hits="3"/><line number="26" hits="6"/><line number="28" hits="3"/><line number="29" hits="3"/><line number="30" hits="3"/><line number="32" hits="12"/><line number="33" hits="6"/><line number="34" hits="6"/><line number="35" hits="0"/><line number="38" hits="9"/><line number="39" hits="6"/><line number="40" hits="2"/><line number="41" hits="1"/><line number="43" hits="6"/><line number="45" hits="6"/><line number="49" hits="2"/><line number="50" hits="4"/><line number="53" hits="6"/><line number="54" hits="0"/><line number="57" hits="3"/><line number="58" hits="0"/><line number="61" hits="9"/><line number="65" hits="3"/><line number="67" hits="7"/><line number="71" hits="0"/><line number="73" hits="0"/><line number="76" hits="2"/><line number="77" hits="1"/><line number="78" hits="1"/><line number="80" hits="3"/><line number="81" hits="3"/><line number="82" hits="3"/><line number="83" hits="1"/><line number="84" hits="2"/><line number="88" hits="2"/><line number="89" hits="1"/><line number="90" hits="2"/><line number="91" hits="1"/><line number="95" hits="1"/><line number="96" hits="4"/><line number="97" hits="2"/><line number="98" hits="1"/><line number="100" hits="3"/><line number="101" hits="3"/><line number="105" hits="4"/><line number="106" hits="2"/><line number="107" hits="2"/><line number="109" hits="1"/></lines></class><class name="foldcomp" filename="crates/proxide-io/src/formats/foldcomp.rs" line-rate="0.5842696629213483" branch-rate="0" complexity="0"><methods/><lines><line number="50" hits="1"/><line number="51" hits="1"/><line number="52" hits="1"/><line number="53" hits="1"/><line number="54" hits="1"/><line number="55" hits="1"/><line number="57" hits="1"/><line number="58" hits="1"/><line number="59" hits="1"/><line number="60" hits="1"/><line number="61" hits="1"/><line number="62" hits="1"/><line number="63" hits="1"/><line number="77" hits="0"/><line number="78" hits="0"/><line number="79" hits="0"/><line number="82" hits="1"/><line number="84" hits="1"/><line number="85" hits="1"/><line number="86" hits="1"/><line number="87" hits="0"/><line number="88" hits="0"/><line number="89" hits="0"/><line number="94" hits="1"/><line number="95" hits="1"/><line number="96" hits="1"/><line number="100" hits="1"/><line number="102" hits="1"/><line number="106" hits="1"/><line number="110" hits="1"/><line number="111" hits="1"/><line number="112" hits="1"/><line number="116" hits="1"/><line number="117" hits="0"/><line number="118" hits="0"/><line number="124" hits="1"/><line number="128" hits="1"/><line number="130" hits="1"/><line number="133" hits="1"/><line number="134" hits="1"/><line number="135" hits="2"/><line number="136" hits="2"/><line number="137" hits="1"/><line number="141" hits="1"/><line number="144" hits="1"/><line number="145" hits="2"/><line number="146" hits="2"/><line number="147" hits="3"/><line number="148" hits="1"/><line number="149" hits="2"/><line number="150" hits="1"/><line number="151" hits="2"/><line number="154" hits="1"/><line number="157" hits="1"/><line number="164" hits="1"/><line number="165" hits="2"/><line number="166" hits="2"/><line number="170" hits="2"/><line number="177" hits="1"/><line number="178" hits="2"/><line number="179" hits="1"/><line number="181" hits="1"/><line number="182" hits="2"/><line number="186" hits="2"/><line number="187" hits="1"/><line number="188" hits="1"/><line number="198" hits="1"/><line number="200" hits="1"/><line number="203" hits="1"/><line number="213" hits="1"/><line number="215" hits="1"/><line number="218" hits="1"/><line number="228" hits="1"/><line number="230" hits="1"/><line number="233" hits="1"/><line number="237" hits="1"/><line number="241" hits="1"/><line number="242" hits="1"/><line number="243" hits="0"/><line number="245" hits="0"/><line number="248" hits="0"/><line number="249" hits="0"/><line number="251" hits="0"/><line number="253" hits="0"/><line number="254" hits="0"/><line number="255" hits="0"/><line number="258" hits="0"/><line number="261" hits="0"/><line number="264" hits="0"/><line number="265" hits="0"/><line number="266" hits="0"/><line number="268" hits="0"/><line number="271" hits="0"/><line number="274" hits="0"/><line number="277" hits="0"/><line number="280" hits="0"/><line number="283" hits="0"/><line number="284" hits="0"/><line number="295" hits="0"/><line number="298" hits="0"/><line number="309" hits="0"/><line number="312" hits="0"/><line number="323" hits="0"/><line number="326" hits="0"/><line number="331" hits="2"/><line number="334" hits="1"/><line number="335" hits="1"/><line number="337" hits="1"/><line number="338" hits="1"/><line number="339" hits="1"/><line number="340" hits="1"/><line number="341" hits="1"/><line number="342" hits="1"/><line number="343" hits="1"/><line number="344" hits="1"/><line number="345" hits="1"/><line number="350" hits="1"/><line number="352" hits="2"/><line number="354" hits="1"/><line number="355" hits="1"/><line number="357" hits="1"/><line number="361" hits="1"/><line number="375" hits="1"/><line number="376" hits="1"/><line number="377" hits="1"/><line number="378" hits="1"/><line number="379" hits="1"/><line number="380" hits="1"/><line number="381" hits="1"/><line number="382" hits="1"/><line number="385" hits="1"/><line number="386" hits="1"/><line number="389" hits="1"/><line number="390" hits="1"/><line number="391" hits="1"/><line number="392" hits="0"/><line number="393" hits="0"/><line number="394" hits="0"/><line number="395" hits="0"/><line number="396" hits="0"/><line number="397" hits="0"/><line number="398" hits="0"/><line number="399" hits="0"/><line number="400" hits="0"/><line number="401" hits="0"/><line number="402" hits="0"/><line number="403" hits="0"/><line number="404" hits="0"/><line number="405" hits="0"/><line number="406" hits="0"/><line number="407" hits="0"/><line number="408" hits="0"/><line number="409" hits="0"/><line number="410" hits="0"/><line number="411" hits="0"/><line number="415" hits="1"/><line number="416" hits="2"/><line number="417" hits="1"/><line number="418" hits="0"/><line number="419" hits="0"/><line number="420" hits="0"/><line number="421" hits="0"/><line number="422" hits="0"/><line number="423" hits="0"/><line number="424" hits="0"/><line number="425" hits="0"/><line number="426" hits="0"/><line number="427" hits="0"/><line number="428" hits="0"/><line number="429" hits="0"/><line number="430" hits="0"/><line number="431" hits="0"/><line number="432" hits="0"/><line number="433" hits="0"/><line number="434" hits="0"/><line number="435" hits="0"/><line number="436" hits="0"/><line number="437" hits="0"/></lines></class><class name="mdcath_h5" filename="crates/proxide-io/src/formats/mdcath_h5.rs" line-rate="0.9473684210526315" branch-rate="0" complexity="0"><methods/><lines><line number="48" hits="1"/><line number="49" hits="1"/><line number="52" hits="3"/><line number="54" hits="1"/><line number="57" hits="1"/><line number="59" hits="2"/><line number="60" hits="1"/><line number="61" hits="1"/><line number="64" hits="2"/><line number="65" hits="2"/><line number="68" hits="2"/><line number="69" hits="1"/><line number="71" hits="0"/><line number="75" hits="1"/><line number="77" hits="1"/><line number="79" hits="3"/><line number="82" hits="1"/><line number="83" hits="1"/><line number="85" hits="1"/><line number="86" hits="1"/><line number="92" hits="1"/><line number="93" hits="2"/><line number="94" hits="1"/><line number="95" hits="1"/><line number="98" hits="2"/><line number="100" hits="1"/><line number="102" hits="2"/><line number="103" hits="1"/><line number="104" hits="3"/><line number="105" hits="1"/><line number="110" hits="1"/><line number="111" hits="1"/><line number="112" hits="2"/><line number="113" hits="1"/><line number="114" hits="1"/><line number="115" hits="2"/><line number="116" hits="1"/><line number="117" hits="1"/><line number="121" hits="1"/><line number="126" hits="1"/><line number="133" hits="1"/><line number="135" hits="2"/><line number="136" hits="2"/><line number="137" hits="1"/><line number="138" hits="1"/><line number="140" hits="2"/><line number="141" hits="2"/><line number="142" hits="0"/><line number="144" hits="0"/><line number="148" hits="2"/><line number="149" hits="1"/><line number="151" hits="1"/><line number="152" hits="0"/><line number="160" hits="2"/><line number="162" hits="1"/><line number="164" hits="1"/><line number="165" hits="2"/><line number="166" hits="2"/><line number="168" hits="1"/><line number="169" hits="1"/><line number="170" hits="1"/><line number="172" hits="2"/><line number="180" hits="1"/><line number="183" hits="1"/><line number="186" hits="1"/><line number="187" hits="2"/><line number="188" hits="2"/><line number="189" hits="2"/><line number="190" hits="1"/><line number="191" hits="1"/><line number="192" hits="1"/><line number="193" hits="1"/><line number="194" hits="1"/><line number="195" hits="1"/><line number="196" hits="1"/><line number="202" hits="1"/></lines></class><class name="mdtraj_h5" filename="crates/proxide-io/src/formats/mdtraj_h5.rs" line-rate="0.9272727272727272" branch-rate="0" complexity="0"><methods/><lines><line number="50" hits="1"/><line number="51" hits="1"/><line number="54" hits="2"/><line number="56" hits="1"/><line number="57" hits="2"/><line number="59" hits="2"/><line number="60" hits="0"/><line number="62" hits="0"/><line number="66" hits="2"/><line number="67" hits="1"/><line number="70" hits="1"/><line number="72" hits="1"/><line number="84" hits="1"/><line number="91" hits="1"/><line number="92" hits="1"/><line number="93" hits="2"/><line number="94" hits="1"/><line number="95" hits="2"/><line number="96" hits="2"/><line number="102" hits="1"/><line number="103" hits="1"/><line number="105" hits="2"/><line number="107" hits="1"/><line number="109" hits="2"/><line number="110" hits="2"/><line number="111" hits="0"/><line number="113" hits="0"/><line number="119" hits="2"/><line number="121" hits="1"/><line number="123" hits="2"/><line number="124" hits="1"/><line number="125" hits="2"/><line number="126" hits="2"/><line number="128" hits="2"/><line number="131" hits="3"/><line number="132" hits="1"/><line number="136" hits="2"/><line number="138" hits="3"/><line number="140" hits="3"/><line number="142" hits="1"/><line number="144" hits="1"/><line number="151" hits="1"/><line number="153" hits="1"/><line number="154" hits="1"/><line number="155" hits="1"/><line number="156" hits="2"/><line number="157" hits="1"/><line number="158" hits="1"/><line number="159" hits="1"/><line number="160" hits="1"/><line number="161" hits="1"/><line number="162" hits="1"/><line number="163" hits="1"/><line number="168" hits="1"/><line number="169" hits="1"/></lines></class><class name="mmcif" filename="crates/proxide-io/src/formats/mmcif.rs" line-rate="0.822429906542056" branch-rate="0" complexity="0"><methods/><lines><line number="18" hits="0"/><line number="19" hits="0"/><line number="20" hits="0"/><line number="24" hits="2"/><line number="27" hits="1"/><line number="28" hits="1"/><line number="29" hits="1"/><line number="30" hits="1"/><line number="31" hits="1"/><line number="32" hits="1"/><line number="34" hits="3"/><line number="35" hits="2"/><line number="36" hits="2"/><line number="39" hits="2"/><line number="40" hits="0"/><line number="44" hits="1"/><line number="46" hits="1"/><line number="47" hits="1"/><line number="48" hits="1"/><line number="49" hits="0"/><line number="53" hits="2"/><line number="54" hits="2"/><line number="55" hits="1"/><line number="56" hits="1"/><line number="57" hits="1"/><line number="58" hits="0"/><line number="62" hits="3"/><line number="63" hits="1"/><line number="65" hits="0"/><line number="67" hits="1"/><line number="68" hits="2"/><line number="69" hits="0"/><line number="73" hits="1"/><line number="74" hits="1"/><line number="75" hits="1"/><line number="76" hits="1"/><line number="79" hits="1"/><line number="81" hits="2"/><line number="86" hits="2"/><line number="87" hits="0"/><line number="88" hits="0"/><line number="93" hits="2"/><line number="94" hits="1"/><line number="95" hits="1"/><line number="100" hits="1"/><line number="101" hits="0"/><line number="104" hits="1"/><line number="108" hits="2"/><line number="109" hits="2"/><line number="110" hits="4"/><line number="111" hits="2"/><line number="112" hits="2"/><line number="113" hits="2"/><line number="114" hits="2"/><line number="116" hits="2"/><line number="117" hits="2"/><line number="118" hits="1"/><line number="119" hits="2"/><line number="120" hits="1"/><line number="121" hits="2"/><line number="124" hits="5"/><line number="125" hits="1"/><line number="126" hits="1"/><line number="127" hits="1"/><line number="131" hits="0"/><line number="132" hits="0"/><line number="133" hits="0"/><line number="134" hits="0"/><line number="135" hits="0"/><line number="136" hits="0"/><line number="137" hits="0"/><line number="138" hits="0"/><line number="141" hits="6"/><line number="142" hits="2"/><line number="143" hits="2"/><line number="145" hits="4"/><line number="146" hits="4"/><line number="153" hits="3"/><line number="154" hits="1"/><line number="155" hits="1"/><line number="156" hits="1"/><line number="160" hits="1"/><line number="164" hits="1"/><line number="166" hits="5"/><line number="169" hits="2"/><line number="170" hits="1"/><line number="171" hits="3"/><line number="
[...]
ine number="326" hits="0"/><line number="328" hits="5"/><line number="332" hits="1"/><line number="333" hits="1"/><line number="334" hits="4"/><line number="335" hits="2"/><line number="336" hits="3"/><line number="337" hits="2"/><line number="338" hits="0"/><line number="340" hits="5"/><line number="344" hits="1"/><line number="345" hits="1"/><line number="346" hits="1"/><line number="347" hits="2"/><line number="349" hits="2"/><line number="350" hits="1"/><line number="351" hits="1"/><line number="352" hits="1"/><line number="353" hits="1"/><line number="354" hits="1"/><line number="355" hits="1"/><line number="356" hits="1"/><line number="359" hits="1"/><line number="360" hits="2"/><line number="361" hits="2"/><line number="362" hits="1"/><line number="365" hits="1"/><line number="366" hits="2"/><line number="367" hits="1"/><line number="368" hits="1"/><line number="373" hits="2"/><line number="374" hits="8"/><line number="375" hits="2"/><line number="376" hits="2"/><line number="377" hits="2"/><line number="379" hits="0"/><line number="384" hits="2"/><line number="385" hits="3"/><line number="386" hits="2"/><line number="387" hits="5"/><line number="389" hits="0"/><line number="390" hits="0"/><line number="391" hits="0"/><line number="392" hits="0"/><line number="393" hits="0"/><line number="394" hits="0"/><line number="395" hits="0"/><line number="396" hits="0"/><line number="397" hits="0"/><line number="401" hits="0"/><line number="402" hits="0"/><line number="403" hits="0"/><line number="404" hits="0"/><line number="407" hits="0"/><line number="408" hits="0"/><line number="409" hits="0"/><line number="410" hits="0"/><line number="415" hits="3"/><line number="416" hits="7"/><line number="417" hits="0"/><line number="418" hits="0"/><line number="419" hits="0"/><line number="421" hits="0"/><line number="428" hits="3"/><line number="429" hits="5"/><line number="430" hits="2"/><line number="431" hits="2"/><line number="433" hits="1"/><line number="434" hits="2"/><line number="435" hits="2"/><line number="438" hits="1"/><line number="439" hits="2"/><line number="440" hits="3"/><line number="441" hits="2"/><line number="442" hits="5"/><line number="443" hits="0"/><line number="444" hits="0"/><line number="447" hits="3"/><line number="448" hits="1"/><line number="449" hits="1"/><line number="450" hits="1"/><line number="451" hits="1"/><line number="452" hits="1"/><line number="454" hits="3"/><line number="455" hits="0"/><line number="457" hits="2"/><line number="458" hits="1"/><line number="459" hits="1"/><line number="460" hits="1"/><line number="462" hits="2"/><line number="467" hits="2"/><line number="468" hits="3"/><line number="469" hits="2"/><line number="470" hits="2"/><line number="471" hits="1"/><line number="472" hits="0"/><line number="473" hits="0"/><line number="474" hits="0"/><line number="476" hits="0"/><line number="477" hits="0"/><line number="480" hits="0"/><line number="481" hits="0"/><line number="482" hits="0"/><line number="483" hits="0"/><line number="484" hits="0"/><line number="485" hits="0"/><line number="487" hits="0"/><line number="488" hits="0"/><line number="489" hits="0"/><line number="490" hits="0"/><line number="498" hits="1"/><line number="499" hits="3"/><line number="500" hits="1"/><line number="501" hits="3"/><line number="502" hits="1"/><line number="503" hits="3"/><line number="504" hits="6"/><line number="516" hits="1"/><line number="524" hits="1"/><line number="525" hits="1"/><line number="526" hits="1"/><line number="528" hits="1"/><line number="534" hits="0"/><line number="535" hits="0"/><line number="538" hits="0"/><line number="541" hits="0"/><line number="542" hits="0"/><line number="543" hits="0"/><line number="544" hits="0"/><line number="545" hits="0"/><line number="546" hits="0"/><line number="549" hits="0"/><line number="550" hits="0"/><line number="551" hits="0"/><line number="552" hits="0"/><line number="553" hits="0"/><line number="554" hits="0"/><line number="555" hits="0"/><line number="557" hits="0"/><line number="560" hits="0"/><line number="565" hits="0"/><line number="568" hits="0"/><line number="569" hits="0"/><line number="572" hits="0"/><line number="573" hits="0"/><line number="576" hits="0"/><line number="577" hits="0"/><line number="582" hits="0"/><line number="584" hits="0"/><line number="587" hits="0"/><line number="589" hits="0"/><line number="592" hits="0"/><line number="594" hits="0"/><line number="597" hits="0"/><line number="599" hits="0"/><line number="603" hits="0"/><line number="605" hits="0"/><line number="606" hits="0"/><line number="607" hits="0"/><line number="608" hits="0"/><line number="609" hits="0"/><line number="610" hits="0"/><line number="611" hits="0"/><line number="612" hits="0"/><line number="613" hits="0"/><line number="614" hits="0"/><line number="615" hits="0"/><line number="616" hits="0"/><line number="617" hits="0"/><line number="618" hits="0"/><line number="619" hits="0"/><line number="621" hits="0"/><line number="622" hits="0"/><line number="624" hits="0"/><line number="625" hits="0"/><line number="626" hits="0"/><line number="627" hits="0"/><line number="628" hits="0"/><line number="634" hits="3"/><line number="639" hits="2"/><line number="641" hits="3"/><line number="642" hits="2"/><line number="645" hits="3"/><line number="652" hits="5"/><line number="653" hits="0"/><line number="654" hits="0"/><line number="656" hits="0"/><line number="657" hits="0"/><line number="660" hits="2"/><line number="663" hits="1"/><line number="664" hits="1"/><line number="668" hits="1"/><line number="679" hits="1"/><line number="681" hits="2"/><line number="683" hits="1"/><line number="684" hits="1"/><line number="685" hits="1"/><line number="686" hits="1"/><line number="689" hits="2"/><line number="690" hits="0"/><line number="691" hits="0"/><line number="692" hits="0"/><line number="694" hits="1"/><line number="695" hits="1"/><line number="696" hits="1"/><line number="697" hits="1"/><line number="698" hits="1"/><line number="699" hits="1"/><line number="700" hits="1"/><line number="701" hits="1"/><line number="702" hits="1"/><line number="704" hits="1"/><line number="705" hits="1"/><line number="707" hits="1"/><line number="708" hits="0"/><line number="712" hits="1"/><line number="726" hits="0"/><line number="730" hits="0"/><line number="732" hits="0"/><line number="734" hits="0"/><line number="735" hits="0"/><line number="739" hits="0"/><line number="740" hits="0"/><line number="741" hits="0"/><line number="742" hits="0"/><line number="743" hits="0"/><line number="747" hits="0"/><line number="748" hits="0"/><line number="749" hits="0"/><line number="750" hits="0"/><line number="751" hits="0"/><line number="752" hits="0"/><line number="753" hits="0"/><line number="754" hits="0"/><line number="759" hits="0"/><line number="760" hits="0"/><line number="761" hits="0"/><line number="762" hits="0"/><line number="763" hits="0"/><line number="764" hits="0"/><line number="765" hits="0"/><line number="766" hits="0"/><line number="767" hits="0"/><line number="769" hits="0"/><line number="770" hits="0"/><line number="772" hits="0"/><line number="773" hits="0"/><line number="777" hits="0"/><line number="781" hits="2"/><line number="782" hits="4"/><line number="786" hits="2"/><line number="787" hits="4"/><line number="791" hits="2"/><line number="800" hits="2"/><line number="804" hits="5"/><line number="805" hits="3"/><line number="808" hits="2"/><line number="809" hits="2"/><line number="810" hits="3"/><line number="811" hits="0"/><line number="816" hits="2"/><line number="817" hits="3"/><line number="818" hits="6"/><line number="819" hits="1"/><line number="824" hits="1"/></lines></class><class name="vdw" filename="crates/proxide-physics/src/physics/vdw.rs" line-rate="0.9420289855072463" branch-rate="0" complexity="0"><methods/><lines><line number="16" hits="2"/><line number="22" hits="2"/><line number="23" hits="2"/><line number="24" hits="0"/><line number="29" hits="2"/><line number="30" hits="2"/><line number="31" hits="2"/><line number="32" hits="2"/><line number="33" hits="2"/><line number="34" hits="2"/><line number="41" hits="1"/><line number="42" hits="1"/><line number="43" hits="1"/><line number="44" hits="1"/><line number="45" hits="1"/><line number="46" hits="1"/><line number="61" hits="1"/><line number="70" hits="1"/><line number="71" hits="2"/><line number="73" hits="2"/><line number="74" hits="1"/><line number="75" hits="1"/><line number="76" hits="1"/><line number="77" hits="1"/><line number="79" hits="1"/><line number="80" hits="1"/><line number="81" hits="1"/><line number="83" hits="2"/><line number="84" hits="1"/><line number="85" hits="1"/><line number="86" hits="1"/><line number="88" hits="2"/><line number="89" hits="1"/><line number="90" hits="1"/><line number="91" hits="1"/><line number="92" hits="1"/><line number="95" hits="1"/><line number="100" hits="1"/><line number="104" hits="1"/><line number="109" hits="1"/><line number="110" hits="1"/><line number="115" hits="1"/><line number="116" hits="1"/><line number="117" hits="1"/><line number="118" hits="1"/><line number="119" hits="1"/><line number="122" hits="1"/><line number="125" hits="1"/><line number="129" hits="0"/><line number="140" hits="0"/><line number="144" hits="0"/><line number="157" hits="1"/><line number="163" hits="1"/><line number="165" hits="2"/><line number="166" hits="2"/><line number="168" hits="1"/><line number="170" hits="2"/><line number="171" hits="1"/><line number="172" hits="1"/><line number="174" hits="2"/><line number="175" hits="1"/><line number="176" hits="1"/><line number="177" hits="1"/><line number="179" hits="1"/><line number="183" hits="1"/><line number="186" hits="1"/><line number="189" hits="1"/><line number="192" hits="1"/><line number="196" hits="1"/></lines></class><class name="water" filename="crates/proxide-physics/src/physics/water.rs" line-rate="0.7333333333333333" branch-rate="0" complexity="0"><methods/><lines><line number="30" hits="1"/><line number="31" hits="1"/><line number="32" hits="2"/><line number="33" hits="1"/><line number="34" hits="1"/><line number="36" hits="1"/><line number="37" hits="2"/><line number="38" hits="1"/><line number="39" hits="1"/><line number="41" hits="1"/><line number="42" hits="2"/><line number="43" hits="1"/><line number="44" hits="1"/><line number="49" hits="1"/><line number="50" hits="2"/><line number="54" hits="3"/><line number="58" hits="3"/><line number="65" hits="3"/><line number="75" hits="0"/><line number="76" hits="0"/><line number="77" hits="0"/><line number="78" hits="0"/><line number="79" hits="0"/><line number="81" hits="0"/><line number="82" hits="0"/><line number="83" hits="0"/><line number="84" hits="0"/><line number="86" hits="0"/><line number="87" hits="0"/><line number="88" hits="0"/><line number="89" hits="0"/><line number="94" hits="0"/><line number="95" hits="0"/><line number="99" hits="0"/><line number="103" hits="0"/><line number="110" hits="0"/><line number="120" hits="1"/><line number="121" hits="1"/><line number="122" hits="2"/><line number="123" hits="1"/><line number="124" hits="1"/><line number="125" hits="1"/><line number="127" hits="1"/><line number="128" hits="2"/><line number="129" hits="1"/><line number="130" hits="1"/><line number="131" hits="1"/><line number="133" hits="1"/><line number="134" hits="2"/><line number="135" hits="1"/><line number="136" hits="1"/><line number="137" hits="1"/><line number="140" hits="1"/><line number="141" hits="3"/><line number="150" hits="3"/><line number="154" hits="3"/><line number="161" hits="3"/><line number="176" hits="1"/><line number="177" hits="1"/><line number="178" hits="2"/><line number="179" hits="3"/><line number="180" hits="2"/><line number="181" hits="2"/><line number="182" hits="0"/><line number="183" hits="0"/><line number="186" hits="2"/><line number="188" hits="2"/><line number="190" hits="1"/><line number="191" hits="3"/><line number="192" hits="1"/><line number="193" hits="2"/><line number="195" hits="1"/><line number="196" hits="3"/><line number="197" hits="1"/><line number="200" hits="1"/></lines></class></classes></package><package name="crates/proxide-core/src" line-rate="0.7738446411012783" branch-rate="0" complexity="0"><classes><class name="spec" filename="crates/proxide-core/src/spec.rs" line-rate="0.2857142857142857" branch-rate="0" complexity="0"><methods/><lines><line number="33" hits="0"/><line number="34" hits="0"/><line number="35" hits="0"/><line number="36" hits="0"/><line number="37" hits="0"/><line number="135" hits="3"/><line number="138" hits="7"/></lines></class><class name="testing" filename="crates/proxide-core/src/testing.rs" line-rate="1" branch-rate="0" complexity="0"><methods/><lines><line number="2" hits="1"/><line number="3" hits="1"/><line number="7" hits="1"/><line number="10" hits="3"/><line number="11" hits="1"/><line number="12" hits="1"/><line number="13" hits="1"/></lines></class></classes></package><package name="crates/proxide-core/src/processing" line-rate="0.5851528384279476" branch-rate="0" complexity="0"><classes><class name="residues" filename="crates/proxide-core/src/processing/residues.rs" line-rate="0.5851528384279476" branch-rate="0" complexity="0"><methods/><lines><line number="69" hits="16"/><line number="70" hits="16"/><line number="71" hits="0"/><line number="75" hits="16"/><line number="77" hits="36"/><line number="79" hits="31"/><line number="80" hits="31"/><line number="81" hits="15"/><line number="84" hits="18"/><line number="88" hits="15"/><line number="89" hits="43"/><line number="91" hits="11"/><line number="92" hits="10"/><line number="93" hits="11"/><line number="97" hits="11"/><line number="98" hits="6"/><line number="99" hits="11"/><line number="100" hits="6"/><line number="101" hits="31"/><line number="103" hits="18"/><line number="105" hits="13"/><line number="107" hits="27"/><line number="108" hits="27"/><line number="109" hits="16"/><line number="110" hits="13"/><line number="111" hits="13"/><line number="113" hits="15"/><line number="116" hits="47"/><line number="117" hits="31"/><line number="121" hits="11"/><line number="122" hits="15"/><line number="124" hits="34"/><line number="126" hits="18"/><line number="127" hits="13"/><line number="128" hits="18"/><line number="130" hits="13"/><line number="131" hits="18"/><line number="133" hits="13"/><line number="137" hits="4"/><line number="139" hits="2"/><line number="141" hits="4"/><line number="142" hits="2"/><line number="143" hits="2"/><line number="145" hits="3"/><line number="147" hits="2"/><line number="148" hits="1"/><line number="149" hits="1"/><line number="152" hits="3"/><line number="153" hits="2"/><line number="156" hits="1"/><line number="157" hits="1"/><line number="158" hits="1"/><line number="159" hits="1"/><line number="160" hits="1"/><line number="170" hits="40"/><line number="171" hits="27"/><line number="172" hits="15"/><line number="174" hits="14"/><line number="177" hits="43"/><line number="181" hits="29"/><line number="182" hits="15"/><line number="184" hits="12"/><line number="192" hits="16"/><line number="193" hits="14"/><line number="194" hits="16"/><line number="195" hits="14"/><line number="196" hits="16"/><line number="197" hits="14"/><line number="198" hits="16"/><line number="199" hits="14"/><line number="206" hits="0"/><line number="207" hits="0"/><line number="208" hits="0"/><line number="211" hits="0"/><line number="212" hits="0"/><line number="217" hits="4"/><line number="221" hits="8"/><line number="223" hits="6"/><line number="224" hits="0"/><line number="225" hits="1"/><line number="228" hits="4"/><line number="229" hits="4"/><line number="230" hits="1"/><line number="231" hits="1"/><line number="232" hits="3"/><line number="233" hits="1"/><line number="234" hits="3"/><line number="238" hits="3"/><line number="239" hits="5"/><line number="240" hits="8"/><line number="241" hits="8"/><line number="242" hits="8"/><line number="243" hits="4"/><line number="248" hits="4"/><line number="253" hits="4"/><line number="254" hits="8"/><line number="256" hits="8"/><line number="257" hits="8"/><line number="258" hits="4"/><line number="259" hits="4"/><line number="260" hits="4"/><line number="261" hits="4"/><line number="262" hits="4"/><line number="268" hits="4"/><line number="272" hits="4"/><line number="273" hits="4"/><line number="274" hits="4"/><line number="275" hits="8"/><line number="276" hits="4"/><line number="277" hits="8"/><line number="278" hits="4"/><line number="279" hits="4"/><line number="282" hits="4"/><line number="286" hits="1"/><line number="287" hits="1"/><line number="288" hits="2"/><line number="289" hits="0"/><line number="290" hits="1"/><line number="292" hits="1"/><line number="293" hits="2"/><line number="294" hits="1"/><line number="295" hits="1"/><line number="298" hits="1"/><line number="299" hits="1"/><line number="300" hits="3"/><line number="301" hits="4"/><line number="302" hits="4"/><line number="303" hits="4"/><line number="304" hits="2"/><line number="310" hits="1"/><line number="314" hits="1"/><line number="317" hits="1"/><line number="318" hits="2"/><line number="319" hits="0"/><line number="320" hits="1"/><line number="322" hits="1"/><line number="323" hits="0"/><line number="324" hits="0"/><line number="325" hits="0"/><line number="328" hits="0"/><line number="329" hits="0"/><line number="330" hits="0"/><line number="331" hits="0"/><line number="332" hits="0"/><line number="333" hits="0"/><line number="334" hits="0"/><line number="340" hits="1"/><line number="344" hits="1"/><line number="345" hits="1"/><line number="346" hits="2"/><line number="347" hits="0"/><line number="348" hits="1"/><line number="350" hits="1"/><line number="351" hits="0"/><line number="352" hits="0"/><line number="353" hits="0"/><line number="356" hits="0"/><line number="357" hits="0"/><line number="358" hits="0"/><line number="359" hits="0"/><line number="360" hits="0"/><line number="361" hits="0"/><line number="362" hits="0"/><line number="368" hits="1"/><line number="374" hits="0"/><line number="378" hits="0"/><line number="379" hits="0"/><line number="380" hits="0"/><line number="384" hits="0"/><line number="387" hits="0"/><line number="388" hits="0"/><line number="389" hits="0"/><line number="390" hits="0"/><line number="391" hits="0"/><line number="393" hits="0"/><line number="397" hits="0"/><line number="398" hits="0"/><line number="399" hits="0"/><line number="403" hits="0"/><line number="404" hits="0"/><line number="405" hits="0"/><line number="414" hits="0"/><line number="415" hits="0"/><line number="416" hits="0"/><line number="417" hits="0"/><line number="418" hits="0"/><line number="419" hits="0"/><line number="420" hits="0"/><line number="421" hits="0"/><line number="422" hits="0"/><line number="423" hits="0"/><line number="424" hits="0"/><line number="425" hits="0"/><line number="428" hits="0"/><line number="431" hits="0"/><line number="432" hits="0"/><line number="433" hits="0"/><line number="434" hits="0"/><line number="435" hits="0"/><line number="436" hits="0"/><line number="437" hits="0"/><line number="438" hits="0"/><line number="439" hits="0"/><line number="440" hits="0"/><line number="441" hits="0"/><line number="442" hits="0"/><line number="444" hits="0"/><line number="445" hits="0"/><line number="446" hits="0"/><line number="448" hits="0"/><line number="450" hits="0"/><line number="451" hits="0"/><line number="452" hits="0"/><line number="454" hits="0"/><line number="456" hits="0"/><line number="457" hits="0"/><line number="458" hits="0"/><line number="460" hits="0"/><line number="462" hits="0"/><line number="463" hits="0"/><line number="464" hits="0"/><line number="466" hits="0"/><line number="471" hits="0"/><line number="472" hits="0"/><line number="473" hits="0"/><line number="474" hits="0"/><line number="475" hits="0"/><line number="480" hits="0"/><line number="482" hits="0"/></lines></class></classes></package></packages></coverage>