{"meta": {"format": 3, "version": "7.11.3", "timestamp": "2025-12-03T14:33:37.647850", "branch_coverage": false, "show_contexts": false}, "files": {"src/priox/__init__.py": {"executed_lines": [0], "summary": {"covered_lines": 0, "num_statements": 0, "percent_covered": 100.0, "percent_covered_display": "100", "missing_lines": 0, "excluded_lines": 0}, "missing_lines": [], "excluded_lines": [], "functions": {"": {"executed_lines": [], "summary": {"covered_lines": 0, "num_statements": 0, "percent_covered": 100.0, "percent_covered_display": "100", "missing_lines": 0, "excluded_lines": 0}, "missing_lines": [], "excluded_lines": []}}, "classes": {"": {"executed_lines": [], "summary": {"covered_lines": 0, "num_statements": 0, "percent_covered": 100.0, "percent_covered_display": "100", "missing_lines": 0, "excluded_lines": 0}, "missing_lines": [], "excluded_lines": []}}}, "src/priox/assets/__init__.py": {"executed_lines": [0], "summary": {"covered_lines": 0, "num_statements": 0, "percent_covered": 100.0, "percent_covered_display": "100", "missing_lines": 0, "excluded_lines": 0}, "missing_lines": [], "excluded_lines": [], "functions": {"": {"executed_lines": [], "summary": {"covered_lines": 0, "num_statements": 0, "percent_covered": 100.0, "percent_covered_display": "100", "missing_lines": 0, "excluded_lines": 0}, "missing_lines": [], "excluded_lines": []}}, "classes": {"": {"executed_lines": [], "summary": {"covered_lines": 0, "num_statements": 0, "percent_covered": 100.0, "percent_covered_display": "100", "missing_lines": 0, "excluded_lines": 0}, "missing_lines": [], "excluded_lines": []}}}, "src/priox/assets/forcefields/__init__.py": {"executed_lines": [0], "summary": {"covered_lines": 0, "num_statements": 0, "percent_covered": 100.0, "percent_covered_display": "100", "missing_lines": 0, "excluded_lines": 0}, "missing_lines": [], "excluded_lines": [], "functions": {"": {"executed_lines": [], "summary": {"covered_lines": 0, "num_statements": 0, "percent_covered": 100.0, "percent_covered_display": "100", "missing_lines": 0, "excluded_lines": 0}, "missing_lines": [], "excluded_lines": []}}, "classes": {"": {"executed_lines": [], "summary": {"covered_lines": 0, "num_statements": 0, "percent_covered": 100.0, "percent_covered_display": "100", "missing_lines": 0, "excluded_lines": 0}, "missing_lines": [], "excluded_lines": []}}}, "src/priox/assets/forcefields/eqx/__init__.py": {"executed_lines": [], "summary": {"covered_lines": 0, "num_statements": 0, "percent_covered": 100.0, "percent_covered_display": "100", "missing_lines": 0, "excluded_lines": 0}, "missing_lines": [], "excluded_lines": [], "functions": {"": {"executed_lines": [], "summary": {"covered_lines": 0, "num_statements": 0, "percent_covered": 100.0, "percent_covered_display": "100", "missing_lines": 0, "excluded_lines": 0}, "missing_lines": [], "excluded_lines": []}}, "classes": {"": {"executed_lines": [], "summary": {"covered_lines": 0, "num_statements": 0, "percent_covered": 100.0, "percent_covered_display": "100", "missing_lines": 0, "excluded_lines": 0}, "missing_lines": [], "excluded_lines": []}}}, "src/priox/assets/forcefields/loader.py": {"executed_lines": [1, 3, 5, 6, 7, 9, 10, 11, 13, 16, 17, 47, 48, 49, 50, 53, 54, 55, 56, 57, 58, 59, 60, 61, 62, 63, 65, 76, 77, 78, 79, 81, 92, 93, 95, 98, 103, 106, 107, 110, 112, 114, 117, 127, 140, 142, 159, 160, 165, 167, 168, 171, 174, 186, 188, 189, 191, 192, 195, 196, 199, 200, 203, 233], "summary": {"covered_lines": 62, "num_statements": 72, "percent_covered": 86.11111111111111, "percent_covered_display": "86", "missing_lines": 10, "excluded_lines": 0}, "missing_lines": [94, 111, 113, 115, 223, 224, 230, 245, 246, 247], "excluded_lines": [], "functions": {"FullForceField.get_charge": {"executed_lines": [76, 77, 78, 79], "summary": {"covered_lines": 4, "num_statements": 4, "percent_covered": 100.0, "percent_covered_display": "100", "missing_lines": 0, "excluded_lines": 0}, "missing_lines": [], "excluded_lines": []}, "FullForceField.get_lj_params": {"executed_lines": [92, 93, 95], "summary": {"covered_lines": 3, "num_statements": 4, "percent_covered": 75.0, "percent_covered_display": "75", "missing_lines": 1, "excluded_lines": 0}, "missing_lines": [94], "excluded_lines": []}, "_make_ff_skeleton": {"executed_lines": [103, 106, 107, 110, 112, 114, 117], "summary": {"covered_lines": 7, "num_statements": 10, "percent_covered": 70.0, "percent_covered_display": "70", "missing_lines": 3, "excluded_lines": 0}, "missing_lines": [111, 113, 115], "excluded_lines": []}, "save_force_field": {"executed_lines": [140, 142, 159, 160, 165, 167, 168, 171], "summary": {"covered_lines": 8, "num_statements": 8, "percent_covered": 100.0, "percent_covered_display": "100", "missing_lines": 0, "excluded_lines": 0}, "missing_lines": [], "excluded_lines": []}, "load_force_field": {"executed_lines": [186, 188, 189, 191, 192, 195, 196, 199, 200], "summary": {"covered_lines": 9, "num_statements": 9, "percent_covered": 100.0, "percent_covered_display": "100", "missing_lines": 0, "excluded_lines": 0}, "missing_lines": [], "excluded_lines": []}, "load_force_field_from_hub": {"executed_lines": [], "summary": {"covered_lines": 0, "num_statements": 3, "percent_covered": 0.0, "percent_covered_display": "0", "missing_lines": 3, "excluded_lines": 0}, "missing_lines": [223, 224, 230], "excluded_lines": []}, "list_available_force_fields": {"executed_lines": [], "summary": {"covered_lines": 0, "num_statements": 3, "percent_covered": 0.0, "percent_covered_display": "0", "missing_lines": 3, "excluded_lines": 0}, "missing_lines": [245, 246, 247], "excluded_lines": []}, "": {"executed_lines": [1, 3, 5, 6, 7, 9, 10, 11, 13, 16, 17, 47, 48, 49, 50, 53, 54, 55, 56, 57, 58, 59, 60, 61, 62, 63, 65, 81, 98, 127, 174, 203, 233], "summary": {"covered_lines": 31, "num_statements": 31, "percent_covered": 100.0, "percent_covered_display": "100", "missing_lines": 0, "excluded_lines": 0}, "missing_lines": [], "excluded_lines": []}}, "classes": {"FullForceField": {"executed_lines": [76, 77, 78, 79, 92, 93, 95], "summary": {"covered_lines": 7, "num_statements": 8, "percent_covered": 87.5, "percent_covered_display": "88", "missing_lines": 1, "excluded_lines": 0}, "missing_lines": [94], "excluded_lines": []}, "": {"executed_lines": [1, 3, 5, 6, 7, 9, 10, 11, 13, 16, 17, 47, 48, 49, 50, 53, 54, 55, 56, 57, 58, 59, 60, 61, 62, 63, 65, 81, 98, 103, 106, 107, 110, 112, 114, 117, 127, 140, 142, 159, 160, 165, 167, 168, 171, 174, 186, 188, 189, 191, 192, 195, 196, 199, 200, 203, 233], "summary": {"covered_lines": 55, "num_statements": 64, "percent_covered": 85.9375, "percent_covered_display": "86", "missing_lines": 9, "excluded_lines": 0}, "missing_lines": [111, 113, 115, 223, 224, 230, 245, 246, 247], "excluded_lines": []}}}, "src/priox/chem/__init__.py": {"executed_lines": [0], "summary": {"covered_lines": 0, "num_statements": 0, "percent_covered": 100.0, "percent_covered_display": "100", "missing_lines": 0, "excluded_lines": 0}, "missing_lines": [], "excluded_lines": [], "functions": {"": {"executed_lines": [], "summary": {"covered_lines": 0, "num_statements": 0, "percent_covered": 100.0, "percent_covered_display": "100", "missing_lines": 0, "excluded_lines": 0}, "missing_lines": [], "excluded_lines": []}}, "classes": {"": {"executed_lines": [], "summary": {"covered_lines": 0, "num_statements": 0, "percent_covered": 100.0, "percent_covered_display": "100", "missing_lines": 0, "excluded_lines": 0}, "missing_lines": [], "excluded_lines": []}}}, "src/priox/chem/conversion.py": {"executed_lines": [1, 3, 5, 6, 7, 9, 14, 16, 17, 19, 23, 28, 30, 33, 35, 38, 59, 60, 62, 63, 64, 65, 67, 68, 70, 73, 91, 92, 94, 95, 97, 104, 109, 124, 125, 127, 129], "summary": {"covered_lines": 36, "num_statements": 36, "percent_covered": 100.0, "percent_covered_display": "100", "missing_lines": 0, "excluded_lines": 0}, "missing_lines": [], "excluded_lines": [], "functions": {"af_to_mpnn": {"executed_lines": [30], "summary": {"covered_lines": 1, "num_statements": 1, "percent_covered": 100.0, "percent_covered_display": "100", "missing_lines": 0, "excluded_lines": 0}, "missing_lines": [], "excluded_lines": []}, "mpnn_to_af": {"executed_lines": [35], "summary": {"covered_lines": 1, "num_statements": 1, "percent_covered": 100.0, "percent_covered_display": "100", "missing_lines": 0, "excluded_lines": 0}, "missing_lines": [], "excluded_lines": []}, "string_key_to_index": {"executed_lines": [59, 60, 62, 63, 64, 65, 67, 68, 70], "summary": {"covered_lines": 9, "num_statements": 9, "percent_covered": 100.0, "percent_covered_display": "100", "missing_lines": 0, "excluded_lines": 0}, "missing_lines": [], "excluded_lines": []}, "string_to_protein_sequence": {"executed_lines": [91, 92, 94, 95, 97, 104], "summary": {"covered_lines": 6, "num_statements": 6, "percent_covered": 100.0, "percent_covered_display": "100", "missing_lines": 0, "excluded_lines": 0}, "missing_lines": [], "excluded_lines": []}, "protein_sequence_to_string": {"executed_lines": [124, 125, 127, 129], "summary": {"covered_lines": 4, "num_statements": 4, "percent_covered": 100.0, "percent_covered_display": "100", "missing_lines": 0, "excluded_lines": 0}, "missing_lines": [], "excluded_lines": []}, "": {"executed_lines": [1, 3, 5, 6, 7, 9, 14, 16, 17, 19, 23, 28, 33, 38, 73, 109], "summary": {"covered_lines": 15, "num_statements": 15, "percent_covered": 100.0, "percent_covered_display": "100", "missing_lines": 0, "excluded_lines": 0}, "missing_lines": [], "excluded_lines": []}}, "classes": {"": {"executed_lines": [1, 3, 5, 6, 7, 9, 14, 16, 17, 19, 23, 28, 30, 33, 35, 38, 59, 60, 62, 63, 64, 65, 67, 68, 70, 73, 91, 92, 94, 95, 97, 104, 109, 124, 125, 127, 129], "summary": {"covered_lines": 36, "num_statements": 36, "percent_covered": 100.0, "percent_covered_display": "100", "missing_lines": 0, "excluded_lines": 0}, "missing_lines": [], "excluded_lines": []}}}, "src/priox/chem/ordering.py": {"executed_lines": [1, 29, 33, 44, 53, 56, 59, 60, 61, 62, 63, 64, 65, 66, 69, 87, 88, 93, 104, 105, 106, 107, 108, 109, 112, 113, 114, 115, 118, 124, 133], "summary": {"covered_lines": 30, "num_statements": 36, "percent_covered": 83.33333333333333, "percent_covered_display": "83", "missing_lines": 6, "excluded_lines": 0}, "missing_lines": [89, 90, 119, 123, 125, 129], "excluded_lines": [], "functions": {"_validate_index": {"executed_lines": [87, 88], "summary": {"covered_lines": 2, "num_statements": 4, "percent_covered": 50.0, "percent_covered_display": "50", "missing_lines": 2, "excluded_lines": 0}, "missing_lines": [89, 90], "excluded_lines": []}, "validate_ordering": {"executed_lines": [104, 105, 106, 107, 108, 109, 112, 113, 114, 115, 118, 124], "summary": {"covered_lines": 12, "num_statements": 16, "percent_covered": 75.0, "percent_covered_display": "75", "missing_lines": 4, "excluded_lines": 0}, "missing_lines": [119, 123, 125, 129], "excluded_lines": []}, "": {"executed_lines": [1, 29, 33, 44, 53, 56, 59, 60, 61, 62, 63, 64, 65, 66, 69, 93, 133], "summary": {"covered_lines": 16, "num_statements": 16, "percent_covered": 100.0, "percent_covered_display": "100", "missing_lines": 0, "excluded_lines": 0}, "missing_lines": [], "excluded_lines": []}}, "classes": {"": {"executed_lines": [1, 29, 33, 44, 53, 56, 59, 60, 61, 62, 63, 64, 65, 66, 69, 87, 88, 93, 104, 105, 106, 107, 108, 109, 112, 113, 114, 115, 118, 124, 133], "summary": {"covered_lines": 30, "num_statements": 36, "percent_covered": 83.33333333333333, "percent_covered_display": "83", "missing_lines": 6, "excluded_lines": 0}, "missing_lines": [89, 90, 119, 123, 125, 129], "excluded_lines": []}}}, "src/priox/chem/residues.py": {"executed_lines": [15, 17, 18, 19, 20, 21, 23, 24, 30, 35, 71, 96, 132, 344, 369, 383, 391, 399, 407, 408, 410, 411, 412, 413, 416, 417, 419, 420, 421, 422, 423, 426, 427, 431, 432, 433, 434, 435, 436, 437, 438, 439, 441, 442, 443, 444, 445, 447, 448, 449, 450, 451, 452, 453, 455, 456, 457, 458, 459, 468, 470, 473, 474, 491, 492, 493, 494, 495, 497, 499, 504, 507, 508, 510, 511, 512, 513, 514, 515, 516, 520, 521, 526, 527, 528, 529, 530, 533, 535, 540, 541, 544, 545, 549, 588, 589, 594, 623, 645, 646, 647, 649, 650, 653, 681, 684, 686, 687, 697, 728, 753, 754, 759, 762, 763, 764, 765, 766, 767, 768, 769, 772, 777, 779, 780, 782, 783, 784, 785, 787, 788, 789, 790, 792, 793, 794, 797, 798, 801, 802, 806, 812, 813, 814, 815, 816, 817, 820, 827, 830, 831, 834, 835, 836, 843, 844, 845, 846, 847, 848, 849, 852, 853, 854, 855, 856, 857, 858, 861, 862, 863, 864, 868, 870, 871, 872, 873, 874, 875, 876, 878, 879, 880, 881, 883, 884, 885, 888, 891, 894, 899, 902, 907, 910, 911, 912, 913, 918, 925, 926, 927, 928, 929, 934, 937, 940, 945, 946, 947, 948, 949, 950, 951, 954, 955, 956, 957, 958, 959, 960, 961, 962, 963, 964, 965, 966, 967, 970, 971, 972, 973, 974, 975, 976, 977, 978, 979, 980, 981, 988, 989], "summary": {"covered_lines": 238, "num_statements": 240, "percent_covered": 99.16666666666667, "percent_covered_display": "99", "missing_lines": 2, "excluded_lines": 0}, "missing_lines": [440, 454], "excluded_lines": [], "functions": {"process_lines_iter_chemical_props": {"executed_lines": [431, 432, 433, 434, 435, 436, 437, 438, 439, 441, 442, 443, 444, 445, 447, 448, 449, 450, 451, 452, 453, 455, 456, 457, 458, 459, 468, 470], "summary": {"covered_lines": 28, "num_statements": 30, "percent_covered": 93.33333333333333, "percent_covered_display": "93", "missing_lines": 2, "excluded_lines": 0}, "missing_lines": [440, 454], "excluded_lines": []}, "load_stereo_chemical_props": {"executed_lines": [491, 492, 493, 494, 495, 497, 499, 507, 508, 510, 511, 512, 513, 514, 515, 516, 520, 521, 526, 527, 528, 529, 530, 533, 535], "summary": {"covered_lines": 25, "num_statements": 25, "percent_covered": 100.0, "percent_covered_display": "100", "missing_lines": 0, "excluded_lines": 0}, "missing_lines": [], "excluded_lines": []}, "load_stereo_chemical_props.make_bond_key": {"executed_lines": [504], "summary": {"covered_lines": 1, "num_statements": 1, "percent_covered": 100.0, "percent_covered_display": "100", "missing_lines": 0, "excluded_lines": 0}, "missing_lines": [], "excluded_lines": []}, "_make_standard_atom_mask": {"executed_lines": [762, 763, 764, 765, 766, 767, 768, 769], "summary": {"covered_lines": 8, "num_statements": 8, "percent_covered": 100.0, "percent_covered_display": "100", "missing_lines": 0, "excluded_lines": 0}, "missing_lines": [], "excluded_lines": []}, "chi_angle_atom": {"executed_lines": [779, 780, 782, 783, 784, 785, 787, 788, 789, 790, 792, 793, 794], "summary": {"covered_lines": 13, "num_statements": 13, "percent_covered": 100.0, "percent_covered_display": "100", "missing_lines": 0, "excluded_lines": 0}, "missing_lines": [], "excluded_lines": []}, "_make_rigid_transformation_4x4": {"executed_lines": [827, 830, 831, 834, 835, 836], "summary": {"covered_lines": 6, "num_statements": 6, "percent_covered": 100.0, "percent_covered_display": "100", "missing_lines": 0, "excluded_lines": 0}, "missing_lines": [], "excluded_lines": []}, "_make_rigid_group_constants": {"executed_lines": [870, 871, 872, 873, 874, 875, 876, 878, 879, 880, 881, 883, 884, 885, 888, 891, 894, 899, 902, 907, 910, 911, 912, 913, 918, 925, 926, 927, 928, 929, 934], "summary": {"covered_lines": 31, "num_statements": 31, "percent_covered": 100.0, "percent_covered_display": "100", "missing_lines": 0, "excluded_lines": 0}, "missing_lines": [], "excluded_lines": []}, "make_atom14_dists_bounds": {"executed_lines": [945, 946, 947, 948, 949, 950, 951, 954, 955, 956, 957, 958, 959, 960, 961, 962, 963, 964, 965, 966, 967, 970, 971, 972, 973, 974, 975, 976, 977, 978, 979, 980, 981], "summary": {"covered_lines": 33, "num_statements": 33, "percent_covered": 100.0, "percent_covered_display": "100", "missing_lines": 0, "excluded_lines": 0}, "missing_lines": [], "excluded_lines": []}, "": {"executed_lines": [15, 17, 18, 19, 20, 21, 23, 24, 30, 35, 71, 96, 132, 344, 369, 383, 391, 399, 407, 408, 410, 411, 412, 413, 416, 417, 419, 420, 421, 422, 423, 426, 427, 473, 474, 540, 541, 544, 545, 549, 588, 589, 594, 623, 645, 646, 647, 649, 650, 653, 681, 684, 686, 687, 697, 728, 753, 754, 759, 772, 777, 797, 798, 801, 802, 806, 812, 813, 814, 815, 816, 817, 820, 843, 844, 845, 846, 847, 848, 849, 852, 853, 854, 855, 856, 857, 858, 861, 862, 863, 864, 868, 937, 940, 988, 989], "summary": {"covered_lines": 93, "num_statements": 93, "percent_covered": 100.0, "percent_covered_display": "100", "missing_lines": 0, "excluded_lines": 0}, "missing_lines": [], "excluded_lines": []}}, "classes": {"Bond": {"executed_lines": [], "summary": {"covered_lines": 0, "num_statements": 0, "percent_covered": 100.0, "percent_covered_display": "100", "missing_lines": 0, "excluded_lines": 0}, "missing_lines": [], "excluded_lines": []}, "BondAngle": {"executed_lines": [], "summary": {"covered_lines": 0, "num_statements": 0, "percent_covered": 100.0, "percent_covered_display": "100", "missing_lines": 0, "excluded_lines": 0}, "missing_lines": [], "excluded_lines": []}, "": {"executed_lines": [15, 17, 18, 19, 20, 21, 23, 24, 30, 35, 71, 96, 132, 344, 369, 383, 391, 399, 407, 408, 410, 411, 412, 413, 416, 417, 419, 420, 421, 422, 423, 426, 427, 431, 432, 433, 434, 435, 436, 437, 438, 439, 441, 442, 443, 444, 445, 447, 448, 449, 450, 451, 452, 453, 455, 456, 457, 458, 459, 468, 470, 473, 474, 491, 492, 493, 494, 495, 497, 499, 504, 507, 508, 510, 511, 512, 513, 514, 515, 516, 520, 521, 526, 527, 528, 529, 530, 533, 535, 540, 541, 544, 545, 549, 588, 589, 594, 623, 645, 646, 647, 649, 650, 653, 681, 684, 686, 687, 697, 728, 753, 754, 759, 762, 763, 764, 765, 766, 767, 768, 769, 772, 777, 779, 780, 782, 783, 784, 785, 787, 788, 789, 790, 792, 793, 794, 797, 798, 801, 802, 806, 812, 813, 814, 815, 816, 817, 820, 827, 830, 831, 834, 835, 836, 843, 844, 845, 846, 847, 848, 849, 852, 853, 854, 855, 856, 857, 858, 861, 862, 863, 864, 868, 870, 871, 872, 873, 874, 875, 876, 878, 879, 880, 881, 883, 884, 885, 888, 891, 894, 899, 902, 907, 910, 911, 912, 913, 918, 925, 926, 927, 928, 929, 934, 937, 940, 945, 946, 947, 948, 949, 950, 951, 954, 955, 956, 957, 958, 959, 960, 961, 962, 963, 964, 965, 966, 967, 970, 971, 972, 973, 974, 975, 976, 977, 978, 979, 980, 981, 988, 989], "summary": {"covered_lines": 238, "num_statements": 240, "percent_covered": 99.16666666666667, "percent_covered_display": "99", "missing_lines": 2, "excluded_lines": 0}, "missing_lines": [440, 454], "excluded_lines": []}}}, "src/priox/core/__init__.py": {"executed_lines": [0], "summary": {"covered_lines": 0, "num_statements": 0, "percent_covered": 100.0, "percent_covered_display": "100", "missing_lines": 0, "excluded_lines": 0}, "missing_lines": [], "excluded_lines": [], "functions": {"": {"executed_lines": [], "summary": {"covered_lines": 0, "num_statements": 0, "percent_covered": 100.0, "percent_covered_display": "100", "missing_lines": 0, "excluded_lines": 0}, "missing_lines": [], "excluded_lines": []}}, "classes": {"": {"executed_lines": [], "summary": {"covered_lines": 0, "num_statements": 0, "percent_covered": 100.0, "percent_covered_display": "100", "missing_lines": 0, "excluded_lines": 0}, "missing_lines": [], "excluded_lines": []}}}, "src/priox/core/containers.py": {"executed_lines": [1, 6, 8, 9, 11, 12, 14, 16, 40, 43, 44, 67, 68, 69, 70, 71, 72, 73, 74, 75, 76, 77, 78, 79, 80, 81, 82, 83, 84, 85, 86, 87, 88, 89, 92, 93, 94, 96, 97, 98, 99, 100, 101, 102, 105, 122, 123, 124, 136, 137, 138, 139, 140, 141, 144, 154, 155, 159, 160, 161, 191, 192, 193, 194, 195, 196, 197, 198, 199, 200, 201, 202, 203, 204, 205, 206, 207, 208, 209, 210, 211, 212, 213, 214, 216, 217, 239, 287, 288, 291, 292, 293, 295, 296, 297, 298, 301, 302, 303, 305, 306, 307, 308, 309, 310, 313, 314, 316, 317, 318, 319, 322, 323, 324, 339, 340, 341, 342, 343, 344, 345, 348], "summary": {"covered_lines": 112, "num_statements": 116, "percent_covered": 96.55172413793103, "percent_covered_display": "97", "missing_lines": 4, "excluded_lines": 4}, "missing_lines": [117, 118, 119, 156], "excluded_lines": [16, 17, 18, 20], "functions": {"include_feature": {"executed_lines": [], "summary": {"covered_lines": 0, "num_statements": 3, "percent_covered": 0.0, "percent_covered_display": "0", "missing_lines": 3, "excluded_lines": 0}, "missing_lines": [117, 118, 119], "excluded_lines": []}, "none_or_jnp": {"executed_lines": [154, 155], "summary": {"covered_lines": 2, "num_statements": 3, "percent_covered": 66.66666666666667, "percent_covered_display": "67", "missing_lines": 1, "excluded_lines": 0}, "missing_lines": [156], "excluded_lines": []}, "Protein.from_tuple": {"executed_lines": [239], "summary": {"covered_lines": 1, "num_statements": 1, "percent_covered": 100.0, "percent_covered_display": "100", "missing_lines": 0, "excluded_lines": 0}, "missing_lines": [], "excluded_lines": []}, "": {"executed_lines": [1, 6, 8, 9, 11, 12, 14, 16, 40, 43, 44, 67, 68, 69, 70, 71, 72, 73, 74, 75, 76, 77, 78, 79, 80, 81, 82, 83, 84, 85, 86, 87, 88, 89, 92, 93, 94, 96, 97, 98, 99, 100, 101, 102, 105, 122, 123, 124, 136, 137, 138, 139, 140, 141, 144, 159, 160, 161, 191, 192, 193, 194, 195, 196, 197, 198, 199, 200, 201, 202, 203, 204, 205, 206, 207, 208, 209, 210, 211, 212, 213, 214, 216, 217, 287, 288, 291, 292, 293, 295, 296, 297, 298, 301, 302, 303, 305, 306, 307, 308, 309, 310, 313, 314, 316, 317, 318, 319, 322, 323, 324, 339, 340, 341, 342, 343, 344, 345, 348], "summary": {"covered_lines": 109, "num_statements": 109, "percent_covered": 100.0, "percent_covered_display": "100", "missing_lines": 0, "excluded_lines": 4}, "missing_lines": [], "excluded_lines": [16, 17, 18, 20]}}, "classes": {"ProteinTuple": {"executed_lines": [], "summary": {"covered_lines": 0, "num_statements": 0, "percent_covered": 100.0, "percent_covered_display": "100", "missing_lines": 0, "excluded_lines": 0}, "missing_lines": [], "excluded_lines": []}, "TrajectoryStaticFeatures": {"executed_lines": [], "summary": {"covered_lines": 0, "num_statements": 0, "percent_covered": 100.0, "percent_covered_display": "100", "missing_lines": 0, "excluded_lines": 0}, "missing_lines": [], "excluded_lines": []}, "EstatInfo": {"executed_lines": [], "summary": {"covered_lines": 0, "num_statements": 0, "percent_covered": 100.0, "percent_covered_display": "100", "missing_lines": 0, "excluded_lines": 0}, "missing_lines": [], "excluded_lines": []}, "Protein": {"executed_lines": [239], "summary": {"covered_lines": 1, "num_statements": 1, "percent_covered": 100.0, "percent_covered_display": "100", "missing_lines": 0, "excluded_lines": 0}, "missing_lines": [], "excluded_lines": []}, "_EStepState": {"executed_lines": [], "summary": {"covered_lines": 0, "num_statements": 0, "percent_covered": 100.0, "percent_covered_display": "100", "missing_lines": 0, "excluded_lines": 0}, "missing_lines": [], "excluded_lines": []}, "GMM": {"executed_lines": [], "summary": {"covered_lines": 0, "num_statements": 0, "percent_covered": 100.0, "percent_covered_display": "100", "missing_lines": 0, "excluded_lines": 0}, "missing_lines": [], "excluded_lines": []}, "EMLoopState": {"executed_lines": [], "summary": {"covered_lines": 0, "num_statements": 0, "percent_covered": 100.0, "percent_covered_display": "100", "missing_lines": 0, "excluded_lines": 0}, "missing_lines": [], "excluded_lines": []}, "EMFitterResult": {"executed_lines": [], "summary": {"covered_lines": 0, "num_statements": 0, "percent_covered": 100.0, "percent_covered_display": "100", "missing_lines": 0, "excluded_lines": 0}, "missing_lines": [], "excluded_lines": []}, "": {"executed_lines": [1, 6, 8, 9, 11, 12, 14, 16, 40, 43, 44, 67, 68, 69, 70, 71, 72, 73, 74, 75, 76, 77, 78, 79, 80, 81, 82, 83, 84, 85, 86, 87, 88, 89, 92, 93, 94, 96, 97, 98, 99, 100, 101, 102, 105, 122, 123, 124, 136, 137, 138, 139, 140, 141, 144, 154, 155, 159, 160, 161, 191, 192, 193, 194, 195, 196, 197, 198, 199, 200, 201, 202, 203, 204, 205, 206, 207, 208, 209, 210, 211, 212, 213, 214, 216, 217, 287, 288, 291, 292, 293, 295, 296, 297, 298, 301, 302, 303, 305, 306, 307, 308, 309, 310, 313, 314, 316, 317, 318, 319, 322, 323, 324, 339, 340, 341, 342, 343, 344, 345, 348], "summary": {"covered_lines": 111, "num_statements": 115, "percent_covered": 96.52173913043478, "percent_covered_display": "97", "missing_lines": 4, "excluded_lines": 4}, "missing_lines": [117, 118, 119, 156], "excluded_lines": [16, 17, 18, 20]}}}, "src/priox/core/types.py": {"executed_lines": [1, 3, 5, 7, 8, 10, 14, 15, 16, 17, 18, 19, 20, 24, 25, 26, 27, 28, 31, 32, 33, 34, 35, 36, 37, 38, 39, 40, 44, 48, 49, 50, 51, 52, 53, 55, 56, 57, 58, 60, 61, 62, 63, 65, 66, 67, 69, 72, 73, 75, 76, 77, 78, 79, 80, 81, 82, 83, 86, 87, 89, 90, 91, 92], "summary": {"covered_lines": 61, "num_statements": 61, "percent_covered": 100.0, "percent_covered_display": "100", "missing_lines": 0, "excluded_lines": 2}, "missing_lines": [], "excluded_lines": [10, 12], "functions": {"": {"executed_lines": [1, 3, 5, 7, 8, 10, 14, 15, 16, 17, 18, 19, 20, 24, 25, 26, 27, 28, 31, 32, 33, 34, 35, 36, 37, 38, 39, 40, 44, 48, 49, 50, 51, 52, 53, 55, 56, 57, 58, 60, 61, 62, 63, 65, 66, 67, 69, 72, 73, 75, 76, 77, 78, 79, 80, 81, 82, 83, 86, 87, 89, 90, 91, 92], "summary": {"covered_lines": 61, "num_statements": 61, "percent_covered": 100.0, "percent_covered_display": "100", "missing_lines": 0, "excluded_lines": 2}, "missing_lines": [], "excluded_lines": [10, 12]}}, "classes": {"TrainingMetrics": {"executed_lines": [], "summary": {"covered_lines": 0, "num_statements": 0, "percent_covered": 100.0, "percent_covered_display": "100", "missing_lines": 0, "excluded_lines": 0}, "missing_lines": [], "excluded_lines": []}, "": {"executed_lines": [1, 3, 5, 7, 8, 10, 14, 15, 16, 17, 18, 19, 20, 24, 25, 26, 27, 28, 31, 32, 33, 34, 35, 36, 37, 38, 39, 40, 44, 48, 49, 50, 51, 52, 53, 55, 56, 57, 58, 60, 61, 62, 63, 65, 66, 67, 69, 72, 73, 75, 76, 77, 78, 79, 80, 81, 82, 83, 86, 87, 89, 90, 91, 92], "summary": {"covered_lines": 61, "num_statements": 61, "percent_covered": 100.0, "percent_covered_display": "100", "missing_lines": 0, "excluded_lines": 2}, "missing_lines": [], "excluded_lines": [10, 12]}}}, "src/priox/geometry/__init__.py": {"executed_lines": [0], "summary": {"covered_lines": 0, "num_statements": 0, "percent_covered": 100.0, "percent_covered_display": "100", "missing_lines": 0, "excluded_lines": 0}, "missing_lines": [], "excluded_lines": [], "functions": {"": {"executed_lines": [], "summary": {"covered_lines": 0, "num_statements": 0, "percent_covered": 100.0, "percent_covered_display": "100", "missing_lines": 0, "excluded_lines": 0}, "missing_lines": [], "excluded_lines": []}}, "classes": {"": {"executed_lines": [], "summary": {"covered_lines": 0, "num_statements": 0, "percent_covered": 100.0, "percent_covered_display": "100", "missing_lines": 0, "excluded_lines": 0}, "missing_lines": [], "excluded_lines": []}}}, "src/priox/geometry/alignment.py": {"executed_lines": [1, 3, 5, 7, 13, 14, 17, 29, 34, 35, 36, 37, 38, 39, 41, 46, 47, 49, 66, 68, 70, 76, 78, 83, 84, 89, 90, 91, 93, 94, 96, 97, 100, 102, 103, 106, 119, 123, 124, 125, 126, 127, 131, 132, 134, 153, 159, 160, 161, 163, 164, 169, 175, 177, 179, 181, 182, 183, 188, 197, 198, 203, 204, 205, 207, 208, 214, 216, 218, 219, 222, 244, 248, 249, 250, 251, 252, 256, 257, 259, 268, 273, 274, 275, 276, 277, 278, 280, 282, 288, 290, 292, 294, 299, 300, 301, 306, 312, 313, 315, 316, 317, 323, 324, 326, 327, 328, 329, 330, 332, 333, 334, 336, 337, 338, 339, 344, 345, 348, 359, 361, 367, 368, 370, 371, 373, 374, 376, 377, 378, 382, 383, 385, 391, 396, 402, 406, 410, 418, 426, 431, 432, 436, 441, 443, 448, 450, 451, 452, 453, 458, 461, 462, 463, 465, 470, 476, 478, 479, 484, 511, 512, 515, 540, 546, 548, 549, 551, 552, 554, 562, 563, 566, 567, 569, 570, 572, 575, 576, 579, 580, 582, 583, 584, 588, 589, 591, 593, 595, 596, 597, 598, 600], "summary": {"covered_lines": 191, "num_statements": 198, "percent_covered": 96.46464646464646, "percent_covered_display": "96", "missing_lines": 7, "excluded_lines": 3}, "missing_lines": [40, 319, 320, 321, 433, 434, 544], "excluded_lines": [7, 8, 10], "functions": {"smith_waterman_no_gap": {"executed_lines": [29, 49, 102, 103], "summary": {"covered_lines": 4, "num_statements": 4, "percent_covered": 100.0, "percent_covered_display": "100", "missing_lines": 0, "excluded_lines": 0}, "missing_lines": [], "excluded_lines": []}, "smith_waterman_no_gap.rotate_matrix": {"executed_lines": [34, 35, 36, 37, 38, 39, 41, 46, 47], "summary": {"covered_lines": 9, "num_statements": 10, "percent_covered": 90.0, "percent_covered_display": "90", "missing_lines": 1, "excluded_lines": 0}, "missing_lines": [40], "excluded_lines": []}, "smith_waterman_no_gap.compute_scoring_matrix": {"executed_lines": [66, 70, 78, 93, 94, 96, 97, 100], "summary": {"covered_lines": 8, "num_statements": 8, "percent_covered": 100.0, "percent_covered_display": "100", "missing_lines": 0, "excluded_lines": 0}, "missing_lines": [], "excluded_lines": []}, "smith_waterman_no_gap.compute_scoring_matrix._soft_maximum": {"executed_lines": [68], "summary": {"covered_lines": 1, "num_statements": 1, "percent_covered": 100.0, "percent_covered_display": "100", "missing_lines": 0, "excluded_lines": 0}, "missing_lines": [], "excluded_lines": []}, "smith_waterman_no_gap.compute_scoring_matrix._conditional_select": {"executed_lines": [76], "summary": {"covered_lines": 1, "num_statements": 1, "percent_covered": 100.0, "percent_covered_display": "100", "missing_lines": 0, "excluded_lines": 0}, "missing_lines": [], "excluded_lines": []}, "smith_waterman_no_gap.compute_scoring_matrix._scan_step": {"executed_lines": [83, 84, 89, 90, 91], "summary": {"covered_lines": 5, "num_statements": 5, "percent_covered": 100.0, "percent_covered_display": "100", "missing_lines": 0, "excluded_lines": 0}, "missing_lines": [], "excluded_lines": []}, "smith_waterman": {"executed_lines": [119, 134, 218, 219], "summary": {"covered_lines": 4, "num_statements": 4, "percent_covered": 100.0, "percent_covered_display": "100", "missing_lines": 0, "excluded_lines": 0}, "missing_lines": [], "excluded_lines": []}, "smith_waterman._rotate_matrix": {"executed_lines": [123, 124, 125, 126, 127, 131, 132], "summary": {"covered_lines": 7, "num_statements": 7, "percent_covered": 100.0, "percent_covered_display": "100", "missing_lines": 0, "excluded_lines": 0}, "missing_lines": [], "excluded_lines": []}, "smith_waterman._compute_scoring_matrix": {"executed_lines": [153, 169, 177, 181, 203, 204, 205, 207, 208, 214, 216], "summary": {"covered_lines": 11, "num_statements": 11, "percent_covered": 100.0, "percent_covered_display": "100", "missing_lines": 0, "excluded_lines": 0}, "missing_lines": [], "excluded_lines": []}, "smith_waterman._compute_scoring_matrix._soft_maximum": {"executed_lines": [159, 160, 161, 163, 164], "summary": {"covered_lines": 5, "num_statements": 5, "percent_covered": 100.0, "percent_covered_display": "100", "missing_lines": 0, "excluded_lines": 0}, "missing_lines": [], "excluded_lines": []}, "smith_waterman._compute_scoring_matrix._conditional_select": {"executed_lines": [175], "summary": {"covered_lines": 1, "num_statements": 1, "percent_covered": 100.0, "percent_covered_display": "100", "missing_lines": 0, "excluded_lines": 0}, "missing_lines": [], "excluded_lines": []}, "smith_waterman._compute_scoring_matrix._pad": {"executed_lines": [179], "summary": {"covered_lines": 1, "num_statements": 1, "percent_covered": 100.0, "percent_covered_display": "100", "missing_lines": 0, "excluded_lines": 0}, "missing_lines": [], "excluded_lines": []}, "smith_waterman._compute_scoring_matrix._step": {"executed_lines": [182, 183, 188, 197, 198], "summary": {"covered_lines": 5, "num_statements": 5, "percent_covered": 100.0, "percent_covered_display": "100", "missing_lines": 0, "excluded_lines": 0}, "missing_lines": [], "excluded_lines": []}, "smith_waterman_affine": {"executed_lines": [244, 259, 344, 345], "summary": {"covered_lines": 4, "num_statements": 4, "percent_covered": 100.0, "percent_covered_display": "100", "missing_lines": 0, "excluded_lines": 0}, "missing_lines": [], "excluded_lines": []}, "smith_waterman_affine._rotate_matrix": {"executed_lines": [248, 249, 250, 251, 252, 256, 257], "summary": {"covered_lines": 7, "num_statements": 7, "percent_covered": 100.0, "percent_covered_display": "100", "missing_lines": 0, "excluded_lines": 0}, "missing_lines": [], "excluded_lines": []}, "smith_waterman_affine._compute_scoring_matrix": {"executed_lines": [268, 282, 290, 294, 332, 333, 334, 336, 337, 338, 339], "summary": {"covered_lines": 11, "num_statements": 11, "percent_covered": 100.0, "percent_covered_display": "100", "missing_lines": 0, "excluded_lines": 0}, "missing_lines": [], "excluded_lines": []}, "smith_waterman_affine._compute_scoring_matrix._soft_maximum": {"executed_lines": [273, 280], "summary": {"covered_lines": 2, "num_statements": 2, "percent_covered": 100.0, "percent_covered_display": "100", "missing_lines": 0, "excluded_lines": 0}, "missing_lines": [], "excluded_lines": []}, "smith_waterman_affine._compute_scoring_matrix._soft_maximum._logsumexp": {"executed_lines": [274, 275, 276, 277, 278], "summary": {"covered_lines": 5, "num_statements": 5, "percent_covered": 100.0, "percent_covered_display": "100", "missing_lines": 0, "excluded_lines": 0}, "missing_lines": [], "excluded_lines": []}, "smith_waterman_affine._compute_scoring_matrix._conditional_select": {"executed_lines": [288], "summary": {"covered_lines": 1, "num_statements": 1, "percent_covered": 100.0, "percent_covered_display": "100", "missing_lines": 0, "excluded_lines": 0}, "missing_lines": [], "excluded_lines": []}, "smith_waterman_affine._compute_scoring_matrix._pad": {"executed_lines": [292], "summary": {"covered_lines": 1, "num_statements": 1, "percent_covered": 100.0, "percent_covered_display": "100", "missing_lines": 0, "excluded_lines": 0}, "missing_lines": [], "excluded_lines": []}, "smith_waterman_affine._compute_scoring_matrix._scan_step": {"executed_lines": [299, 300, 301, 306, 312, 313, 315, 316, 317, 323, 324, 326, 327, 328, 329, 330], "summary": {"covered_lines": 16, "num_statements": 19, "percent_covered": 84.21052631578948, "percent_covered_display": "84", "missing_lines": 3, "excluded_lines": 0}, "missing_lines": [319, 320, 321], "excluded_lines": []}, "needleman_wunsch_alignment": {"executed_lines": [359, 361, 418, 478, 479], "summary": {"covered_lines": 5, "num_statements": 5, "percent_covered": 100.0, "percent_covered_display": "100", "missing_lines": 0, "excluded_lines": 0}, "missing_lines": [], "excluded_lines": []}, "needleman_wunsch_alignment.prepare_rotated_data": {"executed_lines": [367, 368, 370, 371, 373, 374, 376, 377, 378, 382, 383, 385, 391, 396, 402, 406, 410], "summary": {"covered_lines": 17, "num_statements": 17, "percent_covered": 100.0, "percent_covered_display": "100", "missing_lines": 0, "excluded_lines": 0}, "missing_lines": [], "excluded_lines": []}, "needleman_wunsch_alignment.compute_scoring_matrix": {"executed_lines": [426, 436, 443, 450, 465, 470, 476], "summary": {"covered_lines": 7, "num_statements": 7, "percent_covered": 100.0, "percent_covered_display": "100", "missing_lines": 0, "excluded_lines": 0}, "missing_lines": [], "excluded_lines": []}, "needleman_wunsch_alignment.compute_scoring_matrix._logsumexp": {"executed_lines": [431, 432], "summary": {"covered_lines": 2, "num_statements": 4, "percent_covered": 50.0, "percent_covered_display": "50", "missing_lines": 2, "excluded_lines": 0}, "missing_lines": [433, 434], "excluded_lines": []}, "needleman_wunsch_alignment.compute_scoring_matrix._soft_maximum": {"executed_lines": [441], "summary": {"covered_lines": 1, "num_statements": 1, "percent_covered": 100.0, "percent_covered_display": "100", "missing_lines": 0, "excluded_lines": 0}, "missing_lines": [], "excluded_lines": []}, "needleman_wunsch_alignment.compute_scoring_matrix._conditional_select": {"executed_lines": [448], "summary": {"covered_lines": 1, "num_statements": 1, "percent_covered": 100.0, "percent_covered_display": "100", "missing_lines": 0, "excluded_lines": 0}, "missing_lines": [], "excluded_lines": []}, "needleman_wunsch_alignment.compute_scoring_matrix._scan_step": {"executed_lines": [451, 452, 453, 458, 461, 462, 463], "summary": {"covered_lines": 7, "num_statements": 7, "percent_covered": 100.0, "percent_covered_display": "100", "missing_lines": 0, "excluded_lines": 0}, "missing_lines": [], "excluded_lines": []}, "align_sequences": {"executed_lines": [540, 546, 548, 549, 551, 552, 554, 593, 595, 596, 597, 598, 600], "summary": {"covered_lines": 13, "num_statements": 14, "percent_covered": 92.85714285714286, "percent_covered_display": "93", "missing_lines": 1, "excluded_lines": 0}, "missing_lines": [544], "excluded_lines": []}, "align_sequences._align_and_map_pair": {"executed_lines": [562, 563, 566, 567, 569, 570, 572, 575, 576, 579, 580, 582, 583, 584, 588, 589, 591], "summary": {"covered_lines": 17, "num_statements": 17, "percent_covered": 100.0, "percent_covered_display": "100", "missing_lines": 0, "excluded_lines": 0}, "missing_lines": [], "excluded_lines": []}, "": {"executed_lines": [1, 3, 5, 7, 13, 14, 17, 106, 222, 348, 484, 511, 512, 515], "summary": {"covered_lines": 12, "num_statements": 12, "percent_covered": 100.0, "percent_covered_display": "100", "missing_lines": 0, "excluded_lines": 3}, "missing_lines": [], "excluded_lines": [7, 8, 10]}}, "classes": {"": {"executed_lines": [1, 3, 5, 7, 13, 14, 17, 29, 34, 35, 36, 37, 38, 39, 41, 46, 47, 49, 66, 68, 70, 76, 78, 83, 84, 89, 90, 91, 93, 94, 96, 97, 100, 102, 103, 106, 119, 123, 124, 125, 126, 127, 131, 132, 134, 153, 159, 160, 161, 163, 164, 169, 175, 177, 179, 181, 182, 183, 188, 197, 198, 203, 204, 205, 207, 208, 214, 216, 218, 219, 222, 244, 248, 249, 250, 251, 252, 256, 257, 259, 268, 273, 274, 275, 276, 277, 278, 280, 282, 288, 290, 292, 294, 299, 300, 301, 306, 312, 313, 315, 316, 317, 323, 324, 326, 327, 328, 329, 330, 332, 333, 334, 336, 337, 338, 339, 344, 345, 348, 359, 361, 367, 368, 370, 371, 373, 374, 376, 377, 378, 382, 383, 385, 391, 396, 402, 406, 410, 418, 426, 431, 432, 436, 441, 443, 448, 450, 451, 452, 453, 458, 461, 462, 463, 465, 470, 476, 478, 479, 484, 511, 512, 515, 540, 546, 548, 549, 551, 552, 554, 562, 563, 566, 567, 569, 570, 572, 575, 576, 579, 580, 582, 583, 584, 588, 589, 591, 593, 595, 596, 597, 598, 600], "summary": {"covered_lines": 191, "num_statements": 198, "percent_covered": 96.46464646464646, "percent_covered_display": "96", "missing_lines": 7, "excluded_lines": 3}, "missing_lines": [40, 319, 320, 321, 433, 434, 544], "excluded_lines": [7, 8, 10]}}}, "src/priox/geometry/metrics.py": {"executed_lines": [1, 9, 11, 13, 17, 45, 46, 47, 50, 77, 78, 79, 82, 116, 117, 118, 121, 154, 155, 156, 159, 192, 193, 194, 197, 229, 230, 231], "summary": {"covered_lines": 26, "num_statements": 26, "percent_covered": 100.0, "percent_covered_display": "100", "missing_lines": 0, "excluded_lines": 2}, "missing_lines": [], "excluded_lines": [13, 14], "functions": {"calculate_ca_distance_matrix": {"executed_lines": [45, 46, 47], "summary": {"covered_lines": 3, "num_statements": 3, "percent_covered": 100.0, "percent_covered_display": "100", "missing_lines": 0, "excluded_lines": 0}, "missing_lines": [], "excluded_lines": []}, "calculate_cb_distance_matrix": {"executed_lines": [77, 78, 79], "summary": {"covered_lines": 3, "num_statements": 3, "percent_covered": 100.0, "percent_covered_display": "100", "missing_lines": 0, "excluded_lines": 0}, "missing_lines": [], "excluded_lines": []}, "calculate_closest_atom_distance_matrix": {"executed_lines": [116, 117, 118], "summary": {"covered_lines": 3, "num_statements": 3, "percent_covered": 100.0, "percent_covered_display": "100", "missing_lines": 0, "excluded_lines": 0}, "missing_lines": [], "excluded_lines": []}, "calculate_rmsd": {"executed_lines": [154, 155, 156], "summary": {"covered_lines": 3, "num_statements": 3, "percent_covered": 100.0, "percent_covered_display": "100", "missing_lines": 0, "excluded_lines": 0}, "missing_lines": [], "excluded_lines": []}, "calculate_tm_score": {"executed_lines": [192, 193, 194], "summary": {"covered_lines": 3, "num_statements": 3, "percent_covered": 100.0, "percent_covered_display": "100", "missing_lines": 0, "excluded_lines": 0}, "missing_lines": [], "excluded_lines": []}, "calculate_cosine_similarity": {"executed_lines": [229, 230, 231], "summary": {"covered_lines": 3, "num_statements": 3, "percent_covered": 100.0, "percent_covered_display": "100", "missing_lines": 0, "excluded_lines": 0}, "missing_lines": [], "excluded_lines": []}, "": {"executed_lines": [1, 9, 11, 13, 17, 50, 82, 121, 159, 197], "summary": {"covered_lines": 8, "num_statements": 8, "percent_covered": 100.0, "percent_covered_display": "100", "missing_lines": 0, "excluded_lines": 2}, "missing_lines": [], "excluded_lines": [13, 14]}}, "classes": {"": {"executed_lines": [1, 9, 11, 13, 17, 45, 46, 47, 50, 77, 78, 79, 82, 116, 117, 118, 121, 154, 155, 156, 159, 192, 193, 194, 197, 229, 230, 231], "summary": {"covered_lines": 26, "num_statements": 26, "percent_covered": 100.0, "percent_covered_display": "100", "missing_lines": 0, "excluded_lines": 2}, "missing_lines": [], "excluded_lines": [13, 14]}}}, "src/priox/geometry/radial_basis.py": {"executed_lines": [1, 6, 7, 8, 10, 12, 13, 15, 16, 17, 18, 20, 50, 53, 54, 60, 62, 63, 64, 65, 66, 67, 71], "summary": {"covered_lines": 22, "num_statements": 22, "percent_covered": 100.0, "percent_covered_display": "100", "missing_lines": 0, "excluded_lines": 0}, "missing_lines": [], "excluded_lines": [], "functions": {"compute_radial_basis": {"executed_lines": [60, 71], "summary": {"covered_lines": 2, "num_statements": 2, "percent_covered": 100.0, "percent_covered_display": "100", "missing_lines": 0, "excluded_lines": 0}, "missing_lines": [], "excluded_lines": []}, "compute_radial_basis._rbf": {"executed_lines": [62, 63, 64, 65, 66, 67], "summary": {"covered_lines": 6, "num_statements": 6, "percent_covered": 100.0, "percent_covered_display": "100", "missing_lines": 0, "excluded_lines": 0}, "missing_lines": [], "excluded_lines": []}, "": {"executed_lines": [1, 6, 7, 8, 10, 12, 13, 15, 16, 17, 18, 20, 50, 53, 54], "summary": {"covered_lines": 14, "num_statements": 14, "percent_covered": 100.0, "percent_covered_display": "100", "missing_lines": 0, "excluded_lines": 0}, "missing_lines": [], "excluded_lines": []}}, "classes": {"": {"executed_lines": [1, 6, 7, 8, 10, 12, 13, 15, 16, 17, 18, 20, 50, 53, 54, 60, 62, 63, 64, 65, 66, 67, 71], "summary": {"covered_lines": 22, "num_statements": 22, "percent_covered": 100.0, "percent_covered_display": "100", "missing_lines": 0, "excluded_lines": 0}, "missing_lines": [], "excluded_lines": []}}}, "src/priox/geometry/transforms.py": {"executed_lines": [1, 6, 7, 8, 10, 11, 12, 21, 22, 42, 44, 45, 46, 48, 49, 51, 63, 66, 67, 89, 90, 91, 92, 94, 95, 96, 98, 104, 105, 134, 135, 136, 137, 138, 141, 142, 165, 166, 175, 176, 210, 211, 213, 214, 215, 216, 217, 218, 221, 222, 265], "summary": {"covered_lines": 50, "num_statements": 50, "percent_covered": 100.0, "percent_covered_display": "100", "missing_lines": 0, "excluded_lines": 0}, "missing_lines": [], "excluded_lines": [], "functions": {"apply_noise_to_coordinates": {"executed_lines": [42, 44, 48, 51, 63], "summary": {"covered_lines": 5, "num_statements": 5, "percent_covered": 100.0, "percent_covered_display": "100", "missing_lines": 0, "excluded_lines": 0}, "missing_lines": [], "excluded_lines": []}, "apply_noise_to_coordinates.add_noise": {"executed_lines": [45, 46], "summary": {"covered_lines": 2, "num_statements": 2, "percent_covered": 100.0, "percent_covered_display": "100", "missing_lines": 0, "excluded_lines": 0}, "missing_lines": [], "excluded_lines": []}, "apply_noise_to_coordinates.no_noise": {"executed_lines": [49], "summary": {"covered_lines": 1, "num_statements": 1, "percent_covered": 100.0, "percent_covered_display": "100", "missing_lines": 0, "excluded_lines": 0}, "missing_lines": [], "excluded_lines": []}, "compute_backbone_coordinates": {"executed_lines": [89, 90, 91, 92, 94, 95, 96, 98], "summary": {"covered_lines": 8, "num_statements": 8, "percent_covered": 100.0, "percent_covered_display": "100", "missing_lines": 0, "excluded_lines": 0}, "missing_lines": [], "excluded_lines": []}, "compute_c_beta": {"executed_lines": [134, 135, 136, 137, 138], "summary": {"covered_lines": 5, "num_statements": 5, "percent_covered": 100.0, "percent_covered_display": "100", "missing_lines": 0, "excluded_lines": 0}, "missing_lines": [], "excluded_lines": []}, "compute_backbone_distance": {"executed_lines": [165, 166], "summary": {"covered_lines": 2, "num_statements": 2, "percent_covered": 100.0, "percent_covered_display": "100", "missing_lines": 0, "excluded_lines": 0}, "missing_lines": [], "excluded_lines": []}, "extend_coordinate": {"executed_lines": [210, 213, 214, 215, 216, 217, 218], "summary": {"covered_lines": 7, "num_statements": 7, "percent_covered": 100.0, "percent_covered_display": "100", "missing_lines": 0, "excluded_lines": 0}, "missing_lines": [], "excluded_lines": []}, "extend_coordinate.normalize": {"executed_lines": [211], "summary": {"covered_lines": 1, "num_statements": 1, "percent_covered": 100.0, "percent_covered_display": "100", "missing_lines": 0, "excluded_lines": 0}, "missing_lines": [], "excluded_lines": []}, "compute_cb_precise": {"executed_lines": [265], "summary": {"covered_lines": 1, "num_statements": 1, "percent_covered": 100.0, "percent_covered_display": "100", "missing_lines": 0, "excluded_lines": 0}, "missing_lines": [], "excluded_lines": []}, "": {"executed_lines": [1, 6, 7, 8, 10, 11, 12, 21, 22, 66, 67, 104, 105, 141, 142, 175, 176, 221, 222], "summary": {"covered_lines": 18, "num_statements": 18, "percent_covered": 100.0, "percent_covered_display": "100", "missing_lines": 0, "excluded_lines": 0}, "missing_lines": [], "excluded_lines": []}}, "classes": {"": {"executed_lines": [1, 6, 7, 8, 10, 11, 12, 21, 22, 42, 44, 45, 46, 48, 49, 51, 63, 66, 67, 89, 90, 91, 92, 94, 95, 96, 98, 104, 105, 134, 135, 136, 137, 138, 141, 142, 165, 166, 175, 176, 210, 211, 213, 214, 215, 216, 217, 218, 221, 222, 265], "summary": {"covered_lines": 50, "num_statements": 50, "percent_covered": 100.0, "percent_covered_display": "100", "missing_lines": 0, "excluded_lines": 0}, "missing_lines": [], "excluded_lines": []}}}, "src/priox/io/__init__.py": {"executed_lines": [0], "summary": {"covered_lines": 0, "num_statements": 0, "percent_covered": 100.0, "percent_covered_display": "100", "missing_lines": 0, "excluded_lines": 0}, "missing_lines": [], "excluded_lines": [], "functions": {"": {"executed_lines": [], "summary": {"covered_lines": 0, "num_statements": 0, "percent_covered": 100.0, "percent_covered_display": "100", "missing_lines": 0, "excluded_lines": 0}, "missing_lines": [], "excluded_lines": []}}, "classes": {"": {"executed_lines": [], "summary": {"covered_lines": 0, "num_statements": 0, "percent_covered": 100.0, "percent_covered_display": "100", "missing_lines": 0, "excluded_lines": 0}, "missing_lines": [], "excluded_lines": []}}}, "src/priox/io/parsing/__init__.py": {"executed_lines": [0], "summary": {"covered_lines": 0, "num_statements": 0, "percent_covered": 100.0, "percent_covered_display": "100", "missing_lines": 0, "excluded_lines": 0}, "missing_lines": [], "excluded_lines": [], "functions": {"": {"executed_lines": [], "summary": {"covered_lines": 0, "num_statements": 0, "percent_covered": 100.0, "percent_covered_display": "100", "missing_lines": 0, "excluded_lines": 0}, "missing_lines": [], "excluded_lines": []}}, "classes": {"": {"executed_lines": [], "summary": {"covered_lines": 0, "num_statements": 0, "percent_covered": 100.0, "percent_covered_display": "100", "missing_lines": 0, "excluded_lines": 0}, "missing_lines": [], "excluded_lines": []}}}, "src/priox/io/parsing/biotite.py": {"executed_lines": [1, 3, 4, 5, 6, 8, 9, 10, 11, 12, 13, 15, 16, 21, 26, 29, 33, 34, 44, 47, 52, 53, 57, 59, 60, 69, 72, 73, 74, 75, 81, 82, 83, 86, 87, 88, 89, 92, 93, 94, 95, 98, 100, 101, 106, 107, 112, 115, 116, 119, 120, 122, 124, 127, 129, 131, 134, 143, 144, 145, 295, 321, 322, 324, 327, 328, 329, 330, 335, 341, 343, 344, 345, 347, 355, 361, 363, 364, 366, 367, 369, 370, 375, 376, 377, 379, 383, 447], "summary": {"covered_lines": 87, "num_statements": 221, "percent_covered": 39.366515837104075, "percent_covered_display": "39", "missing_lines": 134, "excluded_lines": 0}, "missing_lines": [35, 36, 38, 39, 41, 43, 54, 55, 76, 77, 78, 102, 147, 148, 150, 152, 154, 155, 158, 161, 163, 174, 175, 176, 177, 179, 180, 181, 182, 183, 186, 187, 188, 189, 190, 192, 194, 195, 196, 197, 198, 200, 202, 203, 204, 205, 208, 209, 212, 213, 214, 216, 217, 219, 227, 230, 231, 232, 233, 234, 237, 238, 239, 240, 241, 242, 245, 246, 247, 248, 249, 251, 253, 254, 255, 257, 258, 259, 262, 263, 264, 265, 266, 268, 269, 270, 271, 273, 274, 275, 279, 281, 282, 287, 288, 290, 292, 325, 331, 332, 333, 336, 396, 402, 404, 413, 414, 417, 418, 419, 421, 422, 423, 424, 426, 435, 441, 442, 443, 444, 461, 464, 465, 468, 469, 470, 472, 473, 474, 475, 476, 478, 479, 481], "excluded_lines": [], "functions": {"_remove_solvent_from_structure": {"executed_lines": [33, 34, 44], "summary": {"covered_lines": 3, "num_statements": 9, "percent_covered": 33.333333333333336, "percent_covered_display": "33", "missing_lines": 6, "excluded_lines": 0}, "missing_lines": [35, 36, 38, 39, 41, 43], "excluded_lines": []}, "_add_hydrogens_to_structure": {"executed_lines": [52, 53, 57, 59, 60, 69, 72, 73, 74, 75, 81, 82, 83, 86, 87, 88, 89, 92, 93, 94, 95, 98, 100, 101, 106, 107, 112, 115, 116, 119, 120, 122, 124, 127, 129, 131], "summary": {"covered_lines": 36, "num_statements": 42, "percent_covered": 85.71428571428571, "percent_covered_display": "86", "missing_lines": 6, "excluded_lines": 0}, "missing_lines": [54, 55, 76, 77, 78, 102], "excluded_lines": []}, "_fix_arg_protonation": {"executed_lines": [143, 144, 145], "summary": {"covered_lines": 3, "num_statements": 55, "percent_covered": 5.454545454545454, "percent_covered_display": "5", "missing_lines": 52, "excluded_lines": 0}, "missing_lines": [147, 148, 150, 152, 154, 155, 158, 161, 163, 174, 175, 176, 177, 179, 180, 181, 182, 183, 186, 208, 230, 245, 246, 247, 248, 249, 251, 253, 254, 255, 257, 258, 259, 262, 263, 264, 265, 266, 268, 269, 270, 271, 273, 274, 275, 279, 281, 282, 287, 288, 290, 292], "excluded_lines": []}, "_fix_arg_protonation.get_geometry": {"executed_lines": [], "summary": {"covered_lines": 0, "num_statements": 15, "percent_covered": 0.0, "percent_covered_display": "0", "missing_lines": 15, "excluded_lines": 0}, "missing_lines": [187, 188, 189, 190, 192, 194, 195, 196, 197, 198, 200, 202, 203, 204, 205], "excluded_lines": []}, "_fix_arg_protonation.add_h": {"executed_lines": [], "summary": {"covered_lines": 0, "num_statements": 8, "percent_covered": 0.0, "percent_covered_display": "0", "missing_lines": 8, "excluded_lines": 0}, "missing_lines": [209, 212, 213, 214, 216, 217, 219, 227], "excluded_lines": []}, "_fix_arg_protonation.get_existing_sign": {"executed_lines": [], "summary": {"covered_lines": 0, "num_statements": 10, "percent_covered": 0.0, "percent_covered_display": "0", "missing_lines": 10, "excluded_lines": 0}, "missing_lines": [231, 232, 233, 234, 237, 238, 239, 240, 241, 242], "excluded_lines": []}, "load_structure_with_hydride": {"executed_lines": [321, 322, 324, 327, 328, 329, 330, 335, 341, 343, 344, 345, 347, 355, 361, 363, 364, 366, 367, 369, 370, 375, 376, 377, 379], "summary": {"covered_lines": 25, "num_statements": 30, "percent_covered": 83.33333333333333, "percent_covered_display": "83", "missing_lines": 5, "excluded_lines": 0}, "missing_lines": [325, 331, 332, 333, 336], "excluded_lines": []}, "_parse_biotite": {"executed_lines": [], "summary": {"covered_lines": 0, "num_statements": 18, "percent_covered": 0.0, "percent_covered_display": "0", "missing_lines": 18, "excluded_lines": 0}, "missing_lines": [396, 402, 404, 413, 414, 417, 418, 419, 421, 422, 423, 424, 426, 435, 441, 442, 443, 444], "excluded_lines": []}, "biotite_to_jax_md_system": {"executed_lines": [], "summary": {"covered_lines": 0, "num_statements": 14, "percent_covered": 0.0, "percent_covered_display": "0", "missing_lines": 14, "excluded_lines": 0}, "missing_lines": [461, 464, 465, 468, 469, 470, 472, 473, 474, 475, 476, 478, 479, 481], "excluded_lines": []}, "": {"executed_lines": [1, 3, 4, 5, 6, 8, 9, 10, 11, 12, 13, 15, 16, 21, 26, 29, 47, 134, 295, 383, 447], "summary": {"covered_lines": 20, "num_statements": 20, "percent_covered": 100.0, "percent_covered_display": "100", "missing_lines": 0, "excluded_lines": 0}, "missing_lines": [], "excluded_lines": []}}, "classes": {"": {"executed_lines": [1, 3, 4, 5, 6, 8, 9, 10, 11, 12, 13, 15, 16, 21, 26, 29, 33, 34, 44, 47, 52, 53, 57, 59, 60, 69, 72, 73, 74, 75, 81, 82, 83, 86, 87, 88, 89, 92, 93, 94, 95, 98, 100, 101, 106, 107, 112, 115, 116, 119, 120, 122, 124, 127, 129, 131, 134, 143, 144, 145, 295, 321, 322, 324, 327, 328, 329, 330, 335, 341, 343, 344, 345, 347, 355, 361, 363, 364, 366, 367, 369, 370, 375, 376, 377, 379, 383, 447], "summary": {"covered_lines": 87, "num_statements": 221, "percent_covered": 39.366515837104075, "percent_covered_display": "39", "missing_lines": 134, "excluded_lines": 0}, "missing_lines": [35, 36, 38, 39, 41, 43, 54, 55, 76, 77, 78, 102, 147, 148, 150, 152, 154, 155, 158, 161, 163, 174, 175, 176, 177, 179, 180, 181, 182, 183, 186, 187, 188, 189, 190, 192, 194, 195, 196, 197, 198, 200, 202, 203, 204, 205, 208, 209, 212, 213, 214, 216, 217, 219, 227, 230, 231, 232, 233, 234, 237, 238, 239, 240, 241, 242, 245, 246, 247, 248, 249, 251, 253, 254, 255, 257, 258, 259, 262, 263, 264, 265, 266, 268, 269, 270, 271, 273, 274, 275, 279, 281, 282, 287, 288, 290, 292, 325, 331, 332, 333, 336, 396, 402, 404, 413, 414, 417, 418, 419, 421, 422, 423, 424, 426, 435, 441, 442, 443, 444, 461, 464, 465, 468, 469, 470, 472, 473, 474, 475, 476, 478, 479, 481], "excluded_lines": []}}}, "src/priox/io/parsing/coords.py": {"executed_lines": [1, 3, 5, 7, 10, 19, 21, 22, 24, 25, 26, 27, 28, 29, 32, 38, 39, 49, 56, 57, 58, 61], "summary": {"covered_lines": 21, "num_statements": 21, "percent_covered": 100.0, "percent_covered_display": "100", "missing_lines": 0, "excluded_lines": 0}, "missing_lines": [], "excluded_lines": [], "functions": {"extend_coordinate": {"executed_lines": [19, 21, 24, 25, 26, 27, 28, 29], "summary": {"covered_lines": 8, "num_statements": 8, "percent_covered": 100.0, "percent_covered_display": "100", "missing_lines": 0, "excluded_lines": 0}, "missing_lines": [], "excluded_lines": []}, "extend_coordinate.normalize": {"executed_lines": [22], "summary": {"covered_lines": 1, "num_statements": 1, "percent_covered": 100.0, "percent_covered_display": "100", "missing_lines": 0, "excluded_lines": 0}, "missing_lines": [], "excluded_lines": []}, "compute_cb_precise": {"executed_lines": [38, 39], "summary": {"covered_lines": 2, "num_statements": 2, "percent_covered": 100.0, "percent_covered_display": "100", "missing_lines": 0, "excluded_lines": 0}, "missing_lines": [], "excluded_lines": []}, "process_coordinates": {"executed_lines": [56, 57, 58, 61], "summary": {"covered_lines": 4, "num_statements": 4, "percent_covered": 100.0, "percent_covered_display": "100", "missing_lines": 0, "excluded_lines": 0}, "missing_lines": [], "excluded_lines": []}, "": {"executed_lines": [1, 3, 5, 7, 10, 32, 49], "summary": {"covered_lines": 6, "num_statements": 6, "percent_covered": 100.0, "percent_covered_display": "100", "missing_lines": 0, "excluded_lines": 0}, "missing_lines": [], "excluded_lines": []}}, "classes": {"": {"executed_lines": [1, 3, 5, 7, 10, 19, 21, 22, 24, 25, 26, 27, 28, 29, 32, 38, 39, 49, 56, 57, 58, 61], "summary": {"covered_lines": 21, "num_statements": 21, "percent_covered": 100.0, "percent_covered_display": "100", "missing_lines": 0, "excluded_lines": 0}, "missing_lines": [], "excluded_lines": []}}}, "src/priox/io/parsing/dispatch.py": {"executed_lines": [1, 3, 5, 6, 8, 9, 11, 17, 36, 37, 38, 39, 41, 43, 44, 45, 46, 47, 48, 49, 50, 51, 52, 54, 55, 58, 61, 62, 63, 65, 66, 67, 75, 77, 78, 79, 80, 84, 86, 91, 92, 93, 94, 99, 104, 112, 121, 123, 125, 126, 127, 128, 135, 137, 138, 140, 142, 144, 146, 147, 148, 152, 153, 156], "summary": {"covered_lines": 62, "num_statements": 66, "percent_covered": 93.93939393939394, "percent_covered_display": "94", "missing_lines": 4, "excluded_lines": 3}, "missing_lines": [53, 97, 119, 149], "excluded_lines": [11, 12, 14], "functions": {"load_structure": {"executed_lines": [36, 37, 38, 39, 41, 43, 44, 45, 46, 47, 48, 49, 50, 51, 52, 54, 55, 58, 61, 62, 63, 65, 66, 67, 75, 77, 78, 79, 80, 84, 86, 91, 92, 93, 94, 99, 104, 112, 121, 123, 125, 138, 140], "summary": {"covered_lines": 43, "num_statements": 46, "percent_covered": 93.47826086956522, "percent_covered_display": "93", "missing_lines": 3, "excluded_lines": 0}, "missing_lines": [53, 97, 119], "excluded_lines": []}, "load_structure._generator": {"executed_lines": [126, 127, 128, 135, 137], "summary": {"covered_lines": 5, "num_statements": 5, "percent_covered": 100.0, "percent_covered_display": "100", "missing_lines": 0, "excluded_lines": 0}, "missing_lines": [], "excluded_lines": []}, "_determine_h5_structure": {"executed_lines": [146, 147, 148, 152, 153, 156], "summary": {"covered_lines": 6, "num_statements": 7, "percent_covered": 85.71428571428571, "percent_covered_display": "86", "missing_lines": 1, "excluded_lines": 0}, "missing_lines": [149], "excluded_lines": []}, "": {"executed_lines": [1, 3, 5, 6, 8, 9, 11, 17, 142, 144], "summary": {"covered_lines": 8, "num_statements": 8, "percent_covered": 100.0, "percent_covered_display": "100", "missing_lines": 0, "excluded_lines": 3}, "missing_lines": [], "excluded_lines": [11, 12, 14]}}, "classes": {"": {"executed_lines": [1, 3, 5, 6, 8, 9, 11, 17, 36, 37, 38, 39, 41, 43, 44, 45, 46, 47, 48, 49, 50, 51, 52, 54, 55, 58, 61, 62, 63, 65, 66, 67, 75, 77, 78, 79, 80, 84, 86, 91, 92, 93, 94, 99, 104, 112, 121, 123, 125, 126, 127, 128, 135, 137, 138, 140, 142, 144, 146, 147, 148, 152, 153, 156], "summary": {"covered_lines": 62, "num_statements": 66, "percent_covered": 93.93939393939394, "percent_covered_display": "94", "missing_lines": 4, "excluded_lines": 3}, "missing_lines": [53, 97, 119, 149], "excluded_lines": [11, 12, 14]}}}, "src/priox/io/parsing/foldcomp.py": {"executed_lines": [1, 6, 8, 9, 10, 11, 13, 15, 16, 18, 25, 26, 27, 28, 31, 32, 35, 40, 42, 69, 70, 80], "summary": {"covered_lines": 20, "num_statements": 46, "percent_covered": 43.47826086956522, "percent_covered_display": "43", "missing_lines": 26, "excluded_lines": 4}, "missing_lines": [30, 75, 76, 77, 96, 97, 98, 99, 103, 104, 105, 106, 107, 108, 110, 111, 112, 113, 115, 116, 117, 119, 128, 129, 130, 131], "excluded_lines": [18, 19, 21, 23], "functions": {"_setup_foldcomp_database": {"executed_lines": [], "summary": {"covered_lines": 0, "num_statements": 3, "percent_covered": 0.0, "percent_covered_display": "0", "missing_lines": 3, "excluded_lines": 0}, "missing_lines": [75, 76, 77], "excluded_lines": []}, "get_protein_structures": {"executed_lines": [], "summary": {"covered_lines": 0, "num_statements": 22, "percent_covered": 0.0, "percent_covered_display": "0", "missing_lines": 22, "excluded_lines": 0}, "missing_lines": [96, 97, 98, 99, 103, 104, 105, 106, 107, 108, 110, 111, 112, 113, 115, 116, 117, 119, 128, 129, 130, 131], "excluded_lines": []}, "": {"executed_lines": [1, 6, 8, 9, 10, 11, 13, 15, 16, 18, 25, 26, 27, 28, 31, 32, 35, 40, 42, 69, 70, 80], "summary": {"covered_lines": 20, "num_statements": 21, "percent_covered": 95.23809523809524, "percent_covered_display": "95", "missing_lines": 1, "excluded_lines": 4}, "missing_lines": [30], "excluded_lines": [18, 19, 21, 23]}}, "classes": {"": {"executed_lines": [1, 6, 8, 9, 10, 11, 13, 15, 16, 18, 25, 26, 27, 28, 31, 32, 35, 40, 42, 69, 70, 80], "summary": {"covered_lines": 20, "num_statements": 46, "percent_covered": 43.47826086956522, "percent_covered_display": "43", "missing_lines": 26, "excluded_lines": 4}, "missing_lines": [30, 75, 76, 77, 96, 97, 98, 99, 103, 104, 105, 106, 107, 108, 110, 111, 112, 113, 115, 116, 117, 119, 128, 129, 130, 131], "excluded_lines": [18, 19, 21, 23]}}}, "src/priox/io/parsing/mappings.py": {"executed_lines": [1, 6, 7, 8, 10, 12, 20, 23, 24, 25, 29, 34, 36, 37, 40, 46, 72, 78, 79, 82, 83, 84, 85, 87, 88, 90, 91, 92, 94, 97, 115, 129, 134, 135, 136, 138, 139, 140, 143, 148, 149, 150, 152, 153], "summary": {"covered_lines": 43, "num_statements": 78, "percent_covered": 55.12820512820513, "percent_covered_display": "55", "missing_lines": 35, "excluded_lines": 0}, "missing_lines": [42, 43, 48, 49, 50, 51, 52, 53, 54, 55, 56, 57, 60, 61, 62, 63, 64, 65, 66, 67, 68, 69, 80, 103, 104, 105, 107, 108, 109, 112, 120, 121, 122, 124, 126], "excluded_lines": [], "functions": {"af_to_mpnn": {"executed_lines": [36, 37], "summary": {"covered_lines": 2, "num_statements": 2, "percent_covered": 100.0, "percent_covered_display": "100", "missing_lines": 0, "excluded_lines": 0}, "missing_lines": [], "excluded_lines": []}, "mpnn_to_af": {"executed_lines": [], "summary": {"covered_lines": 0, "num_statements": 2, "percent_covered": 0.0, "percent_covered_display": "0", "missing_lines": 2, "excluded_lines": 0}, "missing_lines": [42, 43], "excluded_lines": []}, "_check_if_file_empty": {"executed_lines": [], "summary": {"covered_lines": 0, "num_statements": 20, "percent_covered": 0.0, "percent_covered_display": "0", "missing_lines": 20, "excluded_lines": 0}, "missing_lines": [48, 49, 50, 51, 52, 53, 54, 55, 56, 57, 60, 61, 62, 63, 64, 65, 66, 67, 68, 69], "excluded_lines": []}, "string_key_to_index": {"executed_lines": [78, 79, 82, 83, 84, 85, 87, 88, 90, 91, 92, 94], "summary": {"covered_lines": 12, "num_statements": 13, "percent_covered": 92.3076923076923, "percent_covered_display": "92", "missing_lines": 1, "excluded_lines": 0}, "missing_lines": [80], "excluded_lines": []}, "string_to_protein_sequence": {"executed_lines": [], "summary": {"covered_lines": 0, "num_statements": 7, "percent_covered": 0.0, "percent_covered_display": "0", "missing_lines": 7, "excluded_lines": 0}, "missing_lines": [103, 104, 105, 107, 108, 109, 112], "excluded_lines": []}, "protein_sequence_to_string": {"executed_lines": [], "summary": {"covered_lines": 0, "num_statements": 5, "percent_covered": 0.0, "percent_covered_display": "0", "missing_lines": 5, "excluded_lines": 0}, "missing_lines": [120, 121, 122, 124, 126], "excluded_lines": []}, "residue_names_to_aatype": {"executed_lines": [134, 135, 136, 138, 139, 140], "summary": {"covered_lines": 6, "num_statements": 6, "percent_covered": 100.0, "percent_covered_display": "100", "missing_lines": 0, "excluded_lines": 0}, "missing_lines": [], "excluded_lines": []}, "atom_names_to_index": {"executed_lines": [148, 149, 150, 152, 153], "summary": {"covered_lines": 5, "num_statements": 5, "percent_covered": 100.0, "percent_covered_display": "100", "missing_lines": 0, "excluded_lines": 0}, "missing_lines": [], "excluded_lines": []}, "": {"executed_lines": [1, 6, 7, 8, 10, 12, 20, 23, 24, 25, 29, 34, 40, 46, 72, 97, 115, 129, 143], "summary": {"covered_lines": 18, "num_statements": 18, "percent_covered": 100.0, "percent_covered_display": "100", "missing_lines": 0, "excluded_lines": 0}, "missing_lines": [], "excluded_lines": []}}, "classes": {"": {"executed_lines": [1, 6, 7, 8, 10, 12, 20, 23, 24, 25, 29, 34, 36, 37, 40, 46, 72, 78, 79, 82, 83, 84, 85, 87, 88, 90, 91, 92, 94, 97, 115, 129, 134, 135, 136, 138, 139, 140, 143, 148, 149, 150, 152, 153], "summary": {"covered_lines": 43, "num_statements": 78, "percent_covered": 55.12820512820513, "percent_covered_display": "55", "missing_lines": 35, "excluded_lines": 0}, "missing_lines": [42, 43, 48, 49, 50, 51, 52, 53, 54, 55, 56, 57, 60, 61, 62, 63, 64, 65, 66, 67, 68, 69, 80, 103, 104, 105, 107, 108, 109, 112, 120, 121, 122, 124, 126], "excluded_lines": []}}}, "src/priox/io/parsing/mdtraj.py": {"executed_lines": [1, 3, 4, 5, 6, 8, 9, 10, 11, 12, 14, 15, 16, 20, 22, 24, 27, 52, 57, 62, 63, 64, 66, 67, 68, 69, 71, 77, 78, 80, 83, 144, 148, 152, 155, 159, 160, 161, 163, 164, 170, 171, 174, 175, 178, 179, 184, 188, 189, 190, 193, 194, 197, 198, 200, 203, 205, 206, 207, 209, 210, 211, 217, 218, 220, 221, 222, 225, 228, 235, 238, 239, 242, 245, 246, 255, 256, 261, 262, 263, 265, 272, 281, 282, 285, 286, 287, 288, 289, 290, 291, 293, 295, 297, 298, 302, 303, 306, 313, 316, 317, 319, 320, 322, 323, 324, 325, 327, 328, 330, 332, 333, 334, 335], "summary": {"covered_lines": 113, "num_statements": 189, "percent_covered": 59.78835978835979, "percent_covered_display": "60", "missing_lines": 76, "excluded_lines": 0}, "missing_lines": [33, 34, 35, 36, 38, 39, 40, 41, 42, 43, 44, 46, 47, 49, 58, 59, 60, 72, 73, 75, 88, 89, 90, 91, 92, 93, 94, 96, 97, 98, 99, 100, 101, 102, 105, 106, 107, 108, 109, 110, 112, 113, 114, 116, 117, 118, 119, 120, 121, 122, 124, 125, 126, 128, 130, 131, 133, 149, 150, 156, 157, 191, 212, 213, 214, 223, 224, 247, 248, 249, 250, 252, 292, 299, 300, 305], "excluded_lines": [], "functions": {"mdtraj_dihedrals": {"executed_lines": [], "summary": {"covered_lines": 0, "num_statements": 14, "percent_covered": 0.0, "percent_covered_display": "0", "missing_lines": 14, "excluded_lines": 0}, "missing_lines": [33, 34, 35, 36, 38, 39, 40, 41, 42, 43, 44, 46, 47, 49], "excluded_lines": []}, "_select_chain_mdtraj": {"executed_lines": [57, 62, 63, 64, 66, 67, 68, 69, 71, 77, 78, 80], "summary": {"covered_lines": 12, "num_statements": 18, "percent_covered": 66.66666666666667, "percent_covered_display": "67", "missing_lines": 6, "excluded_lines": 0}, "missing_lines": [58, 59, 60, 72, 73, 75], "excluded_lines": []}, "_extract_mdtraj_static_features": {"executed_lines": [], "summary": {"covered_lines": 0, "num_statements": 37, "percent_covered": 0.0, "percent_covered_display": "0", "missing_lines": 37, "excluded_lines": 0}, "missing_lines": [88, 89, 90, 91, 92, 93, 94, 96, 97, 98, 99, 100, 101, 102, 105, 106, 107, 108, 109, 110, 112, 113, 114, 116, 117, 118, 119, 120, 121, 122, 124, 125, 126, 128, 130, 131, 133], "excluded_lines": []}, "_mdtraj_to_atom_array": {"executed_lines": [148, 152, 155, 159, 160, 161, 163, 164, 170, 171, 174, 175, 178, 179, 184, 188, 193, 194, 197, 198, 200], "summary": {"covered_lines": 21, "num_statements": 25, "percent_covered": 84.0, "percent_covered_display": "84", "missing_lines": 4, "excluded_lines": 0}, "missing_lines": [149, 150, 156, 157], "excluded_lines": []}, "_mdtraj_to_atom_array.chain_idx_to_id": {"executed_lines": [189, 190], "summary": {"covered_lines": 2, "num_statements": 3, "percent_covered": 66.66666666666667, "percent_covered_display": "67", "missing_lines": 1, "excluded_lines": 0}, "missing_lines": [191], "excluded_lines": []}, "_add_hydrogens_if_needed": {"executed_lines": [205, 206, 207, 209, 210, 211, 217, 218, 220, 221, 222, 225], "summary": {"covered_lines": 12, "num_statements": 17, "percent_covered": 70.58823529411765, "percent_covered_display": "71", "missing_lines": 5, "excluded_lines": 0}, "missing_lines": [212, 213, 214, 223, 224], "excluded_lines": []}, "_process_mdtraj_chunk": {"executed_lines": [235, 238, 239, 242, 245, 246, 255, 256, 261, 262, 263, 265], "summary": {"covered_lines": 12, "num_statements": 17, "percent_covered": 70.58823529411765, "percent_covered_display": "71", "missing_lines": 5, "excluded_lines": 0}, "missing_lines": [247, 248, 249, 250, 252], "excluded_lines": []}, "parse_mdtraj_to_processed_structure": {"executed_lines": [281, 282, 285, 286, 287, 288, 289, 290, 291, 293, 295, 297, 298, 302, 303, 306, 313, 316, 317, 319, 320, 322, 323, 324, 325, 327, 328, 330, 332, 333, 334, 335], "summary": {"covered_lines": 32, "num_statements": 36, "percent_covered": 88.88888888888889, "percent_covered_display": "89", "missing_lines": 4, "excluded_lines": 0}, "missing_lines": [292, 299, 300, 305], "excluded_lines": []}, "": {"executed_lines": [1, 3, 4, 5, 6, 8, 9, 10, 11, 12, 14, 15, 16, 20, 22, 24, 27, 52, 83, 144, 203, 228, 272], "summary": {"covered_lines": 22, "num_statements": 22, "percent_covered": 100.0, "percent_covered_display": "100", "missing_lines": 0, "excluded_lines": 0}, "missing_lines": [], "excluded_lines": []}}, "classes": {"": {"executed_lines": [1, 3, 4, 5, 6, 8, 9, 10, 11, 12, 14, 15, 16, 20, 22, 24, 27, 52, 57, 62, 63, 64, 66, 67, 68, 69, 71, 77, 78, 80, 83, 144, 148, 152, 155, 159, 160, 161, 163, 164, 170, 171, 174, 175, 178, 179, 184, 188, 189, 190, 193, 194, 197, 198, 200, 203, 205, 206, 207, 209, 210, 211, 217, 218, 220, 221, 222, 225, 228, 235, 238, 239, 242, 245, 246, 255, 256, 261, 262, 263, 265, 272, 281, 282, 285, 286, 287, 288, 289, 290, 291, 293, 295, 297, 298, 302, 303, 306, 313, 316, 317, 319, 320, 322, 323, 324, 325, 327, 328, 330, 332, 333, 334, 335], "summary": {"covered_lines": 113, "num_statements": 189, "percent_covered": 59.78835978835979, "percent_covered_display": "60", "missing_lines": 76, "excluded_lines": 0}, "missing_lines": [33, 34, 35, 36, 38, 39, 40, 41, 42, 43, 44, 46, 47, 49, 58, 59, 60, 72, 73, 75, 88, 89, 90, 91, 92, 93, 94, 96, 97, 98, 99, 100, 101, 102, 105, 106, 107, 108, 109, 110, 112, 113, 114, 116, 117, 118, 119, 120, 121, 122, 124, 125, 126, 128, 130, 131, 133, 149, 150, 156, 157, 191, 212, 213, 214, 223, 224, 247, 248, 249, 250, 252, 292, 299, 300, 305], "excluded_lines": []}}}, "src/priox/io/parsing/physics_utils.py": {"executed_lines": [1, 7, 9, 10, 12, 13, 15, 18, 70], "summary": {"covered_lines": 8, "num_statements": 43, "percent_covered": 18.6046511627907, "percent_covered_display": "19", "missing_lines": 35, "excluded_lines": 0}, "missing_lines": [34, 35, 36, 37, 38, 39, 40, 42, 43, 44, 45, 48, 49, 51, 52, 53, 56, 57, 58, 59, 60, 61, 62, 64, 65, 67, 75, 76, 79, 88, 89, 90, 92, 93, 95], "excluded_lines": [], "functions": {"populate_physics_parameters": {"executed_lines": [], "summary": {"covered_lines": 0, "num_statements": 26, "percent_covered": 0.0, "percent_covered_display": "0", "missing_lines": 26, "excluded_lines": 0}, "missing_lines": [34, 35, 36, 37, 38, 39, 40, 42, 43, 44, 45, 48, 49, 51, 52, 53, 56, 57, 58, 59, 60, 61, 62, 64, 65, 67], "excluded_lines": []}, "_get_default_parameters": {"executed_lines": [], "summary": {"covered_lines": 0, "num_statements": 9, "percent_covered": 0.0, "percent_covered_display": "0", "missing_lines": 9, "excluded_lines": 0}, "missing_lines": [75, 76, 79, 88, 89, 90, 92, 93, 95], "excluded_lines": []}, "": {"executed_lines": [1, 7, 9, 10, 12, 13, 15, 18, 70], "summary": {"covered_lines": 8, "num_statements": 8, "percent_covered": 100.0, "percent_covered_display": "100", "missing_lines": 0, "excluded_lines": 0}, "missing_lines": [], "excluded_lines": []}}, "classes": {"": {"executed_lines": [1, 7, 9, 10, 12, 13, 15, 18, 70], "summary": {"covered_lines": 8, "num_statements": 43, "percent_covered": 18.6046511627907, "percent_covered_display": "19", "missing_lines": 35, "excluded_lines": 0}, "missing_lines": [34, 35, 36, 37, 38, 39, 40, 42, 43, 44, 45, 48, 49, 51, 52, 53, 56, 57, 58, 59, 60, 61, 62, 64, 65, 67, 75, 76, 79, 88, 89, 90, 92, 93, 95], "excluded_lines": []}}}, "src/priox/io/parsing/pqr.py": {"executed_lines": [1, 6, 7, 8, 9, 11, 12, 14, 15, 17, 19, 20, 23, 25, 26, 27, 28, 31, 38, 39, 40, 41, 42, 45, 48, 49, 50, 53, 54, 57, 58, 64, 77, 82, 83, 84, 85, 89, 92, 93, 94, 95, 96, 97, 98, 99, 100, 103, 107, 108, 109, 112, 113, 115, 116, 117, 118, 119, 120, 121, 122, 123, 125, 126, 127, 128, 131, 132, 133, 134, 135, 136, 137, 140, 145], "summary": {"covered_lines": 74, "num_statements": 85, "percent_covered": 87.05882352941177, "percent_covered_display": "87", "missing_lines": 11, "excluded_lines": 0}, "missing_lines": [32, 33, 34, 35, 36, 46, 60, 61, 62, 87, 110], "excluded_lines": [], "functions": {"_parse_atom_line": {"executed_lines": [25, 26, 27, 28, 31, 38, 39, 40, 41, 42, 45, 48, 49, 50, 53, 54, 57, 58, 64], "summary": {"covered_lines": 19, "num_statements": 28, "percent_covered": 67.85714285714286, "percent_covered_display": "68", "missing_lines": 9, "excluded_lines": 0}, "missing_lines": [32, 33, 34, 35, 36, 46, 60, 61, 62], "excluded_lines": []}, "parse_pqr_to_processed_structure": {"executed_lines": [82, 83, 84, 85, 89, 92, 93, 94, 95, 96, 97, 98, 99, 100, 103, 107, 108, 109, 112, 113, 115, 116, 117, 118, 119, 120, 121, 122, 123, 125, 126, 127, 128, 131, 132, 133, 134, 135, 136, 137, 140, 145], "summary": {"covered_lines": 42, "num_statements": 44, "percent_covered": 95.45454545454545, "percent_covered_display": "95", "missing_lines": 2, "excluded_lines": 0}, "missing_lines": [87, 110], "excluded_lines": []}, "": {"executed_lines": [1, 6, 7, 8, 9, 11, 12, 14, 15, 17, 19, 20, 23, 77], "summary": {"covered_lines": 13, "num_statements": 13, "percent_covered": 100.0, "percent_covered_display": "100", "missing_lines": 0, "excluded_lines": 0}, "missing_lines": [], "excluded_lines": []}}, "classes": {"": {"executed_lines": [1, 6, 7, 8, 9, 11, 12, 14, 15, 17, 19, 20, 23, 25, 26, 27, 28, 31, 38, 39, 40, 41, 42, 45, 48, 49, 50, 53, 54, 57, 58, 64, 77, 82, 83, 84, 85, 89, 92, 93, 94, 95, 96, 97, 98, 99, 100, 103, 107, 108, 109, 112, 113, 115, 116, 117, 118, 119, 120, 121, 122, 123, 125, 126, 127, 128, 131, 132, 133, 134, 135, 136, 137, 140, 145], "summary": {"covered_lines": 74, "num_statements": 85, "percent_covered": 87.05882352941177, "percent_covered_display": "87", "missing_lines": 11, "excluded_lines": 0}, "missing_lines": [32, 33, 34, 35, 36, 46, 60, 61, 62, 87, 110], "excluded_lines": []}}}, "src/priox/io/parsing/structures.py": {"executed_lines": [1, 3, 5, 6, 8, 13, 14, 15, 17, 18, 19, 20, 21, 22, 23], "summary": {"covered_lines": 12, "num_statements": 12, "percent_covered": 100.0, "percent_covered_display": "100", "missing_lines": 0, "excluded_lines": 3}, "missing_lines": [], "excluded_lines": [8, 9, 10], "functions": {"": {"executed_lines": [1, 3, 5, 6, 8, 13, 14, 15, 17, 18, 19, 20, 21, 22, 23], "summary": {"covered_lines": 12, "num_statements": 12, "percent_covered": 100.0, "percent_covered_display": "100", "missing_lines": 0, "excluded_lines": 3}, "missing_lines": [], "excluded_lines": [8, 9, 10]}}, "classes": {"ProcessedStructure": {"executed_lines": [], "summary": {"covered_lines": 0, "num_statements": 0, "percent_covered": 100.0, "percent_covered_display": "100", "missing_lines": 0, "excluded_lines": 0}, "missing_lines": [], "excluded_lines": []}, "": {"executed_lines": [1, 3, 5, 6, 8, 13, 14, 15, 17, 18, 19, 20, 21, 22, 23], "summary": {"covered_lines": 12, "num_statements": 12, "percent_covered": 100.0, "percent_covered_display": "100", "missing_lines": 0, "excluded_lines": 3}, "missing_lines": [], "excluded_lines": [8, 9, 10]}}}, "src/priox/io/parsing/utils.py": {"executed_lines": [1, 3, 4, 5, 7, 8, 18, 22, 23, 28, 32, 33, 35, 38, 40, 41, 42, 43, 44, 45, 48, 50, 51, 57, 61, 65, 66, 67, 76, 81, 82, 83, 84, 86, 88, 89, 91, 96, 101, 103, 104, 106, 107, 111, 112, 113, 119, 125, 126, 127, 129, 130, 131, 133, 134, 136, 137, 138, 143, 145, 150, 152, 155, 157, 158, 160, 162, 163, 166, 167, 168, 169, 171, 172, 174, 175, 177, 188, 192, 193, 194, 195, 196, 197, 205, 206, 216, 224, 225, 226, 227, 229, 266, 269, 287, 288, 289, 295, 296, 298, 299, 300, 301, 303, 304, 310, 311, 312, 314, 332, 333, 334, 335, 336, 338, 339, 340, 341], "summary": {"covered_lines": 117, "num_statements": 151, "percent_covered": 77.48344370860927, "percent_covered_display": "77", "missing_lines": 34, "excluded_lines": 0}, "missing_lines": [52, 53, 54, 62, 63, 72, 73, 92, 93, 94, 97, 98, 99, 109, 146, 147, 148, 208, 210, 211, 213, 230, 233, 237, 243, 244, 245, 246, 247, 248, 251, 252, 254, 262], "excluded_lines": [], "functions": {"_check_atom_array_length": {"executed_lines": [40, 41, 42, 43, 44, 45], "summary": {"covered_lines": 6, "num_statements": 6, "percent_covered": 100.0, "percent_covered_display": "100", "missing_lines": 0, "excluded_lines": 0}, "missing_lines": [], "excluded_lines": []}, "_validate_atom_array_type": {"executed_lines": [50, 51], "summary": {"covered_lines": 2, "num_statements": 5, "percent_covered": 40.0, "percent_covered_display": "40", "missing_lines": 3, "excluded_lines": 0}, "missing_lines": [52, 53, 54], "excluded_lines": []}, "_get_chain_index": {"executed_lines": [61, 65, 66, 67], "summary": {"covered_lines": 4, "num_statements": 8, "percent_covered": 50.0, "percent_covered_display": "50", "missing_lines": 4, "excluded_lines": 0}, "missing_lines": [62, 63, 72, 73], "excluded_lines": []}, "_process_chain_id": {"executed_lines": [81, 82, 83, 84, 86, 88, 89, 91, 96, 101, 103, 104, 106, 107, 111, 112, 113], "summary": {"covered_lines": 17, "num_statements": 24, "percent_covered": 70.83333333333333, "percent_covered_display": "71", "missing_lines": 7, "excluded_lines": 0}, "missing_lines": [92, 93, 94, 97, 98, 99, 109], "excluded_lines": []}, "_extract_biotite_static_features": {"executed_lines": [125, 126, 127, 129, 130, 131, 133, 134, 136, 137, 138, 143, 145, 150, 152, 155, 157, 158, 160, 162, 163, 166, 167, 168, 169, 171, 172, 174, 175, 177], "summary": {"covered_lines": 30, "num_statements": 33, "percent_covered": 90.9090909090909, "percent_covered_display": "91", "missing_lines": 3, "excluded_lines": 0}, "missing_lines": [146, 147, 148], "excluded_lines": []}, "atom_array_dihedrals": {"executed_lines": [192, 193, 194, 195, 196, 197, 205, 206], "summary": {"covered_lines": 8, "num_statements": 12, "percent_covered": 66.66666666666667, "percent_covered_display": "67", "missing_lines": 4, "excluded_lines": 0}, "missing_lines": [208, 210, 211, 213], "excluded_lines": []}, "_resolve_physics_parameters": {"executed_lines": [224, 225, 226, 227, 229, 266], "summary": {"covered_lines": 6, "num_statements": 19, "percent_covered": 31.57894736842105, "percent_covered_display": "32", "missing_lines": 13, "excluded_lines": 0}, "missing_lines": [230, 233, 237, 243, 244, 245, 246, 247, 248, 251, 252, 254, 262], "excluded_lines": []}, "processed_structure_to_protein_tuples": {"executed_lines": [287, 288, 289, 295, 296, 298, 332, 333, 334, 335, 336, 338, 339, 340, 341], "summary": {"covered_lines": 15, "num_statements": 15, "percent_covered": 100.0, "percent_covered_display": "100", "missing_lines": 0, "excluded_lines": 0}, "missing_lines": [], "excluded_lines": []}, "processed_structure_to_protein_tuples._yield_protein_tuple": {"executed_lines": [299, 300, 301, 303, 304, 310, 311, 312, 314], "summary": {"covered_lines": 9, "num_statements": 9, "percent_covered": 100.0, "percent_covered_display": "100", "missing_lines": 0, "excluded_lines": 0}, "missing_lines": [], "excluded_lines": []}, "": {"executed_lines": [1, 3, 4, 5, 7, 8, 18, 22, 23, 28, 32, 33, 35, 38, 48, 57, 76, 119, 188, 216, 269], "summary": {"covered_lines": 20, "num_statements": 20, "percent_covered": 100.0, "percent_covered_display": "100", "missing_lines": 0, "excluded_lines": 0}, "missing_lines": [], "excluded_lines": []}}, "classes": {"": {"executed_lines": [1, 3, 4, 5, 7, 8, 18, 22, 23, 28, 32, 33, 35, 38, 40, 41, 42, 43, 44, 45, 48, 50, 51, 57, 61, 65, 66, 67, 76, 81, 82, 83, 84, 86, 88, 89, 91, 96, 101, 103, 104, 106, 107, 111, 112, 113, 119, 125, 126, 127, 129, 130, 131, 133, 134, 136, 137, 138, 143, 145, 150, 152, 155, 157, 158, 160, 162, 163, 166, 167, 168, 169, 171, 172, 174, 175, 177, 188, 192, 193, 194, 195, 196, 197, 205, 206, 216, 224, 225, 226, 227, 229, 266, 269, 287, 288, 289, 295, 296, 298, 299, 300, 301, 303, 304, 310, 311, 312, 314, 332, 333, 334, 335, 336, 338, 339, 340, 341], "summary": {"covered_lines": 117, "num_statements": 151, "percent_covered": 77.48344370860927, "percent_covered_display": "77", "missing_lines": 34, "excluded_lines": 0}, "missing_lines": [52, 53, 54, 62, 63, 72, 73, 92, 93, 94, 97, 98, 99, 109, 146, 147, 148, 208, 210, 211, 213, 230, 233, 237, 243, 244, 245, 246, 247, 248, 251, 252, 254
[...]
", "missing_lines": 7, "excluded_lines": 0}, "missing_lines": [175, 176, 177, 178, 179, 180, 181], "excluded_lines": []}, "_apply_electrostatics_if_needed": {"executed_lines": [204, 205], "summary": {"covered_lines": 2, "num_statements": 10, "percent_covered": 20.0, "percent_covered_display": "20", "missing_lines": 8, "excluded_lines": 0}, "missing_lines": [214, 215, 216, 218, 219, 220, 223, 225], "excluded_lines": []}, "_apply_md_parameterization": {"executed_lines": [243, 244], "summary": {"covered_lines": 2, "num_statements": 20, "percent_covered": 10.0, "percent_covered_display": "10", "missing_lines": 18, "excluded_lines": 0}, "missing_lines": [247, 255, 256, 266, 267, 268, 269, 270, 272, 273, 305, 306, 307, 308, 310, 319, 348, 350], "excluded_lines": []}, "_pad_protein": {"executed_lines": [369, 370, 371, 374, 377, 378, 387, 436, 439, 481], "summary": {"covered_lines": 10, "num_statements": 32, "percent_covered": 31.25, "percent_covered_display": "31", "missing_lines": 22, "excluded_lines": 0}, "missing_lines": [379, 380, 381, 382, 383, 385, 440, 446, 447, 448, 449, 452, 453, 454, 455, 469, 471, 472, 473, 474, 475, 479], "excluded_lines": []}, "_pad_protein.pad_fn": {"executed_lines": [396, 398, 400, 401, 402, 427, 430, 431], "summary": {"covered_lines": 8, "num_statements": 13, "percent_covered": 61.53846153846154, "percent_covered_display": "62", "missing_lines": 5, "excluded_lines": 0}, "missing_lines": [397, 399, 403, 428, 433], "excluded_lines": []}, "_pad_protein.pad_array": {"executed_lines": [], "summary": {"covered_lines": 0, "num_statements": 3, "percent_covered": 0.0, "percent_covered_display": "0", "missing_lines": 3, "excluded_lines": 0}, "missing_lines": [441, 442, 443], "excluded_lines": []}, "_stack_padded_proteins": {"executed_lines": [497, 509], "summary": {"covered_lines": 2, "num_statements": 2, "percent_covered": 100.0, "percent_covered_display": "100", "missing_lines": 0, "excluded_lines": 0}, "missing_lines": [], "excluded_lines": []}, "_stack_padded_proteins.stack_fn": {"executed_lines": [499, 500, 502, 503, 505, 507], "summary": {"covered_lines": 6, "num_statements": 9, "percent_covered": 66.66666666666667, "percent_covered_display": "67", "missing_lines": 3, "excluded_lines": 0}, "missing_lines": [501, 504, 506], "excluded_lines": []}, "pad_and_collate_proteins": {"executed_lines": [551, 552, 579, 584, 587, 590, 591, 604, 605], "summary": {"covered_lines": 9, "num_statements": 20, "percent_covered": 45.0, "percent_covered_display": "45", "missing_lines": 11, "excluded_lines": 0}, "missing_lines": [592, 593, 594, 595, 596, 597, 598, 599, 600, 601, 602], "excluded_lines": []}, "": {"executed_lines": [1, 7, 8, 10, 11, 12, 14, 15, 16, 17, 18, 20, 22, 25, 86, 153, 185, 228, 353, 484, 512], "summary": {"covered_lines": 20, "num_statements": 20, "percent_covered": 100.0, "percent_covered_display": "100", "missing_lines": 0, "excluded_lines": 0}, "missing_lines": [], "excluded_lines": []}}, "classes": {"": {"executed_lines": [1, 7, 8, 10, 11, 12, 14, 15, 16, 17, 18, 20, 22, 25, 86, 153, 168, 169, 170, 171, 173, 174, 182, 185, 204, 205, 228, 243, 244, 353, 369, 370, 371, 374, 377, 378, 387, 396, 398, 400, 401, 402, 427, 430, 431, 436, 439, 481, 484, 497, 499, 500, 502, 503, 505, 507, 509, 512, 551, 552, 579, 584, 587, 590, 591, 604, 605], "summary": {"covered_lines": 66, "num_statements": 192, "percent_covered": 34.375, "percent_covered_display": "34", "missing_lines": 126, "excluded_lines": 0}, "missing_lines": [41, 42, 44, 45, 46, 48, 49, 50, 51, 53, 54, 56, 58, 59, 60, 62, 63, 64, 66, 115, 116, 117, 118, 120, 121, 122, 123, 124, 125, 126, 127, 128, 130, 132, 133, 134, 135, 137, 138, 139, 141, 142, 143, 144, 145, 147, 148, 149, 150, 175, 176, 177, 178, 179, 180, 181, 214, 215, 216, 218, 219, 220, 223, 225, 247, 255, 256, 266, 267, 268, 269, 270, 272, 273, 305, 306, 307, 308, 310, 319, 348, 350, 379, 380, 381, 382, 383, 385, 397, 399, 403, 428, 433, 440, 441, 442, 443, 446, 447, 448, 449, 452, 453, 454, 455, 469, 471, 472, 473, 474, 475, 479, 501, 504, 506, 592, 593, 594, 595, 596, 597, 598, 599, 600, 601, 602], "excluded_lines": []}}}, "src/priox/physics/constants.py": {"executed_lines": [1, 3, 7, 8, 11, 15, 18, 19, 22, 23, 24, 25, 28, 29, 32, 33, 34, 35, 36], "summary": {"covered_lines": 18, "num_statements": 18, "percent_covered": 100.0, "percent_covered_display": "100", "missing_lines": 0, "excluded_lines": 0}, "missing_lines": [], "excluded_lines": [], "functions": {"": {"executed_lines": [1, 3, 7, 8, 11, 15, 18, 19, 22, 23, 24, 25, 28, 29, 32, 33, 34, 35, 36], "summary": {"covered_lines": 18, "num_statements": 18, "percent_covered": 100.0, "percent_covered_display": "100", "missing_lines": 0, "excluded_lines": 0}, "missing_lines": [], "excluded_lines": []}}, "classes": {"": {"executed_lines": [1, 3, 7, 8, 11, 15, 18, 19, 22, 23, 24, 25, 28, 29, 32, 33, 34, 35, 36], "summary": {"covered_lines": 18, "num_statements": 18, "percent_covered": 100.0, "percent_covered_display": "100", "missing_lines": 0, "excluded_lines": 0}, "missing_lines": [], "excluded_lines": []}}}, "src/priox/physics/electrostatics.py": {"executed_lines": [1, 3, 5, 7, 8, 9, 11, 14, 37, 38, 41, 42, 45, 82, 121, 122, 159, 161, 164, 165, 167, 168, 169, 171, 174, 223, 226, 227, 229, 234, 243, 244, 247, 248, 250], "summary": {"covered_lines": 34, "num_statements": 45, "percent_covered": 75.55555555555556, "percent_covered_display": "76", "missing_lines": 11, "excluded_lines": 0}, "missing_lines": [70, 71, 73, 75, 76, 77, 79, 107, 118, 245, 246], "excluded_lines": [], "functions": {"compute_pairwise_displacements": {"executed_lines": [37, 38, 41, 42], "summary": {"covered_lines": 4, "num_statements": 4, "percent_covered": 100.0, "percent_covered_display": "100", "missing_lines": 0, "excluded_lines": 0}, "missing_lines": [], "excluded_lines": []}, "compute_coulomb_potential": {"executed_lines": [], "summary": {"covered_lines": 0, "num_statements": 7, "percent_covered": 0.0, "percent_covered_display": "0", "missing_lines": 7, "excluded_lines": 0}, "missing_lines": [70, 71, 73, 75, 76, 77, 79], "excluded_lines": []}, "compute_coulomb_forces_from_positions": {"executed_lines": [], "summary": {"covered_lines": 0, "num_statements": 2, "percent_covered": 0.0, "percent_covered_display": "0", "missing_lines": 2, "excluded_lines": 0}, "missing_lines": [107, 118], "excluded_lines": []}, "compute_coulomb_forces": {"executed_lines": [159, 161, 164, 165, 167, 168, 169, 171], "summary": {"covered_lines": 8, "num_statements": 8, "percent_covered": 100.0, "percent_covered_display": "100", "missing_lines": 0, "excluded_lines": 0}, "missing_lines": [], "excluded_lines": []}, "compute_coulomb_forces_at_backbone": {"executed_lines": [223, 226, 227, 229, 234, 243, 244, 247, 248, 250], "summary": {"covered_lines": 10, "num_statements": 12, "percent_covered": 83.33333333333333, "percent_covered_display": "83", "missing_lines": 2, "excluded_lines": 0}, "missing_lines": [245, 246], "excluded_lines": []}, "": {"executed_lines": [1, 3, 5, 7, 8, 9, 11, 14, 45, 82, 121, 122, 174], "summary": {"covered_lines": 12, "num_statements": 12, "percent_covered": 100.0, "percent_covered_display": "100", "missing_lines": 0, "excluded_lines": 0}, "missing_lines": [], "excluded_lines": []}}, "classes": {"": {"executed_lines": [1, 3, 5, 7, 8, 9, 11, 14, 37, 38, 41, 42, 45, 82, 121, 122, 159, 161, 164, 165, 167, 168, 169, 171, 174, 223, 226, 227, 229, 234, 243, 244, 247, 248, 250], "summary": {"covered_lines": 34, "num_statements": 45, "percent_covered": 75.55555555555556, "percent_covered_display": "76", "missing_lines": 11, "excluded_lines": 0}, "missing_lines": [70, 71, 73, 75, 76, 77, 79, 107, 118, 245, 246], "excluded_lines": []}}}, "src/priox/physics/features.py": {"executed_lines": [1, 3, 5, 7, 8, 10, 11, 12, 13, 14, 16, 22, 39, 40, 42, 44, 45, 47, 50, 51, 57, 113, 133, 134, 136, 141, 142, 143, 145, 154, 160, 171, 172, 173, 175, 176, 177, 179, 182, 183, 185, 187, 196, 250, 288, 313, 314, 315, 317, 319, 320, 321, 322, 323, 324, 326, 327, 329, 330, 332, 333, 334, 336], "summary": {"covered_lines": 61, "num_statements": 91, "percent_covered": 67.03296703296704, "percent_covered_display": "67", "missing_lines": 30, "excluded_lines": 3}, "missing_lines": [53, 54, 105, 106, 107, 109, 110, 111, 218, 219, 221, 225, 227, 228, 230, 231, 233, 244, 261, 262, 263, 265, 266, 267, 269, 272, 273, 274, 276, 278], "excluded_lines": [16, 17, 19], "functions": {"_resolve_sigma": {"executed_lines": [39, 40, 42, 44, 45, 47, 50, 51], "summary": {"covered_lines": 8, "num_statements": 10, "percent_covered": 80.0, "percent_covered_display": "80", "missing_lines": 2, "excluded_lines": 0}, "missing_lines": [53, 54], "excluded_lines": []}, "compute_electrostatic_node_features": {"executed_lines": [171, 172, 173, 175, 176, 177, 179, 182, 183, 185, 187], "summary": {"covered_lines": 11, "num_statements": 11, "percent_covered": 100.0, "percent_covered_display": "100", "missing_lines": 0, "excluded_lines": 0}, "missing_lines": [], "excluded_lines": []}, "_compute_electrostatic_features_raw": {"executed_lines": [133, 134, 136, 141, 142, 143, 145, 154], "summary": {"covered_lines": 8, "num_statements": 8, "percent_covered": 100.0, "percent_covered_display": "100", "missing_lines": 0, "excluded_lines": 0}, "missing_lines": [], "excluded_lines": []}, "_compute_vdw_features_raw": {"executed_lines": [], "summary": {"covered_lines": 0, "num_statements": 10, "percent_covered": 0.0, "percent_covered_display": "0", "missing_lines": 10, "excluded_lines": 0}, "missing_lines": [218, 219, 221, 225, 227, 228, 230, 231, 233, 244], "excluded_lines": []}, "compute_vdw_node_features": {"executed_lines": [], "summary": {"covered_lines": 0, "num_statements": 12, "percent_covered": 0.0, "percent_covered_display": "0", "missing_lines": 12, "excluded_lines": 0}, "missing_lines": [261, 262, 263, 265, 266, 267, 269, 272, 273, 274, 276, 278], "excluded_lines": []}, "compute_electrostatic_features_batch": {"executed_lines": [313, 314, 315, 317, 319, 320, 321, 322, 323, 324, 326, 327, 329, 330, 332, 333, 334, 336], "summary": {"covered_lines": 18, "num_statements": 18, "percent_covered": 100.0, "percent_covered_display": "100", "missing_lines": 0, "excluded_lines": 0}, "missing_lines": [], "excluded_lines": []}, "": {"executed_lines": [1, 3, 5, 7, 8, 10, 11, 12, 13, 14, 16, 22, 57, 113, 160, 196, 250, 288], "summary": {"covered_lines": 16, "num_statements": 16, "percent_covered": 100.0, "percent_covered_display": "100", "missing_lines": 0, "excluded_lines": 3}, "missing_lines": [], "excluded_lines": [16, 17, 19]}}, "classes": {"": {"executed_lines": [1, 3, 5, 7, 8, 10, 11, 12, 13, 14, 16, 22, 39, 40, 42, 44, 45, 47, 50, 51, 57, 113, 133, 134, 136, 141, 142, 143, 145, 154, 160, 171, 172, 173, 175, 176, 177, 179, 182, 183, 185, 187, 196, 250, 288, 313, 314, 315, 317, 319, 320, 321, 322, 323, 324, 326, 327, 329, 330, 332, 333, 334, 336], "summary": {"covered_lines": 61, "num_statements": 91, "percent_covered": 67.03296703296704, "percent_covered_display": "67", "missing_lines": 30, "excluded_lines": 3}, "missing_lines": [53, 54, 105, 106, 107, 109, 110, 111, 218, 219, 221, 225, 227, 228, 230, 231, 233, 244, 261, 262, 263, 265, 266, 267, 269, 272, 273, 274, 276, 278], "excluded_lines": [16, 17, 19]}}}, "src/priox/physics/projections.py": {"executed_lines": [1, 3, 5, 6, 8, 11, 43, 44, 46, 47, 49, 50, 51, 53, 57, 58, 59, 60, 61, 62, 64, 65, 66, 71, 74, 116, 117, 118, 119, 121, 122, 124, 128, 139, 141, 142, 143, 146, 170, 172, 183, 185, 189, 190, 194], "summary": {"covered_lines": 44, "num_statements": 44, "percent_covered": 100.0, "percent_covered_display": "100", "missing_lines": 0, "excluded_lines": 0}, "missing_lines": [], "excluded_lines": [], "functions": {"compute_backbone_frame": {"executed_lines": [43, 46, 49, 53, 64, 65, 66, 71], "summary": {"covered_lines": 8, "num_statements": 8, "percent_covered": 100.0, "percent_covered_display": "100", "missing_lines": 0, "excluded_lines": 0}, "missing_lines": [], "excluded_lines": []}, "compute_backbone_frame.get_atom": {"executed_lines": [44], "summary": {"covered_lines": 1, "num_statements": 1, "percent_covered": 100.0, "percent_covered_display": "100", "missing_lines": 0, "excluded_lines": 0}, "missing_lines": [], "excluded_lines": []}, "compute_backbone_frame.get_bond_vector": {"executed_lines": [47], "summary": {"covered_lines": 1, "num_statements": 1, "percent_covered": 100.0, "percent_covered_display": "100", "missing_lines": 0, "excluded_lines": 0}, "missing_lines": [], "excluded_lines": []}, "compute_backbone_frame.normalize_bond_vector": {"executed_lines": [50, 51], "summary": {"covered_lines": 2, "num_statements": 2, "percent_covered": 100.0, "percent_covered_display": "100", "missing_lines": 0, "excluded_lines": 0}, "missing_lines": [], "excluded_lines": []}, "compute_backbone_frame.get_normal_plane_vector": {"executed_lines": [57, 58, 59, 60, 61, 62], "summary": {"covered_lines": 6, "num_statements": 6, "percent_covered": 100.0, "percent_covered_display": "100", "missing_lines": 0, "excluded_lines": 0}, "missing_lines": [], "excluded_lines": []}, "project_forces_onto_backbone": {"executed_lines": [116, 117, 118, 119, 121, 122, 124, 128, 141, 142, 143], "summary": {"covered_lines": 11, "num_statements": 11, "percent_covered": 100.0, "percent_covered_display": "100", "missing_lines": 0, "excluded_lines": 0}, "missing_lines": [], "excluded_lines": []}, "project_forces_onto_backbone.project_residue": {"executed_lines": [139], "summary": {"covered_lines": 1, "num_statements": 1, "percent_covered": 100.0, "percent_covered_display": "100", "missing_lines": 0, "excluded_lines": 0}, "missing_lines": [], "excluded_lines": []}, "project_forces_onto_backbone_per_atom": {"executed_lines": [170, 172, 185, 189, 190, 194], "summary": {"covered_lines": 6, "num_statements": 6, "percent_covered": 100.0, "percent_covered_display": "100", "missing_lines": 0, "excluded_lines": 0}, "missing_lines": [], "excluded_lines": []}, "project_forces_onto_backbone_per_atom.project_per_residue": {"executed_lines": [183], "summary": {"covered_lines": 1, "num_statements": 1, "percent_covered": 100.0, "percent_covered_display": "100", "missing_lines": 0, "excluded_lines": 0}, "missing_lines": [], "excluded_lines": []}, "": {"executed_lines": [1, 3, 5, 6, 8, 11, 74, 146], "summary": {"covered_lines": 7, "num_statements": 7, "percent_covered": 100.0, "percent_covered_display": "100", "missing_lines": 0, "excluded_lines": 0}, "missing_lines": [], "excluded_lines": []}}, "classes": {"": {"executed_lines": [1, 3, 5, 6, 8, 11, 43, 44, 46, 47, 49, 50, 51, 53, 57, 58, 59, 60, 61, 62, 64, 65, 66, 71, 74, 116, 117, 118, 119, 121, 122, 124, 128, 139, 141, 142, 143, 146, 170, 172, 183, 185, 189, 190, 194], "summary": {"covered_lines": 44, "num_statements": 44, "percent_covered": 100.0, "percent_covered_display": "100", "missing_lines": 0, "excluded_lines": 0}, "missing_lines": [], "excluded_lines": []}}}, "src/priox/physics/vdw.py": {"executed_lines": [1, 3, 5, 7, 8, 10, 11, 14, 57, 58, 59, 62, 94, 102, 123, 126, 147, 148, 149, 150, 153, 159, 160, 161, 164, 182, 183, 185, 186, 189, 191, 194, 197, 233, 234, 237, 283, 284, 287, 288, 337, 344, 351, 352, 353, 354, 355, 358, 389, 395, 401, 402, 405, 455, 457, 458, 459, 461, 466, 475, 482, 485, 513, 514, 515, 516, 518, 523, 532], "summary": {"covered_lines": 68, "num_statements": 75, "percent_covered": 90.66666666666667, "percent_covered_display": "91", "missing_lines": 7, "excluded_lines": 0}, "missing_lines": [187, 192, 476, 477, 478, 479, 480], "excluded_lines": [], "functions": {"combine_lj_parameters": {"executed_lines": [57, 58, 59], "summary": {"covered_lines": 3, "num_statements": 3, "percent_covered": 100.0, "percent_covered_display": "100", "missing_lines": 0, "excluded_lines": 0}, "missing_lines": [], "excluded_lines": []}, "broadcast_and_combine_lj_parameters": {"executed_lines": [94], "summary": {"covered_lines": 1, "num_statements": 1, "percent_covered": 100.0, "percent_covered_display": "100", "missing_lines": 0, "excluded_lines": 0}, "missing_lines": [], "excluded_lines": []}, "clamp_distances": {"executed_lines": [123], "summary": {"covered_lines": 1, "num_statements": 1, "percent_covered": 100.0, "percent_covered_display": "100", "missing_lines": 0, "excluded_lines": 0}, "missing_lines": [], "excluded_lines": []}, "compute_inverse_powers": {"executed_lines": [147, 148, 149, 150], "summary": {"covered_lines": 4, "num_statements": 4, "percent_covered": 100.0, "percent_covered_display": "100", "missing_lines": 0, "excluded_lines": 0}, "missing_lines": [], "excluded_lines": []}, "sigma_over_r": {"executed_lines": [159, 160, 161], "summary": {"covered_lines": 3, "num_statements": 3, "percent_covered": 100.0, "percent_covered_display": "100", "missing_lines": 0, "excluded_lines": 0}, "missing_lines": [], "excluded_lines": []}, "apply_self_exclusion": {"executed_lines": [182, 183, 185, 186, 189, 191, 194], "summary": {"covered_lines": 7, "num_statements": 9, "percent_covered": 77.77777777777777, "percent_covered_display": "78", "missing_lines": 2, "excluded_lines": 0}, "missing_lines": [187, 192], "excluded_lines": []}, "compute_lj_energy_pairwise": {"executed_lines": [233, 234], "summary": {"covered_lines": 2, "num_statements": 2, "percent_covered": 100.0, "percent_covered_display": "100", "missing_lines": 0, "excluded_lines": 0}, "missing_lines": [], "excluded_lines": []}, "compute_lj_force_magnitude_pairwise": {"executed_lines": [283, 284], "summary": {"covered_lines": 2, "num_statements": 2, "percent_covered": 100.0, "percent_covered_display": "100", "missing_lines": 0, "excluded_lines": 0}, "missing_lines": [], "excluded_lines": []}, "compute_lj_forces": {"executed_lines": [337, 344, 351, 352, 353, 354, 355], "summary": {"covered_lines": 7, "num_statements": 7, "percent_covered": 100.0, "percent_covered_display": "100", "missing_lines": 0, "excluded_lines": 0}, "missing_lines": [], "excluded_lines": []}, "compute_lj_energy_at_positions": {"executed_lines": [389, 395, 401, 402], "summary": {"covered_lines": 4, "num_statements": 4, "percent_covered": 100.0, "percent_covered_display": "100", "missing_lines": 0, "excluded_lines": 0}, "missing_lines": [], "excluded_lines": []}, "compute_lj_forces_at_backbone": {"executed_lines": [455, 457, 458, 459, 461, 466, 475, 482], "summary": {"covered_lines": 8, "num_statements": 13, "percent_covered": 61.53846153846154, "percent_covered_display": "62", "missing_lines": 5, "excluded_lines": 0}, "missing_lines": [476, 477, 478, 479, 480], "excluded_lines": []}, "compute_lj_energy_at_backbone": {"executed_lines": [513, 514, 515, 516, 518, 523, 532], "summary": {"covered_lines": 7, "num_statements": 7, "percent_covered": 100.0, "percent_covered_display": "100", "missing_lines": 0, "excluded_lines": 0}, "missing_lines": [], "excluded_lines": []}, "": {"executed_lines": [1, 3, 5, 7, 8, 10, 11, 14, 62, 102, 126, 153, 164, 197, 237, 287, 288, 358, 405, 485], "summary": {"covered_lines": 19, "num_statements": 19, "percent_covered": 100.0, "percent_covered_display": "100", "missing_lines": 0, "excluded_lines": 0}, "missing_lines": [], "excluded_lines": []}}, "classes": {"": {"executed_lines": [1, 3, 5, 7, 8, 10, 11, 14, 57, 58, 59, 62, 94, 102, 123, 126, 147, 148, 149, 150, 153, 159, 160, 161, 164, 182, 183, 185, 186, 189, 191, 194, 197, 233, 234, 237, 283, 284, 287, 288, 337, 344, 351, 352, 353, 354, 355, 358, 389, 395, 401, 402, 405, 455, 457, 458, 459, 461, 466, 475, 482, 485, 513, 514, 515, 516, 518, 523, 532], "summary": {"covered_lines": 68, "num_statements": 75, "percent_covered": 90.66666666666667, "percent_covered_display": "91", "missing_lines": 7, "excluded_lines": 0}, "missing_lines": [187, 192, 476, 477, 478, 479, 480], "excluded_lines": []}}}}, "totals": {"covered_lines": 2238, "num_statements": 3536, "percent_covered": 63.29185520361991, "percent_covered_display": "63", "missing_lines": 1298, "excluded_lines": 28}}